2020-11-24 21:20:41,650 INFO  [http-nio-8080-exec-1] com.jda.dcro.orderopt.controller.OrderOptEngineTestController Started testing Recal order  [testRecalculateOrder:110 {correlationid=f0a64dea-fe26-4f13-9f2a-cb3a5ef83cd5}] 
2020-11-24 21:20:41,650 DEBUG [http-nio-8080-exec-1] com.jda.dcro.orderopt.common.JSONUtils Validating order place date  [isValidOrderPlaceDate:297 {correlationid=f0a64dea-fe26-4f13-9f2a-cb3a5ef83cd5}] 
2020-11-24 21:20:41,653 DEBUG [http-nio-8080-exec-1] com.jda.dcro.orderopt.common.JSONUtils [SECURITY AUDIT -> /dcro/com.jda.dcro.orderopt.common.JSONUtils] Order place date specified is 2006-10-30 [log:81 {correlationid=f0a64dea-fe26-4f13-9f2a-cb3a5ef83cd5}] 
2020-11-24 21:20:41,654 INFO  [http-nio-8080-exec-1] com.jda.dcro.orderopt.nodeservices.OrderBuilderNode Initialize for Online action [executeOnlineAction:211 {correlationid=f0a64dea-fe26-4f13-9f2a-cb3a5ef83cd5}] 
2020-11-24 21:20:41,654 INFO  [http-nio-8080-exec-1] com.jda.dcro.orderopt.nodeservices.OrderBuilderNode initilizing the pipeline  [initializePipeline:242 {correlationid=f0a64dea-fe26-4f13-9f2a-cb3a5ef83cd5}] 
2020-11-24 21:20:41,654 INFO  [http-nio-8080-exec-1] com.jda.dcro.orderopt.nodeservices.OrderBuilderReaderRunner Started creating tvqParquetFactory with required TVQ classes and initializing TVQ classes [initialize:160 {correlationid=f0a64dea-fe26-4f13-9f2a-cb3a5ef83cd5}] 
2020-11-24 21:20:41,655 DEBUG [http-nio-8080-exec-1] com.jda.dcro.orderopt.nodeservices.OrderBuilderReaderRunner Done with loading tvqParquetFactory with required TVQ classes, and started initializing the TVQParquet factory  [initialize:164 {correlationid=f0a64dea-fe26-4f13-9f2a-cb3a5ef83cd5}] 
2020-11-24 21:20:41,655 DEBUG [http-nio-8080-exec-1] com.jda.dcro.orderopt.common.busprim.tvq.TVQParquetFactory Initialising non primitive TVQ com.jda.dcro.orderopt.common.tvq.composite.DmdTotalOrderOptTVQ  [storeRequirements:177 {correlationid=f0a64dea-fe26-4f13-9f2a-cb3a5ef83cd5}] 
2020-11-24 21:20:41,655 DEBUG [http-nio-8080-exec-1] com.jda.dcro.orderopt.common.busprim.tvq.TVQParquetFactory Recursivly processing non primitive TVQ com.jda.dcro.orderopt.common.tvq.composite.DmdTotalOrderOptTVQ. ,with all required TVQ by this TVQ  [storeNonPrimitiveTVQ:239 {correlationid=f0a64dea-fe26-4f13-9f2a-cb3a5ef83cd5}] 
2020-11-24 21:20:41,655 DEBUG [http-nio-8080-exec-1] com.jda.dcro.orderopt.common.busprim.tvq.TVQParquetFactory Initialising primitive TVQ com.jda.dcro.orderopt.common.tvq.primitive.DistributionDemandTVQ  [storeRequirements:174 {correlationid=f0a64dea-fe26-4f13-9f2a-cb3a5ef83cd5}] 
2020-11-24 21:20:41,655 DEBUG [http-nio-8080-exec-1] com.jda.dcro.orderopt.common.busprim.tvq.TVQParquetFactory primitive TVQ com.jda.dcro.orderopt.common.tvq.primitive.DistributionDemandTVQ. ,has its own parquet true.   [storePrimitiveTVQ:211 {correlationid=f0a64dea-fe26-4f13-9f2a-cb3a5ef83cd5}] 
2020-11-24 21:20:41,655 DEBUG [http-nio-8080-exec-1] com.jda.dcro.orderopt.common.busprim.tvq.TVQParquetFactory Initialising non primitive TVQ com.jda.dcro.orderopt.common.tvq.composite.DemandIgnoredOrdOptAlgTVQ  [storeRequirements:177 {correlationid=f0a64dea-fe26-4f13-9f2a-cb3a5ef83cd5}] 
2020-11-24 21:20:41,655 DEBUG [http-nio-8080-exec-1] com.jda.dcro.orderopt.common.busprim.tvq.TVQParquetFactory Recursivly processing non primitive TVQ com.jda.dcro.orderopt.common.tvq.composite.DemandIgnoredOrdOptAlgTVQ. ,with all required TVQ by this TVQ  [storeNonPrimitiveTVQ:239 {correlationid=f0a64dea-fe26-4f13-9f2a-cb3a5ef83cd5}] 
2020-11-24 21:20:41,656 DEBUG [http-nio-8080-exec-1] com.jda.dcro.orderopt.common.busprim.tvq.TVQParquetFactory Initialising primitive TVQ com.jda.dcro.orderopt.common.tvq.primitive.SchedRcptTVQ  [storeRequirements:174 {correlationid=f0a64dea-fe26-4f13-9f2a-cb3a5ef83cd5}] 
2020-11-24 21:20:41,656 DEBUG [http-nio-8080-exec-1] com.jda.dcro.orderopt.common.busprim.tvq.TVQParquetFactory primitive TVQ com.jda.dcro.orderopt.common.tvq.primitive.SchedRcptTVQ. ,has its own parquet true.   [storePrimitiveTVQ:211 {correlationid=f0a64dea-fe26-4f13-9f2a-cb3a5ef83cd5}] 
2020-11-24 21:20:41,656 DEBUG [http-nio-8080-exec-1] com.jda.dcro.orderopt.common.busprim.tvq.TVQParquetFactory Initialising primitive TVQ com.jda.dcro.orderopt.common.tvq.primitive.InventoryTVQ  [storeRequirements:174 {correlationid=f0a64dea-fe26-4f13-9f2a-cb3a5ef83cd5}] 
2020-11-24 21:20:41,656 DEBUG [http-nio-8080-exec-1] com.jda.dcro.orderopt.common.busprim.tvq.TVQParquetFactory primitive TVQ com.jda.dcro.orderopt.common.tvq.primitive.InventoryTVQ. ,has its own parquet false.   [storePrimitiveTVQ:211 {correlationid=f0a64dea-fe26-4f13-9f2a-cb3a5ef83cd5}] 
2020-11-24 21:20:41,656 DEBUG [http-nio-8080-exec-1] com.jda.dcro.orderopt.common.busprim.tvq.TVQParquetFactory Initialising non primitive TVQ com.jda.dcro.orderopt.common.tvq.composite.DemandIgnorableTVQ  [storeRequirements:177 {correlationid=f0a64dea-fe26-4f13-9f2a-cb3a5ef83cd5}] 
2020-11-24 21:20:41,656 DEBUG [http-nio-8080-exec-1] com.jda.dcro.orderopt.common.busprim.tvq.TVQParquetFactory Recursivly processing non primitive TVQ com.jda.dcro.orderopt.common.tvq.composite.DemandIgnorableTVQ. ,with all required TVQ by this TVQ  [storeNonPrimitiveTVQ:239 {correlationid=f0a64dea-fe26-4f13-9f2a-cb3a5ef83cd5}] 
2020-11-24 21:20:41,656 DEBUG [http-nio-8080-exec-1] com.jda.dcro.orderopt.common.busprim.tvq.TVQParquetFactory Initialising primitive TVQ com.jda.dcro.orderopt.common.tvq.primitive.DistributionDemandTVQ  [storeRequirements:174 {correlationid=f0a64dea-fe26-4f13-9f2a-cb3a5ef83cd5}] 
2020-11-24 21:20:41,656 DEBUG [http-nio-8080-exec-1] com.jda.dcro.orderopt.common.busprim.tvq.TVQParquetFactory primitive TVQ com.jda.dcro.orderopt.common.tvq.primitive.DistributionDemandTVQ. ,has its own parquet true.   [storePrimitiveTVQ:211 {correlationid=f0a64dea-fe26-4f13-9f2a-cb3a5ef83cd5}] 
2020-11-24 21:20:41,656 DEBUG [http-nio-8080-exec-1] com.jda.dcro.orderopt.common.busprim.tvq.TVQParquetFactory Initialising non primitive TVQ com.jda.dcro.orderopt.common.tvq.composite.SupplyTotalOrderOptTVQ  [storeRequirements:177 {correlationid=f0a64dea-fe26-4f13-9f2a-cb3a5ef83cd5}] 
2020-11-24 21:20:41,656 DEBUG [http-nio-8080-exec-1] com.jda.dcro.orderopt.common.busprim.tvq.TVQParquetFactory Recursivly processing non primitive TVQ com.jda.dcro.orderopt.common.tvq.composite.SupplyTotalOrderOptTVQ. ,with all required TVQ by this TVQ  [storeNonPrimitiveTVQ:239 {correlationid=f0a64dea-fe26-4f13-9f2a-cb3a5ef83cd5}] 
2020-11-24 21:20:41,657 DEBUG [http-nio-8080-exec-1] com.jda.dcro.orderopt.common.busprim.tvq.TVQParquetFactory Initialising primitive TVQ com.jda.dcro.orderopt.common.tvq.primitive.InventoryTVQ  [storeRequirements:174 {correlationid=f0a64dea-fe26-4f13-9f2a-cb3a5ef83cd5}] 
2020-11-24 21:20:41,657 DEBUG [http-nio-8080-exec-1] com.jda.dcro.orderopt.common.busprim.tvq.TVQParquetFactory primitive TVQ com.jda.dcro.orderopt.common.tvq.primitive.InventoryTVQ. ,has its own parquet false.   [storePrimitiveTVQ:211 {correlationid=f0a64dea-fe26-4f13-9f2a-cb3a5ef83cd5}] 
2020-11-24 21:20:41,657 DEBUG [http-nio-8080-exec-1] com.jda.dcro.orderopt.common.busprim.tvq.TVQParquetFactory Initialising primitive TVQ com.jda.dcro.orderopt.common.tvq.primitive.SchedRcptTVQ  [storeRequirements:174 {correlationid=f0a64dea-fe26-4f13-9f2a-cb3a5ef83cd5}] 
2020-11-24 21:20:41,657 DEBUG [http-nio-8080-exec-1] com.jda.dcro.orderopt.common.busprim.tvq.TVQParquetFactory primitive TVQ com.jda.dcro.orderopt.common.tvq.primitive.SchedRcptTVQ. ,has its own parquet true.   [storePrimitiveTVQ:211 {correlationid=f0a64dea-fe26-4f13-9f2a-cb3a5ef83cd5}] 
2020-11-24 21:20:41,657 DEBUG [http-nio-8080-exec-1] com.jda.dcro.orderopt.common.busprim.tvq.TVQParquetFactory Initialising primitive TVQ com.jda.dcro.orderopt.common.tvq.primitive.OrderOptAlgVLLTVQ  [storeRequirements:174 {correlationid=f0a64dea-fe26-4f13-9f2a-cb3a5ef83cd5}] 
2020-11-24 21:20:41,657 DEBUG [http-nio-8080-exec-1] com.jda.dcro.orderopt.common.busprim.tvq.TVQParquetFactory primitive TVQ com.jda.dcro.orderopt.common.tvq.primitive.OrderOptAlgVLLTVQ. ,has its own parquet false.   [storePrimitiveTVQ:211 {correlationid=f0a64dea-fe26-4f13-9f2a-cb3a5ef83cd5}] 
2020-11-24 21:20:41,657 DEBUG [http-nio-8080-exec-1] com.jda.dcro.orderopt.common.busprim.tvq.TVQParquetFactory Initialising non primitive TVQ com.jda.dcro.orderopt.common.tvq.composite.ProjOHOrderOptAlgTVQ  [storeRequirements:177 {correlationid=f0a64dea-fe26-4f13-9f2a-cb3a5ef83cd5}] 
2020-11-24 21:20:41,657 DEBUG [http-nio-8080-exec-1] com.jda.dcro.orderopt.common.busprim.tvq.TVQParquetFactory Recursivly processing non primitive TVQ com.jda.dcro.orderopt.common.tvq.composite.ProjOHOrderOptAlgTVQ. ,with all required TVQ by this TVQ  [storeNonPrimitiveTVQ:239 {correlationid=f0a64dea-fe26-4f13-9f2a-cb3a5ef83cd5}] 
2020-11-24 21:20:41,657 DEBUG [http-nio-8080-exec-1] com.jda.dcro.orderopt.common.busprim.tvq.TVQParquetFactory Initialising non primitive TVQ com.jda.dcro.orderopt.common.tvq.composite.SupplyTotalOrderOptTVQ  [storeRequirements:177 {correlationid=f0a64dea-fe26-4f13-9f2a-cb3a5ef83cd5}] 
2020-11-24 21:20:41,657 DEBUG [http-nio-8080-exec-1] com.jda.dcro.orderopt.common.busprim.tvq.TVQParquetFactory Initialising non primitive TVQ com.jda.dcro.orderopt.common.tvq.composite.DmdTotalOrderOptTVQ  [storeRequirements:177 {correlationid=f0a64dea-fe26-4f13-9f2a-cb3a5ef83cd5}] 
2020-11-24 21:20:41,658 DEBUG [http-nio-8080-exec-1] com.jda.dcro.orderopt.common.busprim.tvq.TVQParquetFactory Initialising primitive TVQ com.jda.dcro.orderopt.common.tvq.primitive.MaxOHTVQ  [storeRequirements:174 {correlationid=f0a64dea-fe26-4f13-9f2a-cb3a5ef83cd5}] 
2020-11-24 21:20:41,658 DEBUG [http-nio-8080-exec-1] com.jda.dcro.orderopt.common.busprim.tvq.TVQParquetFactory primitive TVQ com.jda.dcro.orderopt.common.tvq.primitive.MaxOHTVQ. ,has its own parquet true.   [storePrimitiveTVQ:211 {correlationid=f0a64dea-fe26-4f13-9f2a-cb3a5ef83cd5}] 
2020-11-24 21:20:41,658 DEBUG [http-nio-8080-exec-1] com.jda.dcro.orderopt.common.busprim.tvq.TVQParquetFactory Initialising primitive TVQ com.jda.dcro.orderopt.common.tvq.primitive.SafetyStockTVQ  [storeRequirements:174 {correlationid=f0a64dea-fe26-4f13-9f2a-cb3a5ef83cd5}] 
2020-11-24 21:20:41,658 DEBUG [http-nio-8080-exec-1] com.jda.dcro.orderopt.common.busprim.tvq.TVQParquetFactory primitive TVQ com.jda.dcro.orderopt.common.tvq.primitive.SafetyStockTVQ. ,has its own parquet true.   [storePrimitiveTVQ:211 {correlationid=f0a64dea-fe26-4f13-9f2a-cb3a5ef83cd5}] 
2020-11-24 21:20:41,658 DEBUG [http-nio-8080-exec-1] com.jda.dcro.orderopt.common.busprim.tvq.TVQParquetFactory Initialising non primitive TVQ com.jda.dcro.orderopt.common.tvq.composite.ProjAvailOrderOptAlgTVQ  [storeRequirements:177 {correlationid=f0a64dea-fe26-4f13-9f2a-cb3a5ef83cd5}] 
2020-11-24 21:20:41,658 DEBUG [http-nio-8080-exec-1] com.jda.dcro.orderopt.common.busprim.tvq.TVQParquetFactory Recursivly processing non primitive TVQ com.jda.dcro.orderopt.common.tvq.composite.ProjAvailOrderOptAlgTVQ. ,with all required TVQ by this TVQ  [storeNonPrimitiveTVQ:239 {correlationid=f0a64dea-fe26-4f13-9f2a-cb3a5ef83cd5}] 
2020-11-24 21:20:41,658 DEBUG [http-nio-8080-exec-1] com.jda.dcro.orderopt.common.busprim.tvq.TVQParquetFactory Initialising non primitive TVQ com.jda.dcro.orderopt.common.tvq.composite.ProjOHOrderOptAlgTVQ  [storeRequirements:177 {correlationid=f0a64dea-fe26-4f13-9f2a-cb3a5ef83cd5}] 
2020-11-24 21:20:41,658 DEBUG [http-nio-8080-exec-1] com.jda.dcro.orderopt.common.busprim.tvq.TVQParquetFactory Initialising primitive TVQ com.jda.dcro.orderopt.common.tvq.primitive.SafetyStockTVQ  [storeRequirements:174 {correlationid=f0a64dea-fe26-4f13-9f2a-cb3a5ef83cd5}] 
2020-11-24 21:20:41,658 DEBUG [http-nio-8080-exec-1] com.jda.dcro.orderopt.common.busprim.tvq.TVQParquetFactory primitive TVQ com.jda.dcro.orderopt.common.tvq.primitive.SafetyStockTVQ. ,has its own parquet true.   [storePrimitiveTVQ:211 {correlationid=f0a64dea-fe26-4f13-9f2a-cb3a5ef83cd5}] 
2020-11-24 21:20:41,658 DEBUG [http-nio-8080-exec-1] com.jda.dcro.orderopt.common.busprim.tvq.TVQParquetFactory Initialising non primitive TVQ com.jda.dcro.orderopt.common.tvq.composite.DemandIgnoredOrdOptAlgTVQ  [storeRequirements:177 {correlationid=f0a64dea-fe26-4f13-9f2a-cb3a5ef83cd5}] 
2020-11-24 21:20:41,658 DEBUG [http-nio-8080-exec-1] com.jda.dcro.orderopt.common.busprim.tvq.TVQParquetFactory Storing all control columns needed from all TVQs  [initialize:140 {correlationid=f0a64dea-fe26-4f13-9f2a-cb3a5ef83cd5}] 
2020-11-24 21:20:41,658 DEBUG [http-nio-8080-exec-1] com.jda.dcro.orderopt.common.busprim.tvq.TVQParquetFactory Storing all control columns from Primitive TVQs [getPrimitiveTVQControls:275 {correlationid=f0a64dea-fe26-4f13-9f2a-cb3a5ef83cd5}] 
2020-11-24 21:20:41,659 DEBUG [http-nio-8080-exec-1] com.jda.dcro.orderopt.common.busprim.tvq.TVQParquetFactory Done with storing all control columns from Primitive TVQs [getPrimitiveTVQControls:292 {correlationid=f0a64dea-fe26-4f13-9f2a-cb3a5ef83cd5}] 
2020-11-24 21:20:41,659 INFO  [http-nio-8080-exec-1] com.jda.dcro.orderopt.common.busprim.tvq.TVQParquetFactory ;*** nonPrimitiveTVQs ***  [addControlColumns:316 {correlationid=f0a64dea-fe26-4f13-9f2a-cb3a5ef83cd5}] 
2020-11-24 21:20:41,659 DEBUG [http-nio-8080-exec-1] com.jda.dcro.orderopt.common.busprim.tvq.TVQParquetFactory Initializing the composite TVQ factory  [initialize:142 {correlationid=f0a64dea-fe26-4f13-9f2a-cb3a5ef83cd5}] 
2020-11-24 21:20:41,659 DEBUG [http-nio-8080-exec-1] com.jda.dcro.orderopt.common.busprim.tvq.TVQParquetFactory creating TVQ control data iterator  [initialize:145 {correlationid=f0a64dea-fe26-4f13-9f2a-cb3a5ef83cd5}] 
2020-11-24 21:20:41,659 DEBUG [http-nio-8080-exec-1] com.jda.dcro.orderopt.common.busprim.tvq.TVQParquetIterator Creating and initializing TVQParquetIterator for parquet table masterdata  [prepare:93 {correlationid=f0a64dea-fe26-4f13-9f2a-cb3a5ef83cd5}] 
2020-11-24 21:20:41,659 DEBUG [http-nio-8080-exec-1] com.jda.dcro.orderopt.common.busprim.tvq.TVQParquetFactory Done creating TVQ control data iterator  [initialize:147 {correlationid=f0a64dea-fe26-4f13-9f2a-cb3a5ef83cd5}] 
2020-11-24 21:20:41,664 INFO  [http-nio-8080-exec-1] com.jda.dcro.orderopt.nodeservices.OrderBuilderReaderRunner Done creating tvqParquetFactory with required TVQ classes and initializing the TVQ classes [initialize:169 {correlationid=f0a64dea-fe26-4f13-9f2a-cb3a5ef83cd5}] 
2020-11-24 21:20:41,664 DEBUG [http-nio-8080-exec-1] com.jda.dcro.orderopt.nodeservices.OrderBuilderNode Successfully created and initialized orderBuilderReader. [createPipelineAndSteps:289 {correlationid=f0a64dea-fe26-4f13-9f2a-cb3a5ef83cd5}] 
2020-11-24 21:20:41,664 DEBUG [http-nio-8080-exec-1] com.jda.dcro.orderopt.nodeservices.OrderBuilderNode Successfully created and initialized OrderBuilderProcessingRunner. [createPipelineAndSteps:293 {correlationid=f0a64dea-fe26-4f13-9f2a-cb3a5ef83cd5}] 
2020-11-24 21:20:41,664 DEBUG [http-nio-8080-exec-1] com.jda.dcro.orderopt.nodeservices.OrderBuilderNode Successfully created and initialized OrderBuilderPublisherRunner. [createPipelineAndSteps:298 {correlationid=f0a64dea-fe26-4f13-9f2a-cb3a5ef83cd5}] 
2020-11-24 21:20:41,665 INFO  [http-nio-8080-exec-1] com.jda.dcro.orderopt.nodeservices.OrderBuilderNode :batchfactory set [initializePipeline:251 {correlationid=f0a64dea-fe26-4f13-9f2a-cb3a5ef83cd5}] 
2020-11-24 21:20:41,665 INFO  [http-nio-8080-exec-1] com.jda.dcro.orderopt.nodeservices.OrderBuilderNode exiting [initializePipeline:253 {correlationid=f0a64dea-fe26-4f13-9f2a-cb3a5ef83cd5}] 
2020-11-24 21:20:41,665 INFO  [http-nio-8080-exec-1] com.jda.dcro.orderopt.nodeservices.OrderBuilderNode Done with initialization for online action,started processing the Online action  [executeOnlineAction:221 {correlationid=f0a64dea-fe26-4f13-9f2a-cb3a5ef83cd5}] 
2020-11-24 21:20:41,665 INFO  [http-nio-8080-exec-1] com.jda.dcro.orderopt.nodeservices.OrderBuilderNode The parent folder for the process is :OOPT-REC10.47 [executeOnlineAction:222 {correlationid=f0a64dea-fe26-4f13-9f2a-cb3a5ef83cd5}] 
2020-11-24 21:20:41,665 INFO  [http-nio-8080-exec-1] com.jda.dcro.orderopt.nodeservices.OrderBuilderNode Started with the execution of OrderRecalc [executeOrderRecalc:423 {correlationid=f0a64dea-fe26-4f13-9f2a-cb3a5ef83cd5}] 
2020-11-24 21:20:41,665 DEBUG [http-nio-8080-exec-1] com.jda.dcro.orderopt.common.JSONUtils Validating the group details [validateGroup:276 {correlationid=f0a64dea-fe26-4f13-9f2a-cb3a5ef83cd5}] 
2020-11-24 21:20:41,665 DEBUG [http-nio-8080-exec-1] com.jda.dcro.orderopt.common.JSONUtils Validating the member details [validateMember:253 {correlationid=f0a64dea-fe26-4f13-9f2a-cb3a5ef83cd5}] 
2020-11-24 21:20:41,665 DEBUG [http-nio-8080-exec-1] com.jda.dcro.orderopt.common.JSONUtils Validating the member details [validateMember:253 {correlationid=f0a64dea-fe26-4f13-9f2a-cb3a5ef83cd5}] 
2020-11-24 21:20:41,667 DEBUG [http-nio-8080-exec-1] com.jda.dcro.orderopt.onlineservices.OrderRecalcCommand [SECURITY AUDIT -> /dcro/com.jda.dcro.orderopt.onlineservices.OrderRecalcCommand] Creating order for group = 3743104661 with groupOrderID = 20201047 [log:81 {correlationid=f0a64dea-fe26-4f13-9f2a-cb3a5ef83cd5}] 
2020-11-24 21:20:41,668 DEBUG [http-nio-8080-exec-1] com.jda.dcro.orderopt.onlineservices.OrderRecalcCommand [SECURITY AUDIT -> /dcro/com.jda.dcro.orderopt.onlineservices.OrderRecalcCommand] Done creating order  [log:81 {correlationid=f0a64dea-fe26-4f13-9f2a-cb3a5ef83cd5}] 
2020-11-24 21:20:41,669 DEBUG [http-nio-8080-exec-1] com.jda.dcro.orderopt.onlineservices.OrderRecalcCommand [SECURITY AUDIT -> /dcro/com.jda.dcro.orderopt.onlineservices.OrderRecalcCommand] Override User Adjustments  [log:81 {correlationid=f0a64dea-fe26-4f13-9f2a-cb3a5ef83cd5}] 
2020-11-24 21:20:41,671 DEBUG [http-nio-8080-exec-1] com.jda.dcro.orderopt.onlineservices.OrderRecalcCommand [SECURITY AUDIT -> /dcro/com.jda.dcro.orderopt.onlineservices.OrderRecalcCommand] Override User Adjustments  [log:81 {correlationid=f0a64dea-fe26-4f13-9f2a-cb3a5ef83cd5}] 
2020-11-24 21:20:41,671 INFO  [http-nio-8080-exec-1] com.jda.dcro.orderopt.nodeservices.Pipeline Executing class com.jda.dcro.orderopt.nodeservices.OrderBuilderReaderRunner [execute:47 {correlationid=f0a64dea-fe26-4f13-9f2a-cb3a5ef83cd5}] 
2020-11-24 21:20:41,671 DEBUG [http-nio-8080-exec-1] com.jda.dcro.orderopt.onlineservices.OrderRecalcCommand Started loading master table data [executeReaders:505 {correlationid=f0a64dea-fe26-4f13-9f2a-cb3a5ef83cd5}] 
2020-11-24 21:20:41,699 DEBUG [http-nio-8080-exec-1] com.jda.dcro.orderopt.onlineservices.OrderRecalcCommand Done with loading master table data [executeReaders:507 {correlationid=f0a64dea-fe26-4f13-9f2a-cb3a5ef83cd5}] 
2020-11-24 21:20:41,699 DEBUG [http-nio-8080-exec-1] com.jda.dcro.orderopt.onlineservices.OrderRecalcCommand Adding recalc orders and order skus to batch container for group order = Order: 20201047  [mapRecalcOrdersToExistingContainers:584 {correlationid=f0a64dea-fe26-4f13-9f2a-cb3a5ef83cd5}] 
2020-11-24 21:20:41,699 DEBUG [http-nio-8080-exec-1] com.jda.dcro.orderopt.onlineservices.OrderRecalcCommand Done with adding recalc orders and order skus to batch container [mapRecalcOrdersToExistingContainers:604 {correlationid=f0a64dea-fe26-4f13-9f2a-cb3a5ef83cd5}] 
2020-11-24 21:20:41,699 DEBUG [http-nio-8080-exec-1] com.jda.dcro.orderopt.onlineservices.OrderRecalcCommand Started loading Procurement calender table data  [executeReaders:511 {correlationid=f0a64dea-fe26-4f13-9f2a-cb3a5ef83cd5}] 
2020-11-24 21:20:41,715 DEBUG [http-nio-8080-exec-1] com.jda.dcro.orderopt.onlineservices.OrderRecalcCommand Done with loading Procurement calender table data  [executeReaders:513 {correlationid=f0a64dea-fe26-4f13-9f2a-cb3a5ef83cd5}] 
2020-11-24 21:20:41,716 DEBUG [http-nio-8080-exec-1] com.jda.dcro.orderopt.onlineservices.OrderRecalcCommand Started loading ConvenientRoundingProfiles data  [executeReaders:515 {correlationid=f0a64dea-fe26-4f13-9f2a-cb3a5ef83cd5}] 
2020-11-24 21:20:41,738 DEBUG [http-nio-8080-exec-1] com.jda.dcro.orderopt.onlineservices.OrderRecalcCommand Done with loading ConvenientRoundingProfiles data  [executeReaders:518 {correlationid=f0a64dea-fe26-4f13-9f2a-cb3a5ef83cd5}] 
2020-11-24 21:20:41,738 DEBUG [http-nio-8080-exec-1] com.jda.dcro.orderopt.onlineservices.OrderRecalcCommand Started loading OBItemConversion table data  [executeReaders:520 {correlationid=f0a64dea-fe26-4f13-9f2a-cb3a5ef83cd5}] 
2020-11-24 21:20:41,759 DEBUG [http-nio-8080-exec-1] com.jda.dcro.orderopt.onlineservices.OrderRecalcCommand Done with loading OBItemConversion table data  [executeReaders:523 {correlationid=f0a64dea-fe26-4f13-9f2a-cb3a5ef83cd5}] 
2020-11-24 21:20:41,759 DEBUG [http-nio-8080-exec-1] com.jda.dcro.orderopt.onlineservices.OrderRecalcCommand Started loading TransmodeCapacities data  [executeReaders:525 {correlationid=f0a64dea-fe26-4f13-9f2a-cb3a5ef83cd5}] 
2020-11-24 21:20:41,777 DEBUG [http-nio-8080-exec-1] com.jda.dcro.orderopt.onlineservices.OrderRecalcCommand Done with loading TransmodeCapacities data  [executeReaders:527 {correlationid=f0a64dea-fe26-4f13-9f2a-cb3a5ef83cd5}] 
2020-11-24 21:20:41,777 DEBUG [http-nio-8080-exec-1] com.jda.dcro.orderopt.onlineservices.OrderRecalcCommand Started loading OrderGroupCapacities data  [executeReaders:529 {correlationid=f0a64dea-fe26-4f13-9f2a-cb3a5ef83cd5}] 
2020-11-24 21:20:41,793 DEBUG [http-nio-8080-exec-1] com.jda.dcro.orderopt.onlineservices.OrderRecalcCommand Done with loading OrderGroupCapacities data  [executeReaders:532 {correlationid=f0a64dea-fe26-4f13-9f2a-cb3a5ef83cd5}] 
2020-11-24 21:20:41,793 DEBUG [http-nio-8080-exec-1] com.jda.dcro.orderopt.onlineservices.OrderRecalcCommand Started loading currency conversions table data  [executeReaders:534 {correlationid=f0a64dea-fe26-4f13-9f2a-cb3a5ef83cd5}] 
2020-11-24 21:20:41,810 DEBUG [http-nio-8080-exec-1] com.jda.dcro.orderopt.onlineservices.OrderRecalcCommand Done with loading CurrencyConversions table data  [executeReaders:536 {correlationid=f0a64dea-fe26-4f13-9f2a-cb3a5ef83cd5}] 
2020-11-24 21:20:41,810 INFO  [http-nio-8080-exec-1] com.jda.dcro.orderopt.nodeservices.OrderBuilderReaderRunner http-nio-8080-exec-1 starting TVQ Processing [processTVQs:430 {correlationid=f0a64dea-fe26-4f13-9f2a-cb3a5ef83cd5}] 
2020-11-24 21:20:41,810 DEBUG [http-nio-8080-exec-1] com.jda.dcro.orderopt.common.busprim.tvq.TVQParquetFactory Loading Control data for each TVQControlSKU Object [make:447 {correlationid=f0a64dea-fe26-4f13-9f2a-cb3a5ef83cd5}] 
2020-11-24 21:20:41,810 DEBUG [http-nio-8080-exec-1] com.jda.dcro.orderopt.common.busprim.tvq.TVQParquetIterator Building TVQFilter with primary keys  [buildTVQFilter:420 {correlationid=f0a64dea-fe26-4f13-9f2a-cb3a5ef83cd5}] 
2020-11-24 21:20:41,810 DEBUG [http-nio-8080-exec-1] com.jda.dcro.orderopt.common.busprim.tvq.TVQParquetIterator Creating DCROParquetReader with filter for masterdata [open:135 {correlationid=f0a64dea-fe26-4f13-9f2a-cb3a5ef83cd5}] 
2020-11-24 21:20:41,830 DEBUG [http-nio-8080-exec-1] com.jda.dcro.orderopt.common.busprim.tvq.TVQParquetIterator Done DCROParquetReader for masterdata [open:144 {correlationid=f0a64dea-fe26-4f13-9f2a-cb3a5ef83cd5}] 
2020-11-24 21:20:41,830 DEBUG [http-nio-8080-exec-1] com.jda.dcro.orderopt.common.busprim.tvq.TVQParquetIterator Setting the indexes of columns required while reading the parquet [setIndexes:163 {correlationid=f0a64dea-fe26-4f13-9f2a-cb3a5ef83cd5}] 
2020-11-24 21:20:41,830 DEBUG [http-nio-8080-exec-1] com.jda.dcro.orderopt.common.busprim.tvq.TVQParquetIterator Calculating control column indexes required to build control data  [calculateControlColumnIndexes:176 {correlationid=f0a64dea-fe26-4f13-9f2a-cb3a5ef83cd5}] 
2020-11-24 21:20:41,830 DEBUG [http-nio-8080-exec-1] com.jda.dcro.orderopt.common.busprim.tvq.TVQParquetIterator Done with calculating control column indexes required to build control data  [calculateControlColumnIndexes:181 {correlationid=f0a64dea-fe26-4f13-9f2a-cb3a5ef83cd5}] 
2020-11-24 21:20:41,830 DEBUG [http-nio-8080-exec-1] com.jda.dcro.orderopt.common.busprim.tvq.TVQParquetIterator Done with setting the indexes of columns required while reading the parquet [setIndexes:169 {correlationid=f0a64dea-fe26-4f13-9f2a-cb3a5ef83cd5}] 
2020-11-24 21:20:41,831 DEBUG [http-nio-8080-exec-1] com.jda.dcro.orderopt.common.busprim.tvq.TVQParquetFactory Cleaning TVQ user objects for which no matching control objects found  [loadControlDataForBatch:500 {correlationid=f0a64dea-fe26-4f13-9f2a-cb3a5ef83cd5}] 
2020-11-24 21:20:41,831 DEBUG [http-nio-8080-exec-1] com.jda.dcro.orderopt.common.tvq.TVQSKUParquetFactory Started loading control data to tvqControlsSKU [generateControls:50 {correlationid=f0a64dea-fe26-4f13-9f2a-cb3a5ef83cd5}] 
2020-11-24 21:20:41,831 DEBUG [http-nio-8080-exec-1] com.jda.dcro.orderopt.common.tvq.TVQSKUParquetFactory Done with loading control data to tvqControlsSKU [generateControls:56 {correlationid=f0a64dea-fe26-4f13-9f2a-cb3a5ef83cd5}] 
2020-11-24 21:20:41,831 INFO  [http-nio-8080-exec-1] com.jda.dcro.orderopt.common.busprim.tvq.TVQParquetFactory Started processing primitive TVQs  [make:460 {correlationid=f0a64dea-fe26-4f13-9f2a-cb3a5ef83cd5}] 
2020-11-24 21:20:41,831 DEBUG [http-nio-8080-exec-1] com.jda.dcro.orderopt.common.busprim.tvq.TVQParquetIterator Creating and initializing TVQParquetIterator for parquet table   [prepare:93 {correlationid=f0a64dea-fe26-4f13-9f2a-cb3a5ef83cd5}] 
2020-11-24 21:20:41,831 DEBUG [http-nio-8080-exec-1] com.jda.dcro.orderopt.common.busprim.tvq.TVQParquetIterator Creating and initializing TVQParquetIterator for parquet table aggregated_order_projections  [prepare:93 {correlationid=f0a64dea-fe26-4f13-9f2a-cb3a5ef83cd5}] 
2020-11-24 21:20:41,831 DEBUG [http-nio-8080-exec-1] com.jda.dcro.orderopt.common.busprim.tvq.TVQParquetIterator Building TVQFilter with alternate keys  [buildTVQFilter:417 {correlationid=f0a64dea-fe26-4f13-9f2a-cb3a5ef83cd5}] 
2020-11-24 21:20:41,832 DEBUG [http-nio-8080-exec-1] com.jda.dcro.orderopt.common.busprim.tvq.TVQParquetIterator Creating DCROParquetReader with filter for aggregated_order_projections [open:135 {correlationid=f0a64dea-fe26-4f13-9f2a-cb3a5ef83cd5}] 
2020-11-24 21:20:41,849 DEBUG [http-nio-8080-exec-1] com.jda.dcro.orderopt.common.busprim.tvq.TVQParquetIterator Done DCROParquetReader for aggregated_order_projections [open:144 {correlationid=f0a64dea-fe26-4f13-9f2a-cb3a5ef83cd5}] 
2020-11-24 21:20:41,849 DEBUG [http-nio-8080-exec-1] com.jda.dcro.orderopt.common.busprim.tvq.TVQParquetIterator Setting the indexes of columns required while reading the parquet [setIndexes:163 {correlationid=f0a64dea-fe26-4f13-9f2a-cb3a5ef83cd5}] 
2020-11-24 21:20:41,849 DEBUG [http-nio-8080-exec-1] com.jda.dcro.orderopt.common.busprim.tvq.TVQParquetIterator Done with setting the indexes of columns required while reading the parquet [setIndexes:169 {correlationid=f0a64dea-fe26-4f13-9f2a-cb3a5ef83cd5}] 
2020-11-24 21:20:41,849 INFO  [http-nio-8080-exec-1] com.jda.dcro.orderopt.common.busprim.tvq.PrimitiveTVQParquetFactory TVQ class : com.jda.dcro.orderopt.common.tvq.primitive.DistributionDemandTVQ [run:153 {correlationid=f0a64dea-fe26-4f13-9f2a-cb3a5ef83cd5}] 
2020-11-24 21:20:41,851 DEBUG [http-nio-8080-exec-1] com.jda.dcro.orderopt.common.busprim.tvq.TVQParquetIterator Creating and initializing TVQParquetIterator for parquet table masterdata  [prepare:93 {correlationid=f0a64dea-fe26-4f13-9f2a-cb3a5ef83cd5}] 
2020-11-24 21:20:41,851 DEBUG [http-nio-8080-exec-1] com.jda.dcro.orderopt.common.busprim.tvq.TVQParquetIterator Building TVQFilter with primary keys  [buildTVQFilter:420 {correlationid=f0a64dea-fe26-4f13-9f2a-cb3a5ef83cd5}] 
2020-11-24 21:20:41,851 DEBUG [http-nio-8080-exec-1] com.jda.dcro.orderopt.common.busprim.tvq.TVQParquetIterator Creating DCROParquetReader with filter for masterdata [open:135 {correlationid=f0a64dea-fe26-4f13-9f2a-cb3a5ef83cd5}] 
2020-11-24 21:20:41,871 DEBUG [http-nio-8080-exec-1] com.jda.dcro.orderopt.common.busprim.tvq.TVQParquetIterator Done DCROParquetReader for masterdata [open:144 {correlationid=f0a64dea-fe26-4f13-9f2a-cb3a5ef83cd5}] 
2020-11-24 21:20:41,871 DEBUG [http-nio-8080-exec-1] com.jda.dcro.orderopt.common.busprim.tvq.TVQParquetIterator Setting the indexes of columns required while reading the parquet [setIndexes:163 {correlationid=f0a64dea-fe26-4f13-9f2a-cb3a5ef83cd5}] 
2020-11-24 21:20:41,871 DEBUG [http-nio-8080-exec-1] com.jda.dcro.orderopt.common.busprim.tvq.TVQParquetIterator Done with setting the indexes of columns required while reading the parquet [setIndexes:169 {correlationid=f0a64dea-fe26-4f13-9f2a-cb3a5ef83cd5}] 
2020-11-24 21:20:41,871 INFO  [http-nio-8080-exec-1] com.jda.dcro.orderopt.common.busprim.tvq.PrimitiveTVQParquetFactory TVQ class : com.jda.dcro.orderopt.common.tvq.primitive.MaxOHTVQ [run:153 {correlationid=f0a64dea-fe26-4f13-9f2a-cb3a5ef83cd5}] 
2020-11-24 21:20:41,872 DEBUG [http-nio-8080-exec-1] com.jda.dcro.orderopt.common.busprim.tvq.TVQParquetIterator Creating and initializing TVQParquetIterator for parquet table safetystock  [prepare:93 {correlationid=f0a64dea-fe26-4f13-9f2a-cb3a5ef83cd5}] 
2020-11-24 21:20:41,872 DEBUG [http-nio-8080-exec-1] com.jda.dcro.orderopt.common.busprim.tvq.TVQParquetIterator Building TVQFilter with alternate keys  [buildTVQFilter:417 {correlationid=f0a64dea-fe26-4f13-9f2a-cb3a5ef83cd5}] 
2020-11-24 21:20:41,872 DEBUG [http-nio-8080-exec-1] com.jda.dcro.orderopt.common.busprim.tvq.TVQParquetIterator Creating DCROParquetReader with filter for safetystock [open:135 {correlationid=f0a64dea-fe26-4f13-9f2a-cb3a5ef83cd5}] 
2020-11-24 21:20:41,887 DEBUG [http-nio-8080-exec-1] com.jda.dcro.orderopt.common.busprim.tvq.TVQParquetIterator Done DCROParquetReader for safetystock [open:144 {correlationid=f0a64dea-fe26-4f13-9f2a-cb3a5ef83cd5}] 
2020-11-24 21:20:41,887 DEBUG [http-nio-8080-exec-1] com.jda.dcro.orderopt.common.busprim.tvq.TVQParquetIterator Setting the indexes of columns required while reading the parquet [setIndexes:163 {correlationid=f0a64dea-fe26-4f13-9f2a-cb3a5ef83cd5}] 
2020-11-24 21:20:41,887 DEBUG [http-nio-8080-exec-1] com.jda.dcro.orderopt.common.busprim.tvq.TVQParquetIterator Done with setting the indexes of columns required while reading the parquet [setIndexes:169 {correlationid=f0a64dea-fe26-4f13-9f2a-cb3a5ef83cd5}] 
2020-11-24 21:20:41,887 INFO  [http-nio-8080-exec-1] com.jda.dcro.orderopt.common.busprim.tvq.PrimitiveTVQParquetFactory TVQ class : com.jda.dcro.orderopt.common.tvq.primitive.SafetyStockTVQ [run:153 {correlationid=f0a64dea-fe26-4f13-9f2a-cb3a5ef83cd5}] 
2020-11-24 21:20:41,887 DEBUG [http-nio-8080-exec-1] com.jda.dcro.orderopt.common.busprim.tvq.TVQParquetIterator Creating and initializing TVQParquetIterator for parquet table schedrcpts  [prepare:93 {correlationid=f0a64dea-fe26-4f13-9f2a-cb3a5ef83cd5}] 
2020-11-24 21:20:41,888 DEBUG [http-nio-8080-exec-1] com.jda.dcro.orderopt.common.busprim.tvq.TVQParquetIterator Building TVQFilter with primary keys  [buildTVQFilter:420 {correlationid=f0a64dea-fe26-4f13-9f2a-cb3a5ef83cd5}] 
2020-11-24 21:20:41,888 DEBUG [http-nio-8080-exec-1] com.jda.dcro.orderopt.common.busprim.tvq.TVQParquetIterator Creating DCROParquetReader with filter for schedrcpts [open:135 {correlationid=f0a64dea-fe26-4f13-9f2a-cb3a5ef83cd5}] 
2020-11-24 21:20:41,905 DEBUG [http-nio-8080-exec-1] com.jda.dcro.orderopt.common.busprim.tvq.TVQParquetIterator Done DCROParquetReader for schedrcpts [open:144 {correlationid=f0a64dea-fe26-4f13-9f2a-cb3a5ef83cd5}] 
2020-11-24 21:20:41,905 DEBUG [http-nio-8080-exec-1] com.jda.dcro.orderopt.common.busprim.tvq.TVQParquetIterator Setting the indexes of columns required while reading the parquet [setIndexes:163 {correlationid=f0a64dea-fe26-4f13-9f2a-cb3a5ef83cd5}] 
2020-11-24 21:20:41,906 DEBUG [http-nio-8080-exec-1] com.jda.dcro.orderopt.common.busprim.tvq.TVQParquetIterator Done with setting the indexes of columns required while reading the parquet [setIndexes:169 {correlationid=f0a64dea-fe26-4f13-9f2a-cb3a5ef83cd5}] 
2020-11-24 21:20:41,906 INFO  [http-nio-8080-exec-1] com.jda.dcro.orderopt.common.busprim.tvq.PrimitiveTVQParquetFactory TVQ class : com.jda.dcro.orderopt.common.tvq.primitive.SchedRcptTVQ [run:153 {correlationid=f0a64dea-fe26-4f13-9f2a-cb3a5ef83cd5}] 
2020-11-24 21:20:41,906 INFO  [http-nio-8080-exec-1] com.jda.dcro.orderopt.common.busprim.tvq.TVQParquetFactory Done processing primitive TVQs  [make:463 {correlationid=f0a64dea-fe26-4f13-9f2a-cb3a5ef83cd5}] 
2020-11-24 21:20:41,906 INFO  [http-nio-8080-exec-1] com.jda.dcro.orderopt.common.busprim.tvq.TVQParquetFactory Started processing non-primitive TVQs  [make:465 {correlationid=f0a64dea-fe26-4f13-9f2a-cb3a5ef83cd5}] 
2020-11-24 21:20:41,906 INFO  [http-nio-8080-exec-1] com.jda.dcro.orderopt.common.busprim.tvq.TVQParquetFactory Started processing non-primitive TVQs  [make:468 {correlationid=f0a64dea-fe26-4f13-9f2a-cb3a5ef83cd5}] 
2020-11-24 21:20:41,906 INFO  [http-nio-8080-exec-1] com.jda.dcro.orderopt.nodeservices.OrderBuilderReaderRunner http-nio-8080-exec-1 has completed processing TVQs [processTVQs:435 {correlationid=f0a64dea-fe26-4f13-9f2a-cb3a5ef83cd5}] 
2020-11-24 21:20:41,907 INFO  [http-nio-8080-exec-1] com.jda.dcro.orderopt.nodeservices.Pipeline Executing class com.jda.dcro.orderopt.nodeservices.OrderBuilderProcessingRunner [execute:47 {correlationid=f0a64dea-fe26-4f13-9f2a-cb3a5ef83cd5}] 
2020-11-24 21:20:41,909 INFO  [http-nio-8080-exec-1] com.jda.dcro.orderopt.nodeservices.Pipeline Executing class com.jda.dcro.orderopt.nodeservices.OrderBuilderPublisherRunner [execute:47 {correlationid=f0a64dea-fe26-4f13-9f2a-cb3a5ef83cd5}] 
2020-11-24 21:20:41,911 DEBUG [http-nio-8080-exec-1] com.jda.dcro.orderopt.dao.publisher.DCROPublisherTask Preparing DAOs for publishing [run:65 {correlationid=f0a64dea-fe26-4f13-9f2a-cb3a5ef83cd5}] 
2020-11-24 21:20:41,912 DEBUG [http-nio-8080-exec-1] com.jda.dcro.orderopt.dao.datasource.DCROTransactionManager Creating new transaction with name [null]: PROPAGATION_REQUIRED,ISOLATION_DEFAULT [getTransaction:372 {correlationid=f0a64dea-fe26-4f13-9f2a-cb3a5ef83cd5}] 
2020-11-24 21:20:41,912 DEBUG [http-nio-8080-exec-1] com.jda.dcro.orderopt.dao.datasource.DCROTransactionManager Acquired Connection [HikariProxyConnection@1548748561 wrapping org.postgresql.jdbc.PgConnection@798fa4f3] for JDBC transaction [doBegin:264 {correlationid=f0a64dea-fe26-4f13-9f2a-cb3a5ef83cd5}] 
2020-11-24 21:20:41,912 DEBUG [http-nio-8080-exec-1] com.jda.dcro.orderopt.dao.datasource.ReusableStatementJDBCTemplate Executing prepared SQL update [update:860 {correlationid=f0a64dea-fe26-4f13-9f2a-cb3a5ef83cd5}] 
2020-11-24 21:20:41,913 DEBUG [http-nio-8080-exec-1] com.jda.dcro.orderopt.dao.datasource.ReusableStatementJDBCTemplate http-nio-8080-exec-1 - Executing prepared SQL statement [DELETE FROM  /* OrderBuilderOrderExceptionBatchPurgeHintForSetUp */  OrderException  WHERE ORDERID = ? ] using JDBC Connection [HikariProxyConnection@1548748561 wrapping org.postgresql.jdbc.PgConnection@798fa4f3] [execute:56 {correlationid=f0a64dea-fe26-4f13-9f2a-cb3a5ef83cd5}] 
2020-11-24 21:20:41,913 DEBUG [http-nio-8080-exec-1] com.jda.dcro.orderopt.dao.datasource.ReusableStatementJDBCTemplate Executing prepared SQL update [update:860 {correlationid=f0a64dea-fe26-4f13-9f2a-cb3a5ef83cd5}] 
2020-11-24 21:20:41,913 DEBUG [http-nio-8080-exec-1] com.jda.dcro.orderopt.dao.datasource.ReusableStatementJDBCTemplate http-nio-8080-exec-1 - Executing prepared SQL statement [DELETE FROM  /* OrderBuilderVehicleLoadTotalBatchPurgeHint */  VehicleLoadTotal  WHERE ORDERID = ? ] using JDBC Connection [HikariProxyConnection@1548748561 wrapping org.postgresql.jdbc.PgConnection@798fa4f3] [execute:56 {correlationid=f0a64dea-fe26-4f13-9f2a-cb3a5ef83cd5}] 
2020-11-24 21:20:41,914 DEBUG [http-nio-8080-exec-1] com.jda.dcro.orderopt.dao.datasource.ReusableStatementJDBCTemplate Executing prepared SQL update [update:860 {correlationid=f0a64dea-fe26-4f13-9f2a-cb3a5ef83cd5}] 
2020-11-24 21:20:41,914 DEBUG [http-nio-8080-exec-1] com.jda.dcro.orderopt.dao.datasource.ReusableStatementJDBCTemplate http-nio-8080-exec-1 - Executing prepared SQL statement [DELETE FROM  /* OrderBuilderVehicleLoadLineBatchPurgeHint */  VehicleLoadLine  WHERE ORDERID = ? ] using JDBC Connection [HikariProxyConnection@1548748561 wrapping org.postgresql.jdbc.PgConnection@798fa4f3] [execute:56 {correlationid=f0a64dea-fe26-4f13-9f2a-cb3a5ef83cd5}] 
2020-11-24 21:20:41,915 DEBUG [http-nio-8080-exec-1] com.jda.dcro.orderopt.dao.datasource.ReusableStatementJDBCTemplate Executing prepared SQL update [update:860 {correlationid=f0a64dea-fe26-4f13-9f2a-cb3a5ef83cd5}] 
2020-11-24 21:20:41,915 DEBUG [http-nio-8080-exec-1] com.jda.dcro.orderopt.dao.datasource.ReusableStatementJDBCTemplate http-nio-8080-exec-1 - Executing prepared SQL statement [DELETE FROM  /* OrderBuilderVehicleLoadBatchPurgeHint */  VehicleLoad  WHERE ORDERID = ? ] using JDBC Connection [HikariProxyConnection@1548748561 wrapping org.postgresql.jdbc.PgConnection@798fa4f3] [execute:56 {correlationid=f0a64dea-fe26-4f13-9f2a-cb3a5ef83cd5}] 
2020-11-24 21:20:41,915 DEBUG [http-nio-8080-exec-1] com.jda.dcro.orderopt.dao.datasource.ReusableStatementJDBCTemplate Executing prepared SQL update [update:860 {correlationid=f0a64dea-fe26-4f13-9f2a-cb3a5ef83cd5}] 
2020-11-24 21:20:41,915 DEBUG [http-nio-8080-exec-1] com.jda.dcro.orderopt.dao.datasource.ReusableStatementJDBCTemplate http-nio-8080-exec-1 - Executing prepared SQL statement [DELETE FROM  /* OrderBuilderOrderSkuTotalBatchPurgeHint */  OrderSkuTotal  WHERE ORDERID = ? ] using JDBC Connection [HikariProxyConnection@1548748561 wrapping org.postgresql.jdbc.PgConnection@798fa4f3] [execute:56 {correlationid=f0a64dea-fe26-4f13-9f2a-cb3a5ef83cd5}] 
2020-11-24 21:20:41,916 DEBUG [http-nio-8080-exec-1] com.jda.dcro.orderopt.dao.datasource.ReusableStatementJDBCTemplate Executing prepared SQL update [update:860 {correlationid=f0a64dea-fe26-4f13-9f2a-cb3a5ef83cd5}] 
2020-11-24 21:20:41,916 DEBUG [http-nio-8080-exec-1] com.jda.dcro.orderopt.dao.datasource.ReusableStatementJDBCTemplate http-nio-8080-exec-1 - Executing prepared SQL statement [DELETE FROM  /* OrderBuilderOrderSkuDetailBatchPurgeHint */  OrderSkuDetail  WHERE ORDERID = ? ] using JDBC Connection [HikariProxyConnection@1548748561 wrapping org.postgresql.jdbc.PgConnection@798fa4f3] [execute:56 {correlationid=f0a64dea-fe26-4f13-9f2a-cb3a5ef83cd5}] 
2020-11-24 21:20:41,916 DEBUG [http-nio-8080-exec-1] com.jda.dcro.orderopt.dao.datasource.ReusableStatementJDBCTemplate Executing prepared SQL update [update:860 {correlationid=f0a64dea-fe26-4f13-9f2a-cb3a5ef83cd5}] 
2020-11-24 21:20:41,916 DEBUG [http-nio-8080-exec-1] com.jda.dcro.orderopt.dao.datasource.ReusableStatementJDBCTemplate http-nio-8080-exec-1 - Executing prepared SQL statement [DELETE FROM  /* OrderBuilderOrderSkuBatchPurgeHint */  OrderSku  WHERE ORDERID = ? ] using JDBC Connection [HikariProxyConnection@1548748561 wrapping org.postgresql.jdbc.PgConnection@798fa4f3] [execute:56 {correlationid=f0a64dea-fe26-4f13-9f2a-cb3a5ef83cd5}] 
2020-11-24 21:20:41,917 DEBUG [http-nio-8080-exec-1] com.jda.dcro.orderopt.dao.datasource.ReusableStatementJDBCTemplate Executing prepared SQL update [update:860 {correlationid=f0a64dea-fe26-4f13-9f2a-cb3a5ef83cd5}] 
2020-11-24 21:20:41,917 DEBUG [http-nio-8080-exec-1] com.jda.dcro.orderopt.dao.datasource.ReusableStatementJDBCTemplate http-nio-8080-exec-1 - Executing prepared SQL statement [DELETE FROM  /* OrderBuilderOrderTotalBatchPurgeHint */  OrderTotal  WHERE ORDERID = ? ] using JDBC Connection [HikariProxyConnection@1548748561 wrapping org.postgresql.jdbc.PgConnection@798fa4f3] [execute:56 {correlationid=f0a64dea-fe26-4f13-9f2a-cb3a5ef83cd5}] 
2020-11-24 21:20:41,917 DEBUG [http-nio-8080-exec-1] com.jda.dcro.orderopt.dao.datasource.ReusableStatementJDBCTemplate Executing prepared SQL update [update:860 {correlationid=f0a64dea-fe26-4f13-9f2a-cb3a5ef83cd5}] 
2020-11-24 21:20:41,917 DEBUG [http-nio-8080-exec-1] com.jda.dcro.orderopt.dao.datasource.ReusableStatementJDBCTemplate http-nio-8080-exec-1 - Executing prepared SQL statement [DELETE FROM  /* OrderBuilderOrderHeaderBatchPurgeHint */  OrderHeader  WHERE ORDERID = ? ] using JDBC Connection [HikariProxyConnection@1548748561 wrapping org.postgresql.jdbc.PgConnection@798fa4f3] [execute:56 {correlationid=f0a64dea-fe26-4f13-9f2a-cb3a5ef83cd5}] 
2020-11-24 21:20:41,918 DEBUG [http-nio-8080-exec-1] com.jda.dcro.orderopt.dao.datasource.ReusableStatementJDBCTemplate Executing prepared SQL update [update:860 {correlationid=f0a64dea-fe26-4f13-9f2a-cb3a5ef83cd5}] 
2020-11-24 21:20:41,918 DEBUG [http-nio-8080-exec-1] com.jda.dcro.orderopt.dao.datasource.ReusableStatementJDBCTemplate http-nio-8080-exec-1 - Executing prepared SQL statement [DELETE FROM  /* OrderBuilderOrderExceptionBatchPurgeHintForSetUp */  OrderException  WHERE ORDERID = ? ] using JDBC Connection [HikariProxyConnection@1548748561 wrapping org.postgresql.jdbc.PgConnection@798fa4f3] [execute:56 {correlationid=f0a64dea-fe26-4f13-9f2a-cb3a5ef83cd5}] 
2020-11-24 21:20:41,918 DEBUG [http-nio-8080-exec-1] com.jda.dcro.orderopt.dao.datasource.ReusableStatementJDBCTemplate Executing prepared SQL update [update:860 {correlationid=f0a64dea-fe26-4f13-9f2a-cb3a5ef83cd5}] 
2020-11-24 21:20:41,918 DEBUG [http-nio-8080-exec-1] com.jda.dcro.orderopt.dao.datasource.ReusableStatementJDBCTemplate http-nio-8080-exec-1 - Executing prepared SQL statement [DELETE FROM  /* OrderBuilderVehicleLoadTotalBatchPurgeHint */  VehicleLoadTotal  WHERE ORDERID = ? ] using JDBC Connection [HikariProxyConnection@1548748561 wrapping org.postgresql.jdbc.PgConnection@798fa4f3] [execute:56 {correlationid=f0a64dea-fe26-4f13-9f2a-cb3a5ef83cd5}] 
2020-11-24 21:20:41,918 DEBUG [http-nio-8080-exec-1] com.jda.dcro.orderopt.dao.datasource.ReusableStatementJDBCTemplate Executing prepared SQL update [update:860 {correlationid=f0a64dea-fe26-4f13-9f2a-cb3a5ef83cd5}] 
2020-11-24 21:20:41,919 DEBUG [http-nio-8080-exec-1] com.jda.dcro.orderopt.dao.datasource.ReusableStatementJDBCTemplate http-nio-8080-exec-1 - Executing prepared SQL statement [DELETE FROM  /* OrderBuilderVehicleLoadLineBatchPurgeHint */  VehicleLoadLine  WHERE ORDERID = ? ] using JDBC Connection [HikariProxyConnection@1548748561 wrapping org.postgresql.jdbc.PgConnection@798fa4f3] [execute:56 {correlationid=f0a64dea-fe26-4f13-9f2a-cb3a5ef83cd5}] 
2020-11-24 21:20:41,919 DEBUG [http-nio-8080-exec-1] com.jda.dcro.orderopt.dao.datasource.ReusableStatementJDBCTemplate Executing prepared SQL update [update:860 {correlationid=f0a64dea-fe26-4f13-9f2a-cb3a5ef83cd5}] 
2020-11-24 21:20:41,919 DEBUG [http-nio-8080-exec-1] com.jda.dcro.orderopt.dao.datasource.ReusableStatementJDBCTemplate http-nio-8080-exec-1 - Executing prepared SQL statement [DELETE FROM  /* OrderBuilderVehicleLoadBatchPurgeHint */  VehicleLoad  WHERE ORDERID = ? ] using JDBC Connection [HikariProxyConnection@1548748561 wrapping org.postgresql.jdbc.PgConnection@798fa4f3] [execute:56 {correlationid=f0a64dea-fe26-4f13-9f2a-cb3a5ef83cd5}] 
2020-11-24 21:20:41,919 DEBUG [http-nio-8080-exec-1] com.jda.dcro.orderopt.dao.datasource.ReusableStatementJDBCTemplate Executing prepared SQL update [update:860 {correlationid=f0a64dea-fe26-4f13-9f2a-cb3a5ef83cd5}] 
2020-11-24 21:20:41,919 DEBUG [http-nio-8080-exec-1] com.jda.dcro.orderopt.dao.datasource.ReusableStatementJDBCTemplate http-nio-8080-exec-1 - Executing prepared SQL statement [DELETE FROM  /* OrderBuilderOrderSkuTotalBatchPurgeHint */  OrderSkuTotal  WHERE ORDERID = ? ] using JDBC Connection [HikariProxyConnection@1548748561 wrapping org.postgresql.jdbc.PgConnection@798fa4f3] [execute:56 {correlationid=f0a64dea-fe26-4f13-9f2a-cb3a5ef83cd5}] 
2020-11-24 21:20:41,920 DEBUG [http-nio-8080-exec-1] com.jda.dcro.orderopt.dao.datasource.ReusableStatementJDBCTemplate Executing prepared SQL update [update:860 {correlationid=f0a64dea-fe26-4f13-9f2a-cb3a5ef83cd5}] 
2020-11-24 21:20:41,920 DEBUG [http-nio-8080-exec-1] com.jda.dcro.orderopt.dao.datasource.ReusableStatementJDBCTemplate http-nio-8080-exec-1 - Executing prepared SQL statement [DELETE FROM  /* OrderBuilderOrderSkuDetailBatchPurgeHint */  OrderSkuDetail  WHERE ORDERID = ? ] using JDBC Connection [HikariProxyConnection@1548748561 wrapping org.postgresql.jdbc.PgConnection@798fa4f3] [execute:56 {correlationid=f0a64dea-fe26-4f13-9f2a-cb3a5ef83cd5}] 
2020-11-24 21:20:41,920 DEBUG [http-nio-8080-exec-1] com.jda.dcro.orderopt.dao.datasource.ReusableStatementJDBCTemplate Executing prepared SQL update [update:860 {correlationid=f0a64dea-fe26-4f13-9f2a-cb3a5ef83cd5}] 
2020-11-24 21:20:41,920 DEBUG [http-nio-8080-exec-1] com.jda.dcro.orderopt.dao.datasource.ReusableStatementJDBCTemplate http-nio-8080-exec-1 - Executing prepared SQL statement [DELETE FROM  /* OrderBuilderOrderSkuBatchPurgeHint */  OrderSku  WHERE ORDERID = ? ] using JDBC Connection [HikariProxyConnection@1548748561 wrapping org.postgresql.jdbc.PgConnection@798fa4f3] [execute:56 {correlationid=f0a64dea-fe26-4f13-9f2a-cb3a5ef83cd5}] 
2020-11-24 21:20:41,920 DEBUG [http-nio-8080-exec-1] com.jda.dcro.orderopt.dao.datasource.ReusableStatementJDBCTemplate Executing prepared SQL update [update:860 {correlationid=f0a64dea-fe26-4f13-9f2a-cb3a5ef83cd5}] 
2020-11-24 21:20:41,921 DEBUG [http-nio-8080-exec-1] com.jda.dcro.orderopt.dao.datasource.ReusableStatementJDBCTemplate http-nio-8080-exec-1 - Executing prepared SQL statement [DELETE FROM  /* OrderBuilderOrderTotalBatchPurgeHint */  OrderTotal  WHERE ORDERID = ? ] using JDBC Connection [HikariProxyConnection@1548748561 wrapping org.postgresql.jdbc.PgConnection@798fa4f3] [execute:56 {correlationid=f0a64dea-fe26-4f13-9f2a-cb3a5ef83cd5}] 
2020-11-24 21:20:41,921 DEBUG [http-nio-8080-exec-1] com.jda.dcro.orderopt.dao.datasource.ReusableStatementJDBCTemplate Executing prepared SQL update [update:860 {correlationid=f0a64dea-fe26-4f13-9f2a-cb3a5ef83cd5}] 
2020-11-24 21:20:41,921 DEBUG [http-nio-8080-exec-1] com.jda.dcro.orderopt.dao.datasource.ReusableStatementJDBCTemplate http-nio-8080-exec-1 - Executing prepared SQL statement [DELETE FROM  /* OrderBuilderOrderHeaderBatchPurgeHint */  OrderHeader  WHERE ORDERID = ? ] using JDBC Connection [HikariProxyConnection@1548748561 wrapping org.postgresql.jdbc.PgConnection@798fa4f3] [execute:56 {correlationid=f0a64dea-fe26-4f13-9f2a-cb3a5ef83cd5}] 
2020-11-24 21:20:41,921 DEBUG [http-nio-8080-exec-1] com.jda.dcro.orderopt.dao.datasource.ReusableStatementJDBCTemplate Executing prepared SQL update [update:860 {correlationid=f0a64dea-fe26-4f13-9f2a-cb3a5ef83cd5}] 
2020-11-24 21:20:41,921 DEBUG [http-nio-8080-exec-1] com.jda.dcro.orderopt.dao.datasource.ReusableStatementJDBCTemplate http-nio-8080-exec-1 - Executing prepared SQL statement [DELETE FROM  /* OrderBuilderOrderExceptionBatchPurgeHintForSetUp */  OrderException  WHERE  ORDERID = ' ' AND ORDERGROUP = ?  ] using JDBC Connection [HikariProxyConnection@1548748561 wrapping org.postgresql.jdbc.PgConnection@798fa4f3] [execute:56 {correlationid=f0a64dea-fe26-4f13-9f2a-cb3a5ef83cd5}] 
2020-11-24 21:20:41,921 DEBUG [http-nio-8080-exec-1] com.jda.dcro.orderopt.dao.datasource.ReusableStatementJDBCTemplate Executing prepared SQL update [update:860 {correlationid=f0a64dea-fe26-4f13-9f2a-cb3a5ef83cd5}] 
2020-11-24 21:20:41,921 DEBUG [http-nio-8080-exec-1] com.jda.dcro.orderopt.dao.datasource.ReusableStatementJDBCTemplate http-nio-8080-exec-1 - Executing prepared SQL statement [DELETE FROM  /* OrderBuilderOrderExceptionBatchPurgeHintForSetUp */  OrderException  WHERE ORDERID = ? ] using JDBC Connection [HikariProxyConnection@1548748561 wrapping org.postgresql.jdbc.PgConnection@798fa4f3] [execute:56 {correlationid=f0a64dea-fe26-4f13-9f2a-cb3a5ef83cd5}] 
2020-11-24 21:20:41,921 DEBUG [http-nio-8080-exec-1] com.jda.dcro.orderopt.dao.datasource.ReusableStatementJDBCTemplate Executing prepared SQL update [update:860 {correlationid=f0a64dea-fe26-4f13-9f2a-cb3a5ef83cd5}] 
2020-11-24 21:20:41,921 DEBUG [http-nio-8080-exec-1] com.jda.dcro.orderopt.dao.datasource.ReusableStatementJDBCTemplate http-nio-8080-exec-1 - Executing prepared SQL statement [DELETE FROM  /* OrderBuilderVehicleLoadTotalBatchPurgeHint */  VehicleLoadTotal  WHERE ORDERID = ? ] using JDBC Connection [HikariProxyConnection@1548748561 wrapping org.postgresql.jdbc.PgConnection@798fa4f3] [execute:56 {correlationid=f0a64dea-fe26-4f13-9f2a-cb3a5ef83cd5}] 
2020-11-24 21:20:41,921 DEBUG [http-nio-8080-exec-1] com.jda.dcro.orderopt.dao.datasource.ReusableStatementJDBCTemplate Executing prepared SQL update [update:860 {correlationid=f0a64dea-fe26-4f13-9f2a-cb3a5ef83cd5}] 
2020-11-24 21:20:41,922 DEBUG [http-nio-8080-exec-1] com.jda.dcro.orderopt.dao.datasource.ReusableStatementJDBCTemplate http-nio-8080-exec-1 - Executing prepared SQL statement [DELETE FROM  /* OrderBuilderVehicleLoadLineBatchPurgeHint */  VehicleLoadLine  WHERE ORDERID = ? ] using JDBC Connection [HikariProxyConnection@1548748561 wrapping org.postgresql.jdbc.PgConnection@798fa4f3] [execute:56 {correlationid=f0a64dea-fe26-4f13-9f2a-cb3a5ef83cd5}] 
2020-11-24 21:20:41,922 DEBUG [http-nio-8080-exec-1] com.jda.dcro.orderopt.dao.datasource.ReusableStatementJDBCTemplate Executing prepared SQL update [update:860 {correlationid=f0a64dea-fe26-4f13-9f2a-cb3a5ef83cd5}] 
2020-11-24 21:20:41,922 DEBUG [http-nio-8080-exec-1] com.jda.dcro.orderopt.dao.datasource.ReusableStatementJDBCTemplate http-nio-8080-exec-1 - Executing prepared SQL statement [DELETE FROM  /* OrderBuilderVehicleLoadBatchPurgeHint */  VehicleLoad  WHERE ORDERID = ? ] using JDBC Connection [HikariProxyConnection@1548748561 wrapping org.postgresql.jdbc.PgConnection@798fa4f3] [execute:56 {correlationid=f0a64dea-fe26-4f13-9f2a-cb3a5ef83cd5}] 
2020-11-24 21:20:41,922 DEBUG [http-nio-8080-exec-1] com.jda.dcro.orderopt.dao.datasource.ReusableStatementJDBCTemplate Executing prepared SQL update [update:860 {correlationid=f0a64dea-fe26-4f13-9f2a-cb3a5ef83cd5}] 
2020-11-24 21:20:41,922 DEBUG [http-nio-8080-exec-1] com.jda.dcro.orderopt.dao.datasource.ReusableStatementJDBCTemplate http-nio-8080-exec-1 - Executing prepared SQL statement [DELETE FROM  /* OrderBuilderOrderSkuTotalBatchPurgeHint */  OrderSkuTotal  WHERE ORDERID = ? ] using JDBC Connection [HikariProxyConnection@1548748561 wrapping org.postgresql.jdbc.PgConnection@798fa4f3] [execute:56 {correlationid=f0a64dea-fe26-4f13-9f2a-cb3a5ef83cd5}] 
2020-11-24 21:20:41,923 DEBUG [http-nio-8080-exec-1] com.jda.dcro.orderopt.dao.datasource.ReusableStatementJDBCTemplate Executing prepared SQL update [update:860 {correlationid=f0a64dea-fe26-4f13-9f2a-cb3a5ef83cd5}] 
2020-11-24 21:20:41,923 DEBUG [http-nio-8080-exec-1] com.jda.dcro.orderopt.dao.datasource.ReusableStatementJDBCTemplate http-nio-8080-exec-1 - Executing prepared SQL statement [DELETE FROM  /* OrderBuilderOrderSkuDetailBatchPurgeHint */  OrderSkuDetail  WHERE ORDERID = ? ] using JDBC Connection [HikariProxyConnection@1548748561 wrapping org.postgresql.jdbc.PgConnection@798fa4f3] [execute:56 {correlationid=f0a64dea-fe26-4f13-9f2a-cb3a5ef83cd5}] 
2020-11-24 21:20:41,923 DEBUG [http-nio-8080-exec-1] com.jda.dcro.orderopt.dao.datasource.ReusableStatementJDBCTemplate Executing prepared SQL update [update:860 {correlationid=f0a64dea-fe26-4f13-9f2a-cb3a5ef83cd5}] 
2020-11-24 21:20:41,923 DEBUG [http-nio-8080-exec-1] com.jda.dcro.orderopt.dao.datasource.ReusableStatementJDBCTemplate http-nio-8080-exec-1 - Executing prepared SQL statement [DELETE FROM  /* OrderBuilderOrderSkuBatchPurgeHint */  OrderSku  WHERE ORDERID = ? ] using JDBC Connection [HikariProxyConnection@1548748561 wrapping org.postgresql.jdbc.PgConnection@798fa4f3] [execute:56 {correlationid=f0a64dea-fe26-4f13-9f2a-cb3a5ef83cd5}] 
2020-11-24 21:20:41,924 DEBUG [http-nio-8080-exec-1] com.jda.dcro.orderopt.dao.datasource.ReusableStatementJDBCTemplate Executing prepared SQL update [update:860 {correlationid=f0a64dea-fe26-4f13-9f2a-cb3a5ef83cd5}] 
2020-11-24 21:20:41,924 DEBUG [http-nio-8080-exec-1] com.jda.dcro.orderopt.dao.datasource.ReusableStatementJDBCTemplate http-nio-8080-exec-1 - Executing prepared SQL statement [DELETE FROM  /* OrderBuilderOrderTotalBatchPurgeHint */  OrderTotal  WHERE ORDERID = ? ] using JDBC Connection [HikariProxyConnection@1548748561 wrapping org.postgresql.jdbc.PgConnection@798fa4f3] [execute:56 {correlationid=f0a64dea-fe26-4f13-9f2a-cb3a5ef83cd5}] 
2020-11-24 21:20:41,924 DEBUG [http-nio-8080-exec-1] com.jda.dcro.orderopt.dao.datasource.ReusableStatementJDBCTemplate Executing prepared SQL update [update:860 {correlationid=f0a64dea-fe26-4f13-9f2a-cb3a5ef83cd5}] 
2020-11-24 21:20:41,924 DEBUG [http-nio-8080-exec-1] com.jda.dcro.orderopt.dao.datasource.ReusableStatementJDBCTemplate http-nio-8080-exec-1 - Executing prepared SQL statement [DELETE FROM  /* OrderBuilderOrderHeaderBatchPurgeHint */  OrderHeader  WHERE ORDERID = ? ] using JDBC Connection [HikariProxyConnection@1548748561 wrapping org.postgresql.jdbc.PgConnection@798fa4f3] [execute:56 {correlationid=f0a64dea-fe26-4f13-9f2a-cb3a5ef83cd5}] 
2020-11-24 21:20:41,924 DEBUG [http-nio-8080-exec-1] com.jda.dcro.orderopt.dao.datasource.ReusableStatementJDBCTemplate http-nio-8080-exec-1 - Executing prepared SQL statement using JDBC Connection [HikariProxyConnection@1548748561 wrapping org.postgresql.jdbc.PgConnection@798fa4f3] [execute:56 {correlationid=f0a64dea-fe26-4f13-9f2a-cb3a5ef83cd5}] 
2020-11-24 21:20:41,925 DEBUG [http-nio-8080-exec-1] com.jda.dcro.orderopt.dao.datasource.DCROTransactionManager Initiating transaction commit [processCommit:743 {correlationid=f0a64dea-fe26-4f13-9f2a-cb3a5ef83cd5}] 
2020-11-24 21:20:41,925 DEBUG [http-nio-8080-exec-1] com.jda.dcro.orderopt.dao.datasource.DCROTransactionManager Committing JDBC transaction on Connection [HikariProxyConnection@1548748561 wrapping org.postgresql.jdbc.PgConnection@798fa4f3] [doCommit:326 {correlationid=f0a64dea-fe26-4f13-9f2a-cb3a5ef83cd5}] 
2020-11-24 21:20:41,928 DEBUG [http-nio-8080-exec-1] com.jda.dcro.orderopt.dao.datasource.DCROTransactionManager http-nio-8080-exec-1 - Releasing JDBC Connection [HikariProxyConnection@1548748561 wrapping org.postgresql.jdbc.PgConnection@798fa4f3] before shutting down [cleanResources:62 {correlationid=f0a64dea-fe26-4f13-9f2a-cb3a5ef83cd5}] 
2020-11-24 21:20:41,928 DEBUG [http-nio-8080-exec-1] com.jda.dcro.orderopt.dao.publisher.OrderBuilderPublisherDAO Closed thread pool and DAOs for publishing [closePublishing:387 {correlationid=f0a64dea-fe26-4f13-9f2a-cb3a5ef83cd5}] 
2020-11-24 21:20:41,929 INFO  [http-nio-8080-exec-1] com.jda.dcro.orderopt.nodeservices.OrderBuilderNode Done with processing the Online action  [executeOnlineAction:225 {correlationid=f0a64dea-fe26-4f13-9f2a-cb3a5ef83cd5}] 
