 ordergroup |  ordergroupmember   |   uom    | qty | unroundedqty | type |   source   |    dest    
------------+---------------------+----------+-----+--------------+------+------------+------------
 14428008   |                     | 41421002 | 312 |  311.4285714 |    1 | 3187054250 | 14417313
 14428008   |                     | 41421002 | 312 |  311.4285714 |    2 | 3187054250 | 14417313
 14428008   |                     | 41421002 | 312 |  311.4285714 |    3 | 3187054250 | 14417313
 14428008   | OOPT-FBK414.21-OGM1 | 41421002 | 193 |  192.4285714 |    1 | 3187054250 | 14417313
 14428008   | OOPT-FBK414.21-OGM1 | 41421002 | 193 |  192.4285714 |    2 | 3187054250 | 14417313
 14428008   | OOPT-FBK414.21-OGM1 | 41421002 | 193 |  192.4285714 |    3 | 3187054250 | 14417313
 14428008   | OOPT-FBK414.21-OGM2 | 41421002 | 119 |          119 |    1 | 3187054250 | 14417313
 14428008   | OOPT-FBK414.21-OGM2 | 41421002 | 119 |          119 |    2 | 3187054250 | 14417313
 14428008   | OOPT-FBK414.21-OGM2 | 41421002 | 119 |          119 |    3 | 3187054250 | 14417313
 15351529   |                     | 41422002 |  88 |           88 |    1 | 3187084041 | 15340834
 15351529   |                     | 41422002 |  88 |           88 |    2 | 3187084041 | 15340834
 15351529   |                     | 41422002 |  88 |           88 |    3 | 3187084041 | 15340834
 15351529   | OOPT-FBK414.22-OGM2 | 41422002 |  88 |           88 |    1 | 3187084041 | 15340834
 15351529   | OOPT-FBK414.22-OGM2 | 41422002 |  88 |           88 |    2 | 3187084041 | 15340834
 15351529   | OOPT-FBK414.22-OGM2 | 41422002 |  88 |           88 |    3 | 3187084041 | 15340834
 4252137000 |                     | 41401002 |  32 |           32 |    1 | 3185207208 | 4252126305
 4252137000 |                     | 41401002 |  32 |           32 |    2 | 3185207208 | 4252126305
 4252137000 |                     | 41401002 |  32 |           32 |    3 | 3185207208 | 4252126305
 4252137000 |                     | 41401002 |  32 |           32 |    1 | 3185207208 | 4252126305
 4252137000 |                     | 41401002 |  32 |           32 |    2 | 3185207208 | 4252126305
 4252137000 |                     | 41401002 |  32 |           32 |    3 | 3185207208 | 4252126305
 4252137000 |                     | 41401002 |  32 |           32 |    1 | 3185207208 | 4252126305
 4252137000 |                     | 41401002 |  32 |           32 |    2 | 3185207208 | 4252126305
 4252137000 |                     | 41401002 |  32 |           32 |    3 | 3185207208 | 4252126305
 4252137000 | OOPT-FBK414.01-OGM1 | 41401002 |  21 |           21 |    1 | 3185207208 | 4252126305
 4252137000 | OOPT-FBK414.01-OGM1 | 41401002 |  21 |           21 |    2 | 3185207208 | 4252126305
 4252137000 | OOPT-FBK414.01-OGM1 | 41401002 |  21 |           21 |    3 | 3185207208 | 4252126305
 4252137000 | OOPT-FBK414.01-OGM1 | 41401002 |  21 |           21 |    1 | 3185207208 | 4252126305
 4252137000 | OOPT-FBK414.01-OGM1 | 41401002 |  21 |           21 |    2 | 3185207208 | 4252126305
 4252137000 | OOPT-FBK414.01-OGM1 | 41401002 |  21 |           21 |    3 | 3185207208 | 4252126305
 4252137000 | OOPT-FBK414.01-OGM1 | 41401002 |  21 |           21 |    1 | 3185207208 | 4252126305
 4252137000 | OOPT-FBK414.01-OGM1 | 41401002 |  21 |           21 |    2 | 3185207208 | 4252126305
 4252137000 | OOPT-FBK414.01-OGM1 | 41401002 |  21 |           21 |    3 | 3185207208 | 4252126305
 4252137000 | OOPT-FBK414.01-OGM2 | 41401002 |  11 |           11 |    1 | 3185207208 | 4252126305
 4252137000 | OOPT-FBK414.01-OGM2 | 41401002 |  11 |           11 |    2 | 3185207208 | 4252126305
 4252137000 | OOPT-FBK414.01-OGM2 | 41401002 |  11 |           11 |    3 | 3185207208 | 4252126305
 4252137000 | OOPT-FBK414.01-OGM2 | 41401002 |  11 |           11 |    1 | 3185207208 | 4252126305
 4252137000 | OOPT-FBK414.01-OGM2 | 41401002 |  11 |           11 |    2 | 3185207208 | 4252126305
 4252137000 | OOPT-FBK414.01-OGM2 | 41401002 |  11 |           11 |    3 | 3185207208 | 4252126305
 4252137000 | OOPT-FBK414.01-OGM2 | 41401002 |  11 |           11 |    1 | 3185207208 | 4252126305
 4252137000 | OOPT-FBK414.01-OGM2 | 41401002 |  11 |           11 |    2 | 3185207208 | 4252126305
 4252137000 | OOPT-FBK414.01-OGM2 | 41401002 |  11 |           11 |    3 | 3185207208 | 4252126305
 4253060521 |                     | 41402002 |  18 |           18 |    1 | 3185236999 | 4253049826
 4253060521 |                     | 41402002 |  18 |           18 |    2 | 3185236999 | 4253049826
 4253060521 |                     | 41402002 |  18 |           18 |    3 | 3185236999 | 4253049826
 4253060521 |                     | 41402002 |  32 |           32 |    1 | 3185236999 | 4253049826
 4253060521 |                     | 41402002 |  32 |           32 |    2 | 3185236999 | 4253049826
 4253060521 |                     | 41402002 |  32 |           32 |    3 | 3185236999 | 4253049826
 4253060521 |                     | 41402002 |  26 |           26 |    1 | 3185236999 | 4253049826
 4253060521 |                     | 41402002 |  26 |           26 |    2 | 3185236999 | 4253049826
 4253060521 |                     | 41402002 |  26 |           26 |    3 | 3185236999 | 4253049826
 4253060521 | OOPT-FBK414.02-OGM1 | 41402002 |  12 |           12 |    1 | 3185236999 | 4253049826
 4253060521 | OOPT-FBK414.02-OGM1 | 41402002 |  12 |           12 |    2 | 3185236999 | 4253049826
 4253060521 | OOPT-FBK414.02-OGM1 | 41402002 |  12 |           12 |    3 | 3185236999 | 4253049826
 4253060521 | OOPT-FBK414.02-OGM1 | 41402002 |  21 |           21 |    1 | 3185236999 | 4253049826
 4253060521 | OOPT-FBK414.02-OGM1 | 41402002 |  21 |           21 |    2 | 3185236999 | 4253049826
 4253060521 | OOPT-FBK414.02-OGM1 | 41402002 |  21 |           21 |    3 | 3185236999 | 4253049826
 4253060521 | OOPT-FBK414.02-OGM1 | 41402002 |  21 |           21 |    1 | 3185236999 | 4253049826
 4253060521 | OOPT-FBK414.02-OGM1 | 41402002 |  21 |           21 |    2 | 3185236999 | 4253049826
 4253060521 | OOPT-FBK414.02-OGM1 | 41402002 |  21 |           21 |    3 | 3185236999 | 4253049826
 4253060521 | OOPT-FBK414.02-OGM2 | 41402002 |   6 |            6 |    1 | 3185236999 | 4253049826
 4253060521 | OOPT-FBK414.02-OGM2 | 41402002 |   6 |            6 |    2 | 3185236999 | 4253049826
 4253060521 | OOPT-FBK414.02-OGM2 | 41402002 |   6 |            6 |    3 | 3185236999 | 4253049826
 4253060521 | OOPT-FBK414.02-OGM2 | 41402002 |  11 |           11 |    1 | 3185236999 | 4253049826
 4253060521 | OOPT-FBK414.02-OGM2 | 41402002 |  11 |           11 |    2 | 3185236999 | 4253049826
 4253060521 | OOPT-FBK414.02-OGM2 | 41402002 |  11 |           11 |    3 | 3185236999 | 4253049826
 4253060521 | OOPT-FBK414.02-OGM2 | 41402002 |   5 |            5 |    1 | 3185236999 | 4253049826
 4253060521 | OOPT-FBK414.02-OGM2 | 41402002 |   5 |            5 |    2 | 3185236999 | 4253049826
 4253060521 | OOPT-FBK414.02-OGM2 | 41402002 |   5 |            5 |    3 | 3185236999 | 4253049826
 4253984042 |                     | 41403002 |  21 |           21 |    1 | 3185266790 | 4253973347
 4253984042 |                     | 41403002 |  21 |           21 |    2 | 3185266790 | 4253973347
 4253984042 |                     | 41403002 |  21 |           21 |    3 | 3185266790 | 4253973347
 4253984042 |                     | 41403002 |  21 |           21 |    1 | 3185266790 | 4253973347
 4253984042 |                     | 41403002 |  21 |           21 |    2 | 3185266790 | 4253973347
 4253984042 |                     | 41403002 |  21 |           21 |    3 | 3185266790 | 4253973347
 4253984042 |                     | 41403002 |  21 |           21 |    1 | 3185266790 | 4253973347
 4253984042 |                     | 41403002 |  21 |           21 |    2 | 3185266790 | 4253973347
 4253984042 |                     | 41403002 |  21 |           21 |    3 | 3185266790 | 4253973347
 4253984042 | OOPT-FBK414.03-OGM1 | 41403002 |  10 |           10 |    1 | 3185266790 | 4253973347
 4253984042 | OOPT-FBK414.03-OGM1 | 41403002 |  10 |           10 |    2 | 3185266790 | 4253973347
 4253984042 | OOPT-FBK414.03-OGM1 | 41403002 |  10 |           10 |    3 | 3185266790 | 4253973347
 4253984042 | OOPT-FBK414.03-OGM1 | 41403002 |  10 |           10 |    1 | 3185266790 | 4253973347
 4253984042 | OOPT-FBK414.03-OGM1 | 41403002 |  10 |           10 |    2 | 3185266790 | 4253973347
 4253984042 | OOPT-FBK414.03-OGM1 | 41403002 |  10 |           10 |    3 | 3185266790 | 4253973347
 4253984042 | OOPT-FBK414.03-OGM1 | 41403002 |  10 |           10 |    1 | 3185266790 | 4253973347
 4253984042 | OOPT-FBK414.03-OGM1 | 41403002 |  10 |           10 |    2 | 3185266790 | 4253973347
 4253984042 | OOPT-FBK414.03-OGM1 | 41403002 |  10 |           10 |    3 | 3185266790 | 4253973347
 4253984042 | OOPT-FBK414.03-OGM2 | 41403002 |  11 |           11 |    1 | 3185266790 | 4253973347
 4253984042 | OOPT-FBK414.03-OGM2 | 41403002 |  11 |           11 |    2 | 3185266790 | 4253973347
 4253984042 | OOPT-FBK414.03-OGM2 | 41403002 |  11 |           11 |    3 | 3185266790 | 4253973347
 4253984042 | OOPT-FBK414.03-OGM2 | 41403002 |  11 |           11 |    1 | 3185266790 | 4253973347
 4253984042 | OOPT-FBK414.03-OGM2 | 41403002 |  11 |           11 |    2 | 3185266790 | 4253973347
 4253984042 | OOPT-FBK414.03-OGM2 | 41403002 |  11 |           11 |    3 | 3185266790 | 4253973347
 4253984042 | OOPT-FBK414.03-OGM2 | 41403002 |  11 |           11 |    1 | 3185266790 | 4253973347
 4253984042 | OOPT-FBK414.03-OGM2 | 41403002 |  11 |           11 |    2 | 3185266790 | 4253973347
 4253984042 | OOPT-FBK414.03-OGM2 | 41403002 |  11 |           11 |    3 | 3185266790 | 4253973347
 4254907563 |                     | 41404002 |  11 |           11 |    1 | 3185296581 | 4254896868
 4254907563 |                     | 41404002 |  11 |           11 |    3 | 3185296581 | 4254896868
 4254907563 |                     | 41404002 |  21 |           21 |    1 | 3185296581 | 4254896868
 4254907563 |                     | 41404002 |  31 |           31 |    2 | 3185296581 | 4254896868
 4254907563 |                     | 41404002 |  31 |           31 |    3 | 3185296581 | 4254896868
 4254907563 |                     | 41404002 |  11 |           11 |    1 | 3185296581 | 4254896868
 4254907563 |                     | 41404002 |  11 |           11 |    3 | 3185296581 | 4254896868
 4254907563 | OOPT-FBK414.04-OGM1 | 41404002 |   0 |            0 |    1 | 3185296581 | 4254896868
 4254907563 | OOPT-FBK414.04-OGM1 | 41404002 |   0 |            0 |    3 | 3185296581 | 4254896868
 4254907563 | OOPT-FBK414.04-OGM1 | 41404002 |  10 |           10 |    1 | 3185296581 | 4254896868
 4254907563 | OOPT-FBK414.04-OGM1 | 41404002 |  20 |           20 |    2 | 3185296581 | 4254896868
 4254907563 | OOPT-FBK414.04-OGM1 | 41404002 |  20 |           20 |    3 | 3185296581 | 4254896868
 4254907563 | OOPT-FBK414.04-OGM1 | 41404002 |   0 |            0 |    1 | 3185296581 | 4254896868
 4254907563 | OOPT-FBK414.04-OGM1 | 41404002 |   0 |            0 |    3 | 3185296581 | 4254896868
 4254907563 | OOPT-FBK414.04-OGM2 | 41404002 |  11 |           11 |    1 | 3185296581 | 4254896868
 4254907563 | OOPT-FBK414.04-OGM2 | 41404002 |  11 |           11 |    3 | 3185296581 | 4254896868
 4254907563 | OOPT-FBK414.04-OGM2 | 41404002 |  11 |           11 |    1 | 3185296581 | 4254896868
 4254907563 | OOPT-FBK414.04-OGM2 | 41404002 |  11 |           11 |    2 | 3185296581 | 4254896868
 4254907563 | OOPT-FBK414.04-OGM2 | 41404002 |  11 |           11 |    3 | 3185296581 | 4254896868
 4254907563 | OOPT-FBK414.04-OGM2 | 41404002 |  11 |           11 |    1 | 3185296581 | 4254896868
 4254907563 | OOPT-FBK414.04-OGM2 | 41404002 |  11 |           11 |    3 | 3185296581 | 4254896868
 4255831084 |                     | 41405002 |  21 |           19 |    1 | 3185326372 | 4255820389
 4255831084 |                     | 41405002 |  21 |           19 |    2 | 3185326372 | 4255820389
 4255831084 |                     | 41405002 |  21 |           19 |    3 | 3185326372 | 4255820389
 4255831084 |                     | 41405002 |  29 |           19 |    1 | 3185326372 | 4255820389
 4255831084 |                     | 41405002 |  29 |           19 |    2 | 3185326372 | 4255820389
 4255831084 |                     | 41405002 |  29 |           19 |    3 | 3185326372 | 4255820389
 4255831084 |                     | 41405002 |  11 |           11 |    1 | 3185326372 | 4255820389
 4255831084 |                     | 41405002 |  11 |           11 |    2 | 3185326372 | 4255820389
 4255831084 |                     | 41405002 |  11 |           11 |    3 | 3185326372 | 4255820389
 4255831084 | OOPT-FBK414.05-OGM1 | 41405002 |  10 |            8 |    1 | 3185326372 | 4255820389
 4255831084 | OOPT-FBK414.05-OGM1 | 41405002 |  10 |            8 |    2 | 3185326372 | 4255820389
 4255831084 | OOPT-FBK414.05-OGM1 | 41405002 |  10 |            8 |    3 | 3185326372 | 4255820389
 4255831084 | OOPT-FBK414.05-OGM1 | 41405002 |  18 |            8 |    1 | 3185326372 | 4255820389
 4255831084 | OOPT-FBK414.05-OGM1 | 41405002 |  18 |            8 |    2 | 3185326372 | 4255820389
 4255831084 | OOPT-FBK414.05-OGM1 | 41405002 |  18 |            8 |    3 | 3185326372 | 4255820389
 4255831084 | OOPT-FBK414.05-OGM1 | 41405002 |   0 |            0 |    1 | 3185326372 | 4255820389
 4255831084 | OOPT-FBK414.05-OGM1 | 41405002 |   0 |            0 |    2 | 3185326372 | 4255820389
 4255831084 | OOPT-FBK414.05-OGM1 | 41405002 |   0 |            0 |    3 | 3185326372 | 4255820389
 4255831084 | OOPT-FBK414.05-OGM2 | 41405002 |  11 |           11 |    1 | 3185326372 | 4255820389
 4255831084 | OOPT-FBK414.05-OGM2 | 41405002 |  11 |           11 |    2 | 3185326372 | 4255820389
 4255831084 | OOPT-FBK414.05-OGM2 | 41405002 |  11 |           11 |    3 | 3185326372 | 4255820389
 4255831084 | OOPT-FBK414.05-OGM2 | 41405002 |  11 |           11 |    1 | 3185326372 | 4255820389
 4255831084 | OOPT-FBK414.05-OGM2 | 41405002 |  11 |           11 |    2 | 3185326372 | 4255820389
 4255831084 | OOPT-FBK414.05-OGM2 | 41405002 |  11 |           11 |    3 | 3185326372 | 4255820389
 4255831084 | OOPT-FBK414.05-OGM2 | 41405002 |  11 |           11 |    1 | 3185326372 | 4255820389
 4255831084 | OOPT-FBK414.05-OGM2 | 41405002 |  11 |           11 |    2 | 3185326372 | 4255820389
 4255831084 | OOPT-FBK414.05-OGM2 | 41405002 |  11 |           11 |    3 | 3185326372 | 4255820389
 4256754605 |                     | 41406002 |  22 |           22 |    1 | 3185356163 | 4256743910
 4256754605 |                     | 41406002 |  44 |           44 |    2 | 3185356163 | 4256743910
 4256754605 |                     | 41406002 |  44 |           44 |    3 | 3185356163 | 4256743910
 4256754605 |                     | 41406002 |   0 |            0 |    1 | 3185356163 | 4256743910
 4256754605 |                     | 41406002 |   0 |            0 |    3 | 3185356163 | 4256743910
 4256754605 |                     | 41406002 |  22 |           22 |    1 | 3185356163 | 4256743910
 4256754605 |                     | 41406002 |  44 |           44 |    2 | 3185356163 | 4256743910
 4256754605 |                     | 41406002 |  44 |           44 |    3 | 3185356163 | 4256743910
 4256754605 | OOPT-FBK414.06-OGM1 | 41406002 |  11 |           11 |    1 | 3185356163 | 4256743910
 4256754605 | OOPT-FBK414.06-OGM1 | 41406002 |  22 |           22 |    2 | 3185356163 | 4256743910
 4256754605 | OOPT-FBK414.06-OGM1 | 41406002 |  22 |           22 |    3 | 3185356163 | 4256743910
 4256754605 | OOPT-FBK414.06-OGM1 | 41406002 |   0 |            0 |    1 | 3185356163 | 4256743910
 4256754605 | OOPT-FBK414.06-OGM1 | 41406002 |   0 |            0 |    3 | 3185356163 | 4256743910
 4256754605 | OOPT-FBK414.06-OGM1 | 41406002 |  11 |           11 |    1 | 3185356163 | 4256743910
 4256754605 | OOPT-FBK414.06-OGM1 | 41406002 |  22 |           22 |    2 | 3185356163 | 4256743910
 4256754605 | OOPT-FBK414.06-OGM1 | 41406002 |  22 |           22 |    3 | 3185356163 | 4256743910
 4256754605 | OOPT-FBK414.06-OGM2 | 41406002 |  11 |           11 |    1 | 3185356163 | 4256743910
 4256754605 | OOPT-FBK414.06-OGM2 | 41406002 |  22 |           22 |    2 | 3185356163 | 4256743910
 4256754605 | OOPT-FBK414.06-OGM2 | 41406002 |  22 |           22 |    3 | 3185356163 | 4256743910
 4256754605 | OOPT-FBK414.06-OGM2 | 41406002 |   0 |            0 |    1 | 3185356163 | 4256743910
 4256754605 | OOPT-FBK414.06-OGM2 | 41406002 |   0 |            0 |    3 | 3185356163 | 4256743910
 4256754605 | OOPT-FBK414.06-OGM2 | 41406002 |  11 |           11 |    1 | 3185356163 | 4256743910
 4256754605 | OOPT-FBK414.06-OGM2 | 41406002 |  22 |           22 |    2 | 3185356163 | 4256743910
 4256754605 | OOPT-FBK414.06-OGM2 | 41406002 |  22 |           22 |    3 | 3185356163 | 4256743910
 4257678126 |                     | 41407002 |  32 |           32 |    1 | 3185385954 | 4257667431
 4257678126 |                     | 41407002 |  32 |           32 |    3 | 3185385954 | 4257667431
 4257678126 |                     | 41407002 |  32 |           32 |    1 | 3185385954 | 4257667431
 4257678126 |                     | 41407002 |  32 |           32 |    3 | 3185385954 | 4257667431
 4257678126 |                     | 41407003 |  32 |           32 |    1 | 3185385954 | 4257667431
 4257678126 |                     | 41407003 |  32 |           32 |    3 | 3185385954 | 4257667431
 4257678126 | OOPT-FBK414.07-OGM1 | 41407002 |  21 |           21 |    1 | 3185385954 | 4257667431
 4257678126 | OOPT-FBK414.07-OGM1 | 41407002 |  21 |           21 |    3 | 3185385954 | 4257667431
 4257678126 | OOPT-FBK414.07-OGM1 | 41407002 |  21 |           21 |    1 | 3185385954 | 4257667431
 4257678126 | OOPT-FBK414.07-OGM1 | 41407002 |  21 |           21 |    3 | 3185385954 | 4257667431
 4257678126 | OOPT-FBK414.07-OGM1 | 41407003 |  21 |           21 |    1 | 3185385954 | 4257667431
 4257678126 | OOPT-FBK414.07-OGM1 | 41407003 |  21 |           21 |    3 | 3185385954 | 4257667431
 4257678126 | OOPT-FBK414.07-OGM2 | 41407002 |  11 |           11 |    1 | 3185385954 | 4257667431
 4257678126 | OOPT-FBK414.07-OGM2 | 41407002 |  11 |           11 |    3 | 3185385954 | 4257667431
 4257678126 | OOPT-FBK414.07-OGM2 | 41407002 |  11 |           11 |    1 | 3185385954 | 4257667431
 4257678126 | OOPT-FBK414.07-OGM2 | 41407002 |  11 |           11 |    3 | 3185385954 | 4257667431
 4257678126 | OOPT-FBK414.07-OGM2 | 41407003 |  11 |           11 |    1 | 3185385954 | 4257667431
 4257678126 | OOPT-FBK414.07-OGM2 | 41407003 |  11 |           11 |    3 | 3185385954 | 4257667431
 4258601647 |                     | 41408002 |  32 |           32 |    1 | 3185415745 | 4258590952
 4258601647 |                     | 41408002 | 128 |          128 |    2 | 3185415745 | 4258590952
 4258601647 |                     | 41408002 | 128 |          128 |    3 | 3185415745 | 4258590952
 4258601647 |                     | 41408002 |   0 |            0 |    1 | 3185415745 | 4258590952
 4258601647 |                     | 41408002 |   0 |            0 |    3 | 3185415745 | 4258590952
 4258601647 | OOPT-FBK414.08-OGM1 | 41408002 |  21 |           21 |    1 | 3185415745 | 4258590952
 4258601647 | OOPT-FBK414.08-OGM1 | 41408002 |  84 |           84 |    2 | 3185415745 | 4258590952
 4258601647 | OOPT-FBK414.08-OGM1 | 41408002 |  84 |           84 |    3 | 3185415745 | 4258590952
 4258601647 | OOPT-FBK414.08-OGM1 | 41408002 |   0 |            0 |    1 | 3185415745 | 4258590952
 4258601647 | OOPT-FBK414.08-OGM1 | 41408002 |   0 |            0 |    3 | 3185415745 | 4258590952
 4258601647 | OOPT-FBK414.08-OGM2 | 41408002 |  11 |           11 |    1 | 3185415745 | 4258590952
 4258601647 | OOPT-FBK414.08-OGM2 | 41408002 |  44 |           44 |    2 | 3185415745 | 4258590952
 4258601647 | OOPT-FBK414.08-OGM2 | 41408002 |  44 |           44 |    3 | 3185415745 | 4258590952
 4258601647 | OOPT-FBK414.08-OGM2 | 41408002 |   0 |            0 |    1 | 3185415745 | 4258590952
 4258601647 | OOPT-FBK414.08-OGM2 | 41408002 |   0 |            0 |    3 | 3185415745 | 4258590952
 4259525168 |                     | 41409002 |  21 |           21 |    1 | 3185445536 | 4259514473
 4259525168 |                     | 41409002 |  21 |           21 |    2 | 3185445536 | 4259514473
 4259525168 |                     | 41409002 |  21 |           21 |    3 | 3185445536 | 4259514473
 4259525168 |                     | 41409002 |  21 |           21 |    1 | 3185445537 | 4259514473
 4259525168 |                     | 41409002 |  21 |           21 |    2 | 3185445537 | 4259514473
 4259525168 |                     | 41409002 |  21 |           21 |    3 | 3185445537 | 4259514473
 4259525168 |                     | 41409002 |  21 |           21 |    1 | 3185445537 | 4259514473
 4259525168 |                     | 41409002 |  21 |           21 |    2 | 3185445537 | 4259514473
 4259525168 |                     | 41409002 |  21 |           21 |    3 | 3185445537 | 4259514473
 4259525168 | OOPT-FBK414.09-OGM1 | 41409002 |  21 |           21 |    1 | 3185445536 | 4259514473
 4259525168 | OOPT-FBK414.09-OGM1 | 41409002 |  21 |           21 |    2 | 3185445536 | 4259514473
 4259525168 | OOPT-FBK414.09-OGM1 | 41409002 |  21 |           21 |    3 | 3185445536 | 4259514473
 4259525168 | OOPT-FBK414.09-OGM2 | 41409002 |  21 |           21 |    1 | 3185445537 | 4259514473
 4259525168 | OOPT-FBK414.09-OGM2 | 41409002 |  21 |           21 |    2 | 3185445537 | 4259514473
 4259525168 | OOPT-FBK414.09-OGM2 | 41409002 |  21 |           21 |    3 | 3185445537 | 4259514473
 4259525168 | OOPT-FBK414.09-OGM2 | 41409002 |  21 |           21 |    1 | 3185445537 | 4259514473
 4259525168 | OOPT-FBK414.09-OGM2 | 41409002 |  21 |           21 |    2 | 3185445537 | 4259514473
 4259525168 | OOPT-FBK414.09-OGM2 | 41409002 |  21 |           21 |    3 | 3185445537 | 4259514473
 4279842630 |                     | 41410002 |  21 |           21 |    1 | 3186100938 | 4279831935
 4279842630 |                     | 41410002 |  21 |           21 |    2 | 3186100938 | 4279831935
 4279842630 |                     | 41410002 |  21 |           21 |    3 | 3186100938 | 4279831935
 4279842630 |                     | 41410002 |  41 |           41 |    1 | 3186100938 | 4279831936
 4279842630 |                     | 41410002 |  41 |           41 |    2 | 3186100938 | 4279831936
 4279842630 |                     | 41410002 |  41 |           41 |    3 | 3186100938 | 4279831936
 4279842630 |                     | 41410002 |  11 |           11 |    1 | 3186100938 | 4279831936
 4279842630 |                     | 41410002 |  11 |           11 |    2 | 3186100938 | 4279831936
 4279842630 |                     | 41410002 |  11 |           11 |    3 | 3186100938 | 4279831936
 4279842630 | OOPT-FBK414.10-OGM1 | 41410002 |  21 |           21 |    1 | 3186100938 | 4279831935
 4279842630 | OOPT-FBK414.10-OGM1 | 41410002 |  21 |           21 |    2 | 3186100938 | 4279831935
 4279842630 | OOPT-FBK414.10-OGM1 | 41410002 |  21 |           21 |    3 | 3186100938 | 4279831935
 4279842630 | OOPT-FBK414.10-OGM2 | 41410002 |  41 |           41 |    1 | 3186100938 | 4279831936
 4279842630 | OOPT-FBK414.10-OGM2 | 41410002 |  41 |           41 |    2 | 3186100938 | 4279831936
 4279842630 | OOPT-FBK414.10-OGM2 | 41410002 |  41 |           41 |    3 | 3186100938 | 4279831936
 4279842630 | OOPT-FBK414.10-OGM2 | 41410002 |  11 |           11 |    1 | 3186100938 | 4279831936
 4279842630 | OOPT-FBK414.10-OGM2 | 41410002 |  11 |           11 |    2 | 3186100938 | 4279831936
 4279842630 | OOPT-FBK414.10-OGM2 | 41410002 |  11 |           11 |    3 | 3186100938 | 4279831936
 4280766151 |                     | 41411002 |   0 |            0 |    1 | 3186130729 | 4280755456
 4280766151 |                     | 41411002 |   0 |            0 |    3 | 3186130729 | 4280755456
 4280766151 |                     | 41411002 |  32 |           32 |    1 | 3186130729 | 4280755456
 4280766151 |                     | 41411002 |  32 |           32 |    2 | 3186130729 | 4280755456
 4280766151 |                     | 41411002 |  32 |           32 |    3 | 3186130729 | 4280755456
 4280766151 |                     | 41411002 |  32 |           32 |    1 | 3186130729 | 4280755456
 4280766151 |                     | 41411002 |  32 |           32 |    2 | 3186130729 | 4280755456
 4280766151 |                     | 41411002 |  32 |           32 |    3 | 3186130729 | 4280755456
 4280766151 | OOPT-FBK414.11-OGM1 | 41411002 |   0 |            0 |    1 | 3186130729 | 4280755456
 4280766151 | OOPT-FBK414.11-OGM1 | 41411002 |   0 |            0 |    3 | 3186130729 | 4280755456
 4280766151 | OOPT-FBK414.11-OGM1 | 41411002 |  21 |           21 |    1 | 3186130729 | 4280755456
 4280766151 | OOPT-FBK414.11-OGM1 | 41411002 |  21 |           21 |    2 | 3186130729 | 4280755456
 4280766151 | OOPT-FBK414.11-OGM1 | 41411002 |  21 |           21 |    3 | 3186130729 | 4280755456
 4280766151 | OOPT-FBK414.11-OGM1 | 41411002 |  21 |           21 |    1 | 3186130729 | 4280755456
 4280766151 | OOPT-FBK414.11-OGM1 | 41411002 |  21 |           21 |    2 | 3186130729 | 4280755456
 4280766151 | OOPT-FBK414.11-OGM1 | 41411002 |  21 |           21 |    3 | 3186130729 | 4280755456
 4280766151 | OOPT-FBK414.11-OGM2 | 41411002 |   0 |            0 |    1 | 3186130729 | 4280755456
 4280766151 | OOPT-FBK414.11-OGM2 | 41411002 |   0 |            0 |    3 | 3186130729 | 4280755456
 4280766151 | OOPT-FBK414.11-OGM2 | 41411002 |  11 |           11 |    1 | 3186130729 | 4280755456
 4280766151 | OOPT-FBK414.11-OGM2 | 41411002 |  11 |           11 |    2 | 3186130729 | 4280755456
 4280766151 | OOPT-FBK414.11-OGM2 | 41411002 |  11 |           11 |    3 | 3186130729 | 4280755456
 4280766151 | OOPT-FBK414.11-OGM2 | 41411002 |  11 |           11 |    1 | 3186130729 | 4280755456
 4280766151 | OOPT-FBK414.11-OGM2 | 41411002 |  11 |           11 |    2 | 3186130729 | 4280755456
 4280766151 | OOPT-FBK414.11-OGM2 | 41411002 |  11 |           11 |    3 | 3186130729 | 4280755456
 4281689672 |                     | 41412002 |  32 |           32 |    1 | 3186160520 | 4281678977
 4281689672 |                     | 41412002 |  32 |           32 |    2 | 3186160520 | 4281678977
 4281689672 |                     | 41412002 |  32 |           32 |    3 | 3186160520 | 4281678977
 4281689672 |                     | 41412002 |  32 |           32 |    1 | 3186160520 | 4281678977
 4281689672 |                     | 41412002 |  32 |           32 |    2 | 3186160520 | 4281678977
 4281689672 |                     | 41412002 |  32 |           32 |    3 | 3186160520 | 4281678977
 4281689672 |                     | 41412002 |  32 |           32 |    1 | 3186160520 | 4281678977
 4281689672 |                     | 41412002 |  32 |           32 |    2 | 3186160520 | 4281678977
 4281689672 |                     | 41412002 |  32 |           32 |    3 | 3186160520 | 4281678977
 4281689672 | OOPT-FBK414.12-OGM1 | 41412002 |  21 |           21 |    1 | 3186160520 | 4281678977
 4281689672 | OOPT-FBK414.12-OGM1 | 41412002 |  21 |           21 |    2 | 3186160520 | 4281678977
 4281689672 | OOPT-FBK414.12-OGM1 | 41412002 |  21 |           21 |    3 | 3186160520 | 4281678977
 4281689672 | OOPT-FBK414.12-OGM1 | 41412002 |  21 |           21 |    1 | 3186160520 | 4281678977
 4281689672 | OOPT-FBK414.12-OGM1 | 41412002 |  21 |           21 |    2 | 3186160520 | 4281678977
 4281689672 | OOPT-FBK414.12-OGM1 | 41412002 |  21 |           21 |    3 | 3186160520 | 4281678977
 4281689672 | OOPT-FBK414.12-OGM1 | 41412002 |  21 |           21 |    1 | 3186160520 | 4281678977
 4281689672 | OOPT-FBK414.12-OGM1 | 41412002 |  21 |           21 |    2 | 3186160520 | 4281678977
 4281689672 | OOPT-FBK414.12-OGM1 | 41412002 |  21 |           21 |    3 | 3186160520 | 4281678977
 4281689672 | OOPT-FBK414.12-OGM2 | 41412002 |  11 |           11 |    1 | 3186160520 | 4281678977
 4281689672 | OOPT-FBK414.12-OGM2 | 41412002 |  11 |           11 |    2 | 3186160520 | 4281678977
 4281689672 | OOPT-FBK414.12-OGM2 | 41412002 |  11 |           11 |    3 | 3186160520 | 4281678977
 4281689672 | OOPT-FBK414.12-OGM2 | 41412002 |  11 |           11 |    1 | 3186160520 | 4281678977
 4281689672 | OOPT-FBK414.12-OGM2 | 41412002 |  11 |           11 |    2 | 3186160520 | 4281678977
 4281689672 | OOPT-FBK414.12-OGM2 | 41412002 |  11 |           11 |    3 | 3186160520 | 4281678977
 4281689672 | OOPT-FBK414.12-OGM2 | 41412002 |  11 |           11 |    1 | 3186160520 | 4281678977
 4281689672 | OOPT-FBK414.12-OGM2 | 41412002 |  11 |           11 |    2 | 3186160520 | 4281678977
 4281689672 | OOPT-FBK414.12-OGM2 | 41412002 |  11 |           11 |    3 | 3186160520 | 4281678977
 4282613193 |                     | 41413002 |   0 |            0 |    1 | 3186190311 | 4282602498
 4282613193 |                     | 41413002 |   0 |            0 |    3 | 3186190311 | 4282602498
 4282613193 |                     | 41413002 |  32 |           32 |    1 | 3186190311 | 4282602498
 4282613193 |                     | 41413002 |  32 |           32 |    2 | 3186190311 | 4282602498
 4282613193 |                     | 41413002 |  32 |           32 |    3 | 3186190311 | 4282602498
 4282613193 |                     | 41413002 |  32 |           32 |    1 | 3186190311 | 4282602498
 4282613193 |                     | 41413002 |  32 |           32 |    2 | 3186190311 | 4282602498
 4282613193 |                     | 41413002 |  32 |           32 |    3 | 3186190311 | 4282602498
 4282613193 | OOPT-FBK414.13-OGM1 | 41413002 |   0 |            0 |    1 | 3186190311 | 4282602498
 4282613193 | OOPT-FBK414.13-OGM1 | 41413002 |   0 |            0 |    3 | 3186190311 | 4282602498
 4282613193 | OOPT-FBK414.13-OGM1 | 41413002 |  21 |           21 |    1 | 3186190311 | 4282602498
 4282613193 | OOPT-FBK414.13-OGM1 | 41413002 |  21 |           21 |    2 | 3186190311 | 4282602498
 4282613193 | OOPT-FBK414.13-OGM1 | 41413002 |  21 |           21 |    3 | 3186190311 | 4282602498
 4282613193 | OOPT-FBK414.13-OGM1 | 41413002 |  21 |           21 |    1 | 3186190311 | 4282602498
 4282613193 | OOPT-FBK414.13-OGM1 | 41413002 |  21 |           21 |    2 | 3186190311 | 4282602498
 4282613193 | OOPT-FBK414.13-OGM1 | 41413002 |  21 |           21 |    3 | 3186190311 | 4282602498
 4282613193 | OOPT-FBK414.13-OGM2 | 41413002 |   0 |            0 |    1 | 3186190311 | 4282602498
 4282613193 | OOPT-FBK414.13-OGM2 | 41413002 |   0 |            0 |    3 | 3186190311 | 4282602498
 4282613193 | OOPT-FBK414.13-OGM2 | 41413002 |  11 |           11 |    1 | 3186190311 | 4282602498
 4282613193 | OOPT-FBK414.13-OGM2 | 41413002 |  11 |           11 |    2 | 3186190311 | 4282602498
 4282613193 | OOPT-FBK414.13-OGM2 | 41413002 |  11 |           11 |    3 | 3186190311 | 4282602498
 4282613193 | OOPT-FBK414.13-OGM2 | 41413002 |  11 |           11 |    1 | 3186190311 | 4282602498
 4282613193 | OOPT-FBK414.13-OGM2 | 41413002 |  11 |           11 |    2 | 3186190311 | 4282602498
 4282613193 | OOPT-FBK414.13-OGM2 | 41413002 |  11 |           11 |    3 | 3186190311 | 4282602498
 4283536714 |                     | 41414002 |  36 |           36 |    1 | 3186220102 | 4283526019
 4283536714 |                     | 41414002 |  36 |           36 |    2 | 3186220102 | 4283526019
 4283536714 |                     | 41414002 |  36 |           36 |    3 | 3186220102 | 4283526019
 4283536714 | OOPT-FBK414.14-OGM1 | 41414002 |  36 |           36 |    1 | 3186220102 | 4283526019
 4283536714 | OOPT-FBK414.14-OGM1 | 41414002 |  36 |           36 |    2 | 3186220102 | 4283526019
 4283536714 | OOPT-FBK414.14-OGM1 | 41414002 |  36 |           36 |    3 | 3186220102 | 4283526019
 4283536715 |                     | 41414002 |  62 |           62 |    1 | 3186220103 | 4283526019
 4283536715 |                     | 41414002 |  62 |           62 |    2 | 3186220103 | 4283526019
 4283536715 |                     | 41414002 |  62 |           62 |    3 | 3186220103 | 4283526019
 4283536715 | OOPT-FBK414.14-OGM1 | 41414002 |  62 |           62 |    1 | 3186220103 | 4283526019
 4283536715 | OOPT-FBK414.14-OGM1 | 41414002 |  62 |           62 |    2 | 3186220103 | 4283526019
 4283536715 | OOPT-FBK414.14-OGM1 | 41414002 |  62 |           62 |    3 | 3186220103 | 4283526019
 4283536716 |                     | 41414002 |  38 |           38 |    1 | 3186220104 | 4283526019
 4283536716 |                     | 41414002 |  38 |           38 |    2 | 3186220104 | 4283526019
 4283536716 |                     | 41414002 |  38 |           38 |    3 | 3186220104 | 4283526019
 4283536716 | OOPT-FBK414.14-OGM1 | 41414002 |  38 |           38 |    1 | 3186220104 | 4283526019
 4283536716 | OOPT-FBK414.14-OGM1 | 41414002 |  38 |           38 |    2 | 3186220104 | 4283526019
 4283536716 | OOPT-FBK414.14-OGM1 | 41414002 |  38 |           38 |    3 | 3186220104 | 4283526019
 4284460236 |                     | 41415002 |  34 |           34 |    1 | 3186249893 | 4284449541
 4284460236 |                     | 41415002 |  34 |           34 |    2 | 3186249893 | 4284449541
 4284460236 |                     | 41415002 |  34 |           34 |    3 | 3186249893 | 4284449541
 4284460236 | OOPT-FBK414.15-OGM1 | 41415002 |  34 |           34 |    1 | 3186249893 | 4284449541
 4284460236 | OOPT-FBK414.15-OGM1 | 41415002 |  34 |           34 |    2 | 3186249893 | 4284449541
 4284460236 | OOPT-FBK414.15-OGM1 | 41415002 |  34 |           34 |    3 | 3186249893 | 4284449541
 4284460237 |                     | 41415002 |  26 |           26 |    1 | 3186249893 | 4284449542
 4284460237 |                     | 41415002 |  26 |           26 |    2 | 3186249893 | 4284449542
 4284460237 |                     | 41415002 |  26 |           26 |    3 | 3186249893 | 4284449542
 4284460237 | OOPT-FBK414.15-OGM1 | 41415002 |  26 |           26 |    1 | 3186249893 | 4284449542
 4284460237 | OOPT-FBK414.15-OGM1 | 41415002 |  26 |           26 |    2 | 3186249893 | 4284449542
 4284460237 | OOPT-FBK414.15-OGM1 | 41415002 |  26 |           26 |    3 | 3186249893 | 4284449542
 4285383756 |                     | 41416002 |  92 |           92 |    1 | 3186279684 | 4285373061
 4285383756 |                     | 41416002 |  92 |           92 |    2 | 3186279684 | 4285373061
 4285383756 |                     | 41416002 |  92 |           92 |    3 | 3186279684 | 4285373061
 4285383756 | OOPT-FBK414.16-OGM1 | 41416002 |  51 |           51 |    1 | 3186279684 | 4285373061
 4285383756 | OOPT-FBK414.16-OGM1 | 41416002 |  51 |           51 |    2 | 3186279684 | 4285373061
 4285383756 | OOPT-FBK414.16-OGM1 | 41416002 |  51 |           51 |    3 | 3186279684 | 4285373061
 4285383756 | OOPT-FBK414.16-OGM2 | 41416002 |  41 |           41 |    1 | 3186279684 | 4285373061
 4285383756 | OOPT-FBK414.16-OGM2 | 41416002 |  41 |           41 |    2 | 3186279684 | 4285373061
 4285383756 | OOPT-FBK414.16-OGM2 | 41416002 |  41 |           41 |    3 | 3186279684 | 4285373061
 4286307277 |                     | 41417002 |  15 |           15 |    1 | 3186309475 | 4286296582
 4286307277 |                     | 41417002 |  15 |           15 |    2 | 3186309475 | 4286296582
 4286307277 |                     | 41417002 |  15 |           15 |    3 | 3186309475 | 4286296582
 4286307277 |                     | 41417002 |  45 |           45 |    1 | 3186309475 | 4286296582
 4286307277 |                     | 41417002 |  45 |           45 |    2 | 3186309475 | 4286296582
 4286307277 |                     | 41417002 |  45 |           45 |    3 | 3186309475 | 4286296582
 4286307277 |                     | 41417002 |  17 |           15 |    1 | 3186309475 | 4286296582
 4286307277 |                     | 41417002 |  17 |           15 |    2 | 3186309475 | 4286296582
 4286307277 |                     | 41417002 |  17 |           15 |    3 | 3186309475 | 4286296582
 4286307277 | OOPT-FBK414.17-OGM1 | 41417002 |  10 |           10 |    1 | 3186309475 | 4286296582
 4286307277 | OOPT-FBK414.17-OGM1 | 41417002 |  10 |           10 |    2 | 3186309475 | 4286296582
 4286307277 | OOPT-FBK414.17-OGM1 | 41417002 |  10 |           10 |    3 | 3186309475 | 4286296582
 4286307277 | OOPT-FBK414.17-OGM1 | 41417002 |  19 |           19 |    1 | 3186309475 | 4286296582
 4286307277 | OOPT-FBK414.17-OGM1 | 41417002 |  19 |           19 |    2 | 3186309475 | 4286296582
 4286307277 | OOPT-FBK414.17-OGM1 | 41417002 |  19 |           19 |    3 | 3186309475 | 4286296582
 4286307277 | OOPT-FBK414.17-OGM1 | 41417002 |  11 |            9 |    1 | 3186309475 | 4286296582
 4286307277 | OOPT-FBK414.17-OGM1 | 41417002 |  11 |            9 |    2 | 3186309475 | 4286296582
 4286307277 | OOPT-FBK414.17-OGM1 | 41417002 |  11 |            9 |    3 | 3186309475 | 4286296582
 4286307277 | OOPT-FBK414.17-OGM2 | 41417002 |   5 |            5 |    1 | 3186309475 | 4286296582
 4286307277 | OOPT-FBK414.17-OGM2 | 41417002 |   5 |            5 |    2 | 3186309475 | 4286296582
 4286307277 | OOPT-FBK414.17-OGM2 | 41417002 |   5 |            5 |    3 | 3186309475 | 4286296582
 4286307277 | OOPT-FBK414.17-OGM2 | 41417002 |  26 |           26 |    1 | 3186309475 | 4286296582
 4286307277 | OOPT-FBK414.17-OGM2 | 41417002 |  26 |           26 |    2 | 3186309475 | 4286296582
 4286307277 | OOPT-FBK414.17-OGM2 | 41417002 |  26 |           26 |    3 | 3186309475 | 4286296582
 4286307277 | OOPT-FBK414.17-OGM2 | 41417002 |   6 |            6 |    1 | 3186309475 | 4286296582
 4286307277 | OOPT-FBK414.17-OGM2 | 41417002 |   6 |            6 |    2 | 3186309475 | 4286296582
 4286307277 | OOPT-FBK414.17-OGM2 | 41417002 |   6 |            6 |    3 | 3186309475 | 4286296582
 4287230798 |                     | 41418002 |  92 |           92 |    1 | 3186339266 | 4287220103
 4287230798 |                     | 41418002 |  92 |           92 |    2 | 3186339266 | 4287220103
 4287230798 |                     | 41418002 |  92 |           92 |    3 | 3186339266 | 4287220103
 4287230798 |                     | 41418002 |  92 |           92 |    1 | 3186339266 | 4287220103
 4287230798 |                     | 41418002 |  92 |           92 |    2 | 3186339266 | 4287220103
 4287230798 |                     | 41418002 |  92 |           92 |    3 | 3186339266 | 4287220103
 4287230798 |                     | 41418002 |  92 |           92 |    1 | 3186339266 | 4287220103
 4287230798 |                     | 41418002 |  92 |           92 |    2 | 3186339266 | 4287220103
 4287230798 |                     | 41418002 |  92 |           92 |    3 | 3186339266 | 4287220103
 4287230798 | OOPT-FBK414.18-OGM1 | 41418002 |  81 |           81 |    1 | 3186339266 | 4287220103
 4287230798 | OOPT-FBK414.18-OGM1 | 41418002 |  81 |           81 |    2 | 3186339266 | 4287220103
 4287230798 | OOPT-FBK414.18-OGM1 | 41418002 |  81 |           81 |    3 | 3186339266 | 4287220103
 4287230798 | OOPT-FBK414.18-OGM1 | 41418002 |  81 |           81 |    1 | 3186339266 | 4287220103
 4287230798 | OOPT-FBK414.18-OGM1 | 41418002 |  81 |           81 |    2 | 3186339266 | 4287220103
 4287230798 | OOPT-FBK414.18-OGM1 | 41418002 |  81 |           81 |    3 | 3186339266 | 4287220103
 4287230798 | OOPT-FBK414.18-OGM1 | 41418002 |  81 |           81 |    1 | 3186339266 | 4287220103
 4287230798 | OOPT-FBK414.18-OGM1 | 41418002 |  81 |           81 |    2 | 3186339266 | 4287220103
 4287230798 | OOPT-FBK414.18-OGM1 | 41418002 |  81 |           81 |    3 | 3186339266 | 4287220103
 4287230798 | OOPT-FBK414.18-OGM2 | 41418002 |  11 |           11 |    1 | 3186339266 | 4287220103
 4287230798 | OOPT-FBK414.18-OGM2 | 41418002 |  11 |           11 |    2 | 3186339266 | 4287220103
 4287230798 | OOPT-FBK414.18-OGM2 | 41418002 |  11 |           11 |    3 | 3186339266 | 4287220103
 4287230798 | OOPT-FBK414.18-OGM2 | 41418002 |  11 |           11 |    1 | 3186339266 | 4287220103
 4287230798 | OOPT-FBK414.18-OGM2 | 41418002 |  11 |           11 |    2 | 3186339266 | 4287220103
 4287230798 | OOPT-FBK414.18-OGM2 | 41418002 |  11 |           11 |    3 | 3186339266 | 4287220103
 4287230798 | OOPT-FBK414.18-OGM2 | 41418002 |  11 |           11 |    1 | 3186339266 | 4287220103
 4287230798 | OOPT-FBK414.18-OGM2 | 41418002 |  11 |           11 |    2 | 3186339266 | 4287220103
 4287230798 | OOPT-FBK414.18-OGM2 | 41418002 |  11 |           11 |    3 | 3186339266 | 4287220103
 4288154319 |                     | 41419002 |  32 |           32 |    1 | 3186369057 | 4288143624
 4288154319 |                     | 41419002 |  32 |           32 |    2 | 3186369057 | 4288143624
 4288154319 |                     | 41419002 |  32 |           32 |    3 | 3186369057 | 4288143624
 4288154319 |                     | 41419002 |  32 |           32 |    1 | 3186369057 | 4288143624
 4288154319 |                     | 41419002 |  32 |           32 |    2 | 3186369057 | 4288143624
 4288154319 |                     | 41419002 |  32 |           32 |    3 | 3186369057 | 4288143624
 4288154319 |                     | 41419002 |  32 |           32 |    1 | 3186369057 | 4288143624
 4288154319 |                     | 41419002 |  32 |           32 |    2 | 3186369057 | 4288143624
 4288154319 |                     | 41419002 |  32 |           32 |    3 | 3186369057 | 4288143624
 4288154319 | OOPT-FBK414.19-OGM1 | 41419002 |  21 |           21 |    1 | 3186369057 | 4288143624
 4288154319 | OOPT-FBK414.19-OGM1 | 41419002 |  21 |           21 |    2 | 3186369057 | 4288143624
 4288154319 | OOPT-FBK414.19-OGM1 | 41419002 |  21 |           21 |    3 | 3186369057 | 4288143624
 4288154319 | OOPT-FBK414.19-OGM1 | 41419002 |  21 |           21 |    1 | 3186369057 | 4288143624
 4288154319 | OOPT-FBK414.19-OGM1 | 41419002 |  21 |           21 |    2 | 3186369057 | 4288143624
 4288154319 | OOPT-FBK414.19-OGM1 | 41419002 |  21 |           21 |    3 | 3186369057 | 4288143624
 4288154319 | OOPT-FBK414.19-OGM1 | 41419002 |  21 |           21 |    1 | 3186369057 | 4288143624
 4288154319 | OOPT-FBK414.19-OGM1 | 41419002 |  21 |           21 |    2 | 3186369057 | 4288143624
 4288154319 | OOPT-FBK414.19-OGM1 | 41419002 |  21 |           21 |    3 | 3186369057 | 4288143624
 4288154319 | OOPT-FBK414.19-OGM2 | 41419002 |  11 |           11 |    1 | 3186369057 | 4288143624
 4288154319 | OOPT-FBK414.19-OGM2 | 41419002 |  11 |           11 |    2 | 3186369057 | 4288143624
 4288154319 | OOPT-FBK414.19-OGM2 | 41419002 |  11 |           11 |    3 | 3186369057 | 4288143624
 4288154319 | OOPT-FBK414.19-OGM2 | 41419002 |  11 |           11 |    1 | 3186369057 | 4288143624
 4288154319 | OOPT-FBK414.19-OGM2 | 41419002 |  11 |           11 |    2 | 3186369057 | 4288143624
 4288154319 | OOPT-FBK414.19-OGM2 | 41419002 |  11 |           11 |    3 | 3186369057 | 4288143624
 4288154319 | OOPT-FBK414.19-OGM2 | 41419002 |  11 |           11 |    1 | 3186369057 | 4288143624
 4288154319 | OOPT-FBK414.19-OGM2 | 41419002 |  11 |           11 |    2 | 3186369057 | 4288143624
 4288154319 | OOPT-FBK414.19-OGM2 | 41419002 |  11 |           11 |    3 | 3186369057 | 4288143624
(432 rows)

