 ordergroup |  ordergroupmember   |    item    | exception |    exceptiondate    |                              descr                              |   source   |    dest    | transmode  
------------+---------------------+------------+-----------+---------------------+-----------------------------------------------------------------+------------+------------+------------
 14428008   |                     |            |      4051 | 2006-11-01 00:00:00 | Order Status is Due                                             | 3187054250 | 14417313   | 2156130192
 14428008   | OOPT-FBK414.21-OGM1 |            |      4051 | 2006-11-01 00:00:00 | Order Status is Due                                             | 3187054250 | 14417313   | 2156130192
 14428008   | OOPT-FBK414.21-OGM1 | 1072639488 |      4202 | 2006-11-01 00:00:00 | SKU at Risk                                                     | 3187054250 | 14417313   | 2156130192
 14428008   | OOPT-FBK414.21-OGM1 | 1072639489 |      4202 | 2006-11-01 00:00:00 | SKU at Risk                                                     | 3187054250 | 14417313   | 2156130192
 14428008   | OOPT-FBK414.21-OGM1 | 1072639490 |      4202 | 2006-11-01 00:00:00 | SKU at Risk                                                     | 3187054250 | 14417313   | 2156130192
 14428008   | OOPT-FBK414.21-OGM2 |            |      4051 | 2006-11-01 00:00:00 | Order Status is Due                                             | 3187054250 | 14417313   | 2156130192
 14428008   | OOPT-FBK414.21-OGM2 | 1072639491 |      4202 | 2006-11-01 00:00:00 | SKU at Risk                                                     | 3187054250 | 14417313   | 2156130192
 14428008   | OOPT-FBK414.21-OGM2 | 1072639492 |      4202 | 2006-11-01 00:00:00 | SKU at Risk                                                     | 3187054250 | 14417313   | 2156130192
 14428008   | OOPT-FBK414.21-OGM2 | 1072639493 |      4202 | 2006-11-01 00:00:00 | SKU at Risk                                                     | 3187054250 | 14417313   | 2156130192
 15351529   |                     |            |      4051 | 2006-11-01 00:00:00 | Order Status is Due                                             | 3187084041 | 15340834   | 1645596017
 15351529   | OOPT-FBK414.22-OGM2 |            |      4051 | 2006-11-01 00:00:00 | Order Status is Due                                             | 3187084041 | 15340834   | 1645596017
 15351529   | OOPT-FBK414.22-OGM2 | 1072640452 |      4202 | 2006-11-01 00:00:00 | SKU at Risk                                                     | 3187084041 | 15340834   | 1645596017
 15351529   | OOPT-FBK414.22-OGM2 | 1072640453 |      4202 | 2006-11-01 00:00:00 | SKU at Risk                                                     | 3187084041 | 15340834   | 1645596017
 15351529   | OOPT-FBK414.22-OGM2 | 1072640454 |      4202 | 2006-11-01 00:00:00 | SKU at Risk                                                     | 3187084041 | 15340834   | 1645596017
 4252137000 |                     |            |      4051 | 2006-10-31 00:00:00 | Order Status is Due                                             | 3185207208 | 4252126305 | 3744478094
 4252137000 |                     |            |      4051 | 2006-11-01 00:00:00 | Order Status is Due                                             | 3185207208 | 4252126305 | 3744478094
 4252137000 |                     |            |      4051 | 2006-11-02 00:00:00 | Order Status is Due                                             | 3185207208 | 4252126305 | 3744478094
 4252137000 | OOPT-FBK414.01-OGM1 |            |      4051 | 2006-10-31 00:00:00 | Order Status is Due                                             | 3185207208 | 4252126305 | 3744478094
 4252137000 | OOPT-FBK414.01-OGM1 |            |      4051 | 2006-11-01 00:00:00 | Order Status is Due                                             | 3185207208 | 4252126305 | 3744478094
 4252137000 | OOPT-FBK414.01-OGM1 |            |      4051 | 2006-11-02 00:00:00 | Order Status is Due                                             | 3185207208 | 4252126305 | 3744478094
 4252137000 | OOPT-FBK414.01-OGM1 | 1072579906 |      4202 | 2006-10-31 00:00:00 | SKU at Risk                                                     | 3185207208 | 4252126305 | 3744478094
 4252137000 | OOPT-FBK414.01-OGM1 | 1072579906 |      4202 | 2006-11-01 00:00:00 | SKU at Risk                                                     | 3185207208 | 4252126305 | 3744478094
 4252137000 | OOPT-FBK414.01-OGM1 | 1072579906 |      4202 | 2006-11-02 00:00:00 | SKU at Risk                                                     | 3185207208 | 4252126305 | 3744478094
 4252137000 | OOPT-FBK414.01-OGM1 | 1072579907 |      4202 | 2006-10-31 00:00:00 | SKU at Risk                                                     | 3185207208 | 4252126305 | 3744478094
 4252137000 | OOPT-FBK414.01-OGM1 | 1072579907 |      4202 | 2006-11-01 00:00:00 | SKU at Risk                                                     | 3185207208 | 4252126305 | 3744478094
 4252137000 | OOPT-FBK414.01-OGM1 | 1072579907 |      4202 | 2006-11-02 00:00:00 | SKU at Risk                                                     | 3185207208 | 4252126305 | 3744478094
 4252137000 | OOPT-FBK414.01-OGM1 | 1072579908 |      4202 | 2006-10-31 00:00:00 | SKU at Risk                                                     | 3185207208 | 4252126305 | 3744478094
 4252137000 | OOPT-FBK414.01-OGM1 | 1072579908 |      4202 | 2006-11-01 00:00:00 | SKU at Risk                                                     | 3185207208 | 4252126305 | 3744478094
 4252137000 | OOPT-FBK414.01-OGM1 | 1072579908 |      4202 | 2006-11-02 00:00:00 | SKU at Risk                                                     | 3185207208 | 4252126305 | 3744478094
 4252137000 | OOPT-FBK414.01-OGM2 |            |      4051 | 2006-10-31 00:00:00 | Order Status is Due                                             | 3185207208 | 4252126305 | 3744478094
 4252137000 | OOPT-FBK414.01-OGM2 |            |      4051 | 2006-11-01 00:00:00 | Order Status is Due                                             | 3185207208 | 4252126305 | 3744478094
 4252137000 | OOPT-FBK414.01-OGM2 |            |      4051 | 2006-11-02 00:00:00 | Order Status is Due                                             | 3185207208 | 4252126305 | 3744478094
 4252137000 | OOPT-FBK414.01-OGM2 | 1072579909 |      4202 | 2006-10-31 00:00:00 | SKU at Risk                                                     | 3185207208 | 4252126305 | 3744478094
 4252137000 | OOPT-FBK414.01-OGM2 | 1072579909 |      4202 | 2006-11-01 00:00:00 | SKU at Risk                                                     | 3185207208 | 4252126305 | 3744478094
 4252137000 | OOPT-FBK414.01-OGM2 | 1072579909 |      4202 | 2006-11-02 00:00:00 | SKU at Risk                                                     | 3185207208 | 4252126305 | 3744478094
 4252137000 | OOPT-FBK414.01-OGM2 | 1072579910 |      4202 | 2006-10-31 00:00:00 | SKU at Risk                                                     | 3185207208 | 4252126305 | 3744478094
 4252137000 | OOPT-FBK414.01-OGM2 | 1072579910 |      4202 | 2006-11-01 00:00:00 | SKU at Risk                                                     | 3185207208 | 4252126305 | 3744478094
 4252137000 | OOPT-FBK414.01-OGM2 | 1072579910 |      4202 | 2006-11-02 00:00:00 | SKU at Risk                                                     | 3185207208 | 4252126305 | 3744478094
 4252137000 | OOPT-FBK414.01-OGM2 | 1072579911 |      4202 | 2006-10-31 00:00:00 | SKU at Risk                                                     | 3185207208 | 4252126305 | 3744478094
 4252137000 | OOPT-FBK414.01-OGM2 | 1072579911 |      4202 | 2006-11-01 00:00:00 | SKU at Risk                                                     | 3185207208 | 4252126305 | 3744478094
 4252137000 | OOPT-FBK414.01-OGM2 | 1072579911 |      4202 | 2006-11-02 00:00:00 | SKU at Risk                                                     | 3185207208 | 4252126305 | 3744478094
 4253060521 |                     |            |      4051 | 2006-10-31 00:00:00 | Order Status is Due                                             | 3185236999 | 4253049826 | 3233943917
 4253060521 |                     |            |      4051 | 2006-11-01 00:00:00 | Order Status is Due                                             | 3185236999 | 4253049826 | 3233943917
 4253060521 |                     |            |      4051 | 2006-11-02 00:00:00 | Order Status is Due                                             | 3185236999 | 4253049826 | 3233943917
 4253060521 | OOPT-FBK414.02-OGM1 |            |      4051 | 2006-10-31 00:00:00 | Order Status is Due                                             | 3185236999 | 4253049826 | 3233943917
 4253060521 | OOPT-FBK414.02-OGM1 |            |      4051 | 2006-11-01 00:00:00 | Order Status is Due                                             | 3185236999 | 4253049826 | 3233943917
 4253060521 | OOPT-FBK414.02-OGM1 |            |      4051 | 2006-11-02 00:00:00 | Order Status is Due                                             | 3185236999 | 4253049826 | 3233943917
 4253060521 | OOPT-FBK414.02-OGM1 | 1072580867 |      4202 | 2006-10-31 00:00:00 | SKU at Risk                                                     | 3185236999 | 4253049826 | 3233943917
 4253060521 | OOPT-FBK414.02-OGM1 | 1072580867 |      4202 | 2006-11-01 00:00:00 | SKU at Risk                                                     | 3185236999 | 4253049826 | 3233943917
 4253060521 | OOPT-FBK414.02-OGM1 | 1072580867 |      4202 | 2006-11-02 00:00:00 | SKU at Risk                                                     | 3185236999 | 4253049826 | 3233943917
 4253060521 | OOPT-FBK414.02-OGM1 | 1072580868 |      4202 | 2006-10-31 00:00:00 | SKU at Risk                                                     | 3185236999 | 4253049826 | 3233943917
 4253060521 | OOPT-FBK414.02-OGM1 | 1072580868 |      4202 | 2006-11-01 00:00:00 | SKU at Risk                                                     | 3185236999 | 4253049826 | 3233943917
 4253060521 | OOPT-FBK414.02-OGM1 | 1072580868 |      4202 | 2006-11-02 00:00:00 | SKU at Risk                                                     | 3185236999 | 4253049826 | 3233943917
 4253060521 | OOPT-FBK414.02-OGM1 | 1072580869 |      4202 | 2006-11-01 00:00:00 | SKU at Risk                                                     | 3185236999 | 4253049826 | 3233943917
 4253060521 | OOPT-FBK414.02-OGM1 | 1072580869 |      4202 | 2006-11-02 00:00:00 | SKU at Risk                                                     | 3185236999 | 4253049826 | 3233943917
 4253060521 | OOPT-FBK414.02-OGM2 |            |      4051 | 2006-10-31 00:00:00 | Order Status is Due                                             | 3185236999 | 4253049826 | 3233943917
 4253060521 | OOPT-FBK414.02-OGM2 |            |      4051 | 2006-11-01 00:00:00 | Order Status is Due                                             | 3185236999 | 4253049826 | 3233943917
 4253060521 | OOPT-FBK414.02-OGM2 |            |      4051 | 2006-11-02 00:00:00 | Order Status is Due                                             | 3185236999 | 4253049826 | 3233943917
 4253060521 | OOPT-FBK414.02-OGM2 | 1072580870 |      4202 | 2006-11-01 00:00:00 | SKU at Risk                                                     | 3185236999 | 4253049826 | 3233943917
 4253060521 | OOPT-FBK414.02-OGM2 | 1072580870 |      4202 | 2006-11-02 00:00:00 | SKU at Risk                                                     | 3185236999 | 4253049826 | 3233943917
 4253060521 | OOPT-FBK414.02-OGM2 | 1072580871 |      4202 | 2006-10-31 00:00:00 | SKU at Risk                                                     | 3185236999 | 4253049826 | 3233943917
 4253060521 | OOPT-FBK414.02-OGM2 | 1072580871 |      4202 | 2006-11-01 00:00:00 | SKU at Risk                                                     | 3185236999 | 4253049826 | 3233943917
 4253060521 | OOPT-FBK414.02-OGM2 | 1072580872 |      4202 | 2006-10-31 00:00:00 | SKU at Risk                                                     | 3185236999 | 4253049826 | 3233943917
 4253060521 | OOPT-FBK414.02-OGM2 | 1072580872 |      4202 | 2006-11-01 00:00:00 | SKU at Risk                                                     | 3185236999 | 4253049826 | 3233943917
 4253984042 |                     |            |      4051 | 2006-10-31 00:00:00 | Order Status is Due                                             | 3185266790 | 4253973347 | 2723409740
 4253984042 |                     |            |      4051 | 2006-11-01 00:00:00 | Order Status is Due                                             | 3185266790 | 4253973347 | 2723409740
 4253984042 |                     |            |      4051 | 2006-11-02 00:00:00 | Order Status is Due                                             | 3185266790 | 4253973347 | 2723409740
 4253984042 | OOPT-FBK414.03-OGM1 |            |      4051 | 2006-10-31 00:00:00 | Order Status is Due                                             | 3185266790 | 4253973347 | 2723409740
 4253984042 | OOPT-FBK414.03-OGM1 |            |      4051 | 2006-11-01 00:00:00 | Order Status is Due                                             | 3185266790 | 4253973347 | 2723409740
 4253984042 | OOPT-FBK414.03-OGM1 |            |      4051 | 2006-11-02 00:00:00 | Order Status is Due                                             | 3185266790 | 4253973347 | 2723409740
 4253984042 | OOPT-FBK414.03-OGM1 | 1072581828 |      4202 | 2006-10-31 00:00:00 | SKU at Risk                                                     | 3185266790 | 4253973347 | 2723409740
 4253984042 | OOPT-FBK414.03-OGM1 | 1072581828 |      4202 | 2006-11-01 00:00:00 | SKU at Risk                                                     | 3185266790 | 4253973347 | 2723409740
 4253984042 | OOPT-FBK414.03-OGM1 | 1072581828 |      4202 | 2006-11-02 00:00:00 | SKU at Risk                                                     | 3185266790 | 4253973347 | 2723409740
 4253984042 | OOPT-FBK414.03-OGM2 |            |      4051 | 2006-10-31 00:00:00 | Order Status is Due                                             | 3185266790 | 4253973347 | 2723409740
 4253984042 | OOPT-FBK414.03-OGM2 |            |      4051 | 2006-11-01 00:00:00 | Order Status is Due                                             | 3185266790 | 4253973347 | 2723409740
 4253984042 | OOPT-FBK414.03-OGM2 |            |      4051 | 2006-11-02 00:00:00 | Order Status is Due                                             | 3185266790 | 4253973347 | 2723409740
 4253984042 | OOPT-FBK414.03-OGM2 | 1072581831 |      4202 | 2006-10-31 00:00:00 | SKU at Risk                                                     | 3185266790 | 4253973347 | 2723409740
 4253984042 | OOPT-FBK414.03-OGM2 | 1072581831 |      4202 | 2006-11-01 00:00:00 | SKU at Risk                                                     | 3185266790 | 4253973347 | 2723409740
 4253984042 | OOPT-FBK414.03-OGM2 | 1072581831 |      4202 | 2006-11-02 00:00:00 | SKU at Risk                                                     | 3185266790 | 4253973347 | 2723409740
 4253984042 | OOPT-FBK414.03-OGM2 | 1072581832 |      4202 | 2006-10-31 00:00:00 | SKU at Risk                                                     | 3185266790 | 4253973347 | 2723409740
 4253984042 | OOPT-FBK414.03-OGM2 | 1072581832 |      4202 | 2006-11-01 00:00:00 | SKU at Risk                                                     | 3185266790 | 4253973347 | 2723409740
 4253984042 | OOPT-FBK414.03-OGM2 | 1072581832 |      4202 | 2006-11-02 00:00:00 | SKU at Risk                                                     | 3185266790 | 4253973347 | 2723409740
 4253984042 | OOPT-FBK414.03-OGM2 | 1072581833 |      4202 | 2006-10-31 00:00:00 | SKU at Risk                                                     | 3185266790 | 4253973347 | 2723409740
 4253984042 | OOPT-FBK414.03-OGM2 | 1072581833 |      4202 | 2006-11-01 00:00:00 | SKU at Risk                                                     | 3185266790 | 4253973347 | 2723409740
 4253984042 | OOPT-FBK414.03-OGM2 | 1072581833 |      4202 | 2006-11-02 00:00:00 | SKU at Risk                                                     | 3185266790 | 4253973347 | 2723409740
 4254907563 |                     |            |      4051 | 2006-11-01 00:00:00 | Order Status is Due                                             | 3185296581 | 4254896868 | 2212875563
 4254907563 |                     |            |      4056 | 2006-10-31 00:00:00 | Failed Validity - Out of Bounds                                 | 3185296581 | 4254896868 | 2212875563
 4254907563 |                     |            |      4056 | 2006-11-02 00:00:00 | Failed Validity - Out of Bounds                                 | 3185296581 | 4254896868 | 2212875563
 4254907563 | OOPT-FBK414.04-OGM1 |            |      4051 | 2006-11-01 00:00:00 | Order Status is Due                                             | 3185296581 | 4254896868 | 2212875563
 4254907563 | OOPT-FBK414.04-OGM1 |            |      4053 | 2006-10-31 00:00:00 | Order Status is Other                                           | 3185296581 | 4254896868 | 2212875563
 4254907563 | OOPT-FBK414.04-OGM1 |            |      4053 | 2006-11-02 00:00:00 | Order Status is Other                                           | 3185296581 | 4254896868 | 2212875563
 4254907563 | OOPT-FBK414.04-OGM1 | 1072582789 |      4202 | 2006-11-01 00:00:00 | SKU at Risk                                                     | 3185296581 | 4254896868 | 2212875563
 4254907563 | OOPT-FBK414.04-OGM1 | 1072582789 |      4251 | 2006-10-31 00:00:00 | SOQ Calculation impacted due to MaxCovDur or MaxOH              | 3185296581 | 4254896868 | 2212875563
 4254907563 | OOPT-FBK414.04-OGM1 | 1072582789 |      4251 | 2006-11-02 00:00:00 | SOQ Calculation impacted due to MaxCovDur or MaxOH              | 3185296581 | 4254896868 | 2212875563
 4254907563 | OOPT-FBK414.04-OGM2 |            |      4051 | 2006-10-31 00:00:00 | Order Status is Due                                             | 3185296581 | 4254896868 | 2212875563
 4254907563 | OOPT-FBK414.04-OGM2 |            |      4051 | 2006-11-01 00:00:00 | Order Status is Due                                             | 3185296581 | 4254896868 | 2212875563
 4254907563 | OOPT-FBK414.04-OGM2 |            |      4051 | 2006-11-02 00:00:00 | Order Status is Due                                             | 3185296581 | 4254896868 | 2212875563
 4254907563 | OOPT-FBK414.04-OGM2 | 1072582792 |      4202 | 2006-10-31 00:00:00 | SKU at Risk                                                     | 3185296581 | 4254896868 | 2212875563
 4254907563 | OOPT-FBK414.04-OGM2 | 1072582792 |      4202 | 2006-11-01 00:00:00 | SKU at Risk                                                     | 3185296581 | 4254896868 | 2212875563
 4254907563 | OOPT-FBK414.04-OGM2 | 1072582792 |      4202 | 2006-11-02 00:00:00 | SKU at Risk                                                     | 3185296581 | 4254896868 | 2212875563
 4254907563 | OOPT-FBK414.04-OGM2 | 1072582793 |      4202 | 2006-10-31 00:00:00 | SKU at Risk                                                     | 3185296581 | 4254896868 | 2212875563
 4254907563 | OOPT-FBK414.04-OGM2 | 1072582793 |      4202 | 2006-11-01 00:00:00 | SKU at Risk                                                     | 3185296581 | 4254896868 | 2212875563
 4254907563 | OOPT-FBK414.04-OGM2 | 1072582793 |      4202 | 2006-11-02 00:00:00 | SKU at Risk                                                     | 3185296581 | 4254896868 | 2212875563
 4254907563 | OOPT-FBK414.04-OGM2 | 1072582794 |      4202 | 2006-10-31 00:00:00 | SKU at Risk                                                     | 3185296581 | 4254896868 | 2212875563
 4254907563 | OOPT-FBK414.04-OGM2 | 1072582794 |      4202 | 2006-11-01 00:00:00 | SKU at Risk                                                     | 3185296581 | 4254896868 | 2212875563
 4254907563 | OOPT-FBK414.04-OGM2 | 1072582794 |      4202 | 2006-11-02 00:00:00 | SKU at Risk                                                     | 3185296581 | 4254896868 | 2212875563
 4254907563 | OOPT-FBK414.04-OGM2 | 1072582792 |      4251 | 2006-10-31 00:00:00 | SOQ Calculation impacted due to MaxCovDur or MaxOH              | 3185296581 | 4254896868 | 2212875563
 4254907563 | OOPT-FBK414.04-OGM2 | 1072582792 |      4251 | 2006-11-01 00:00:00 | SOQ Calculation impacted due to MaxCovDur or MaxOH              | 3185296581 | 4254896868 | 2212875563
 4254907563 | OOPT-FBK414.04-OGM2 | 1072582792 |      4251 | 2006-11-02 00:00:00 | SOQ Calculation impacted due to MaxCovDur or MaxOH              | 3185296581 | 4254896868 | 2212875563
 4254907563 | OOPT-FBK414.04-OGM2 | 1072582793 |      4251 | 2006-10-31 00:00:00 | SOQ Calculation impacted due to MaxCovDur or MaxOH              | 3185296581 | 4254896868 | 2212875563
 4254907563 | OOPT-FBK414.04-OGM2 | 1072582793 |      4251 | 2006-11-01 00:00:00 | SOQ Calculation impacted due to MaxCovDur or MaxOH              | 3185296581 | 4254896868 | 2212875563
 4254907563 | OOPT-FBK414.04-OGM2 | 1072582793 |      4251 | 2006-11-02 00:00:00 | SOQ Calculation impacted due to MaxCovDur or MaxOH              | 3185296581 | 4254896868 | 2212875563
 4254907563 | OOPT-FBK414.04-OGM2 | 1072582794 |      4251 | 2006-10-31 00:00:00 | SOQ Calculation impacted due to MaxCovDur or MaxOH              | 3185296581 | 4254896868 | 2212875563
 4254907563 | OOPT-FBK414.04-OGM2 | 1072582794 |      4251 | 2006-11-01 00:00:00 | SOQ Calculation impacted due to MaxCovDur or MaxOH              | 3185296581 | 4254896868 | 2212875563
 4254907563 | OOPT-FBK414.04-OGM2 | 1072582794 |      4251 | 2006-11-02 00:00:00 | SOQ Calculation impacted due to MaxCovDur or MaxOH              | 3185296581 | 4254896868 | 2212875563
 4255831084 |                     |            |      4051 | 2006-10-31 00:00:00 | Order Status is Due                                             | 3185326372 | 4255820389 | 1702341388
 4255831084 |                     |            |      4051 | 2006-11-01 00:00:00 | Order Status is Due                                             | 3185326372 | 4255820389 | 1702341388
 4255831084 |                     |            |      4051 | 2006-11-02 00:00:00 | Order Status is Due                                             | 3185326372 | 4255820389 | 1702341388
 4255831084 | OOPT-FBK414.05-OGM1 |            |      4051 | 2006-10-31 00:00:00 | Order Status is Due                                             | 3185326372 | 4255820389 | 1702341388
 4255831084 | OOPT-FBK414.05-OGM1 |            |      4051 | 2006-11-01 00:00:00 | Order Status is Due                                             | 3185326372 | 4255820389 | 1702341388
 4255831084 | OOPT-FBK414.05-OGM1 |            |      4053 | 2006-11-02 00:00:00 | Order Status is Other                                           | 3185326372 | 4255820389 | 1702341388
 4255831084 | OOPT-FBK414.05-OGM1 | 1072583750 |      4202 | 2006-10-31 00:00:00 | SKU at Risk                                                     | 3185326372 | 4255820389 | 1702341388
 4255831084 | OOPT-FBK414.05-OGM1 | 1072583750 |      4202 | 2006-11-01 00:00:00 | SKU at Risk                                                     | 3185326372 | 4255820389 | 1702341388
 4255831084 | OOPT-FBK414.05-OGM2 |            |      4051 | 2006-10-31 00:00:00 | Order Status is Due                                             | 3185326372 | 4255820389 | 1702341388
 4255831084 | OOPT-FBK414.05-OGM2 |            |      4051 | 2006-11-01 00:00:00 | Order Status is Due                                             | 3185326372 | 4255820389 | 1702341388
 4255831084 | OOPT-FBK414.05-OGM2 |            |      4051 | 2006-11-02 00:00:00 | Order Status is Due                                             | 3185326372 | 4255820389 | 1702341388
 4255831084 | OOPT-FBK414.05-OGM2 | 1072583753 |      4202 | 2006-10-31 00:00:00 | SKU at Risk                                                     | 3185326372 | 4255820389 | 1702341388
 4255831084 | OOPT-FBK414.05-OGM2 | 1072583753 |      4202 | 2006-11-01 00:00:00 | SKU at Risk                                                     | 3185326372 | 4255820389 | 1702341388
 4255831084 | OOPT-FBK414.05-OGM2 | 1072583753 |      4202 | 2006-11-02 00:00:00 | SKU at Risk                                                     | 3185326372 | 4255820389 | 1702341388
 4255831084 | OOPT-FBK414.05-OGM2 | 1072583754 |      4202 | 2006-10-31 00:00:00 | SKU at Risk                                                     | 3185326372 | 4255820389 | 1702341388
 4255831084 | OOPT-FBK414.05-OGM2 | 1072583754 |      4202 | 2006-11-01 00:00:00 | SKU at Risk                                                     | 3185326372 | 4255820389 | 1702341388
 4255831084 | OOPT-FBK414.05-OGM2 | 1072583754 |      4202 | 2006-11-02 00:00:00 | SKU at Risk                                                     | 3185326372 | 4255820389 | 1702341388
 4255831084 | OOPT-FBK414.05-OGM2 | 1072583755 |      4202 | 2006-10-31 00:00:00 | SKU at Risk                                                     | 3185326372 | 4255820389 | 1702341388
 4255831084 | OOPT-FBK414.05-OGM2 | 1072583755 |      4202 | 2006-11-01 00:00:00 | SKU at Risk                                                     | 3185326372 | 4255820389 | 1702341388
 4255831084 | OOPT-FBK414.05-OGM2 | 1072583755 |      4202 | 2006-11-02 00:00:00 | SKU at Risk                                                     | 3185326372 | 4255820389 | 1702341388
 4256754605 |                     |            |      4051 | 2006-10-31 00:00:00 | Order Status is Due                                             | 3185356163 | 4256743910 | 1191807211
 4256754605 |                     |            |      4051 | 2006-11-02 00:00:00 | Order Status is Due                                             | 3185356163 | 4256743910 | 1191807211
 4256754605 |                     |            |      4071 | 2006-11-01 00:00:00 | Order Status is SKUs at risk but Order is not due               | 3185356163 | 4256743910 | 1191807211
 4256754605 | OOPT-FBK414.06-OGM1 | 1072584711 |      4043 | 2006-10-31 00:00:00 | SKU is expiring                                                 | 3185356163 | 4256743910 | 1191807211
 4256754605 | OOPT-FBK414.06-OGM1 | 1072584711 |      4043 | 2006-11-01 00:00:00 | SKU is expiring                                                 | 3185356163 | 4256743910 | 1191807211
 4256754605 | OOPT-FBK414.06-OGM1 | 1072584711 |      4043 | 2006-11-02 00:00:00 | SKU is expiring                                                 | 3185356163 | 4256743910 | 1191807211
 4256754605 | OOPT-FBK414.06-OGM1 |            |      4051 | 2006-10-31 00:00:00 | Order Status is Due                                             | 3185356163 | 4256743910 | 1191807211
 4256754605 | OOPT-FBK414.06-OGM1 |            |      4051 | 2006-11-02 00:00:00 | Order Status is Due                                             | 3185356163 | 4256743910 | 1191807211
 4256754605 | OOPT-FBK414.06-OGM1 |            |      4071 | 2006-11-01 00:00:00 | Order Status is SKUs at risk but Order is not due               | 3185356163 | 4256743910 | 1191807211
 4256754605 | OOPT-FBK414.06-OGM1 | 1072584711 |      4202 | 2006-10-31 00:00:00 | SKU at Risk                                                     | 3185356163 | 4256743910 | 1191807211
 4256754605 | OOPT-FBK414.06-OGM1 | 1072584711 |      4202 | 2006-11-01 00:00:00 | SKU at Risk                                                     | 3185356163 | 4256743910 | 1191807211
 4256754605 | OOPT-FBK414.06-OGM1 | 1072584711 |      4202 | 2006-11-02 00:00:00 | SKU at Risk                                                     | 3185356163 | 4256743910 | 1191807211
 4256754605 | OOPT-FBK414.06-OGM1 | 1072584712 |      4202 | 2006-10-31 00:00:00 | SKU at Risk                                                     | 3185356163 | 4256743910 | 1191807211
 4256754605 | OOPT-FBK414.06-OGM1 | 1072584712 |      4202 | 2006-11-02 00:00:00 | SKU at Risk                                                     | 3185356163 | 4256743910 | 1191807211
 4256754605 | OOPT-FBK414.06-OGM1 | 1072584713 |      4202 | 2006-10-31 00:00:00 | SKU at Risk                                                     | 3185356163 | 4256743910 | 1191807211
 4256754605 | OOPT-FBK414.06-OGM1 | 1072584713 |      4202 | 2006-11-02 00:00:00 | SKU at Risk                                                     | 3185356163 | 4256743910 | 1191807211
 4256754605 | OOPT-FBK414.06-OGM1 | 1072584711 |      4206 | 2006-11-02 00:00:00 | SKU has Inventory at expiration date                            | 3185356163 | 4256743910 | 1191807211
 4256754605 | OOPT-FBK414.06-OGM1 | 1072584711 |      4206 | 2006-11-02 00:00:00 | SKU has Inventory at expiration date                            | 3185356163 | 4256743910 | 1191807211
 4256754605 | OOPT-FBK414.06-OGM2 |            |      4051 | 2006-10-31 00:00:00 | Order Status is Due                                             | 3185356163 | 4256743910 | 1191807211
 4256754605 | OOPT-FBK414.06-OGM2 |            |      4051 | 2006-11-02 00:00:00 | Order Status is Due                                             | 3185356163 | 4256743910 | 1191807211
 4256754605 | OOPT-FBK414.06-OGM2 |            |      4053 | 2006-11-01 00:00:00 | Order Status is Other                                           | 3185356163 | 4256743910 | 1191807211
 4256754605 | OOPT-FBK414.06-OGM2 | 1072584714 |      4202 | 2006-10-31 00:00:00 | SKU at Risk                                                     | 3185356163 | 4256743910 | 1191807211
 4256754605 | OOPT-FBK414.06-OGM2 | 1072584714 |      4202 | 2006-11-02 00:00:00 | SKU at Risk                                                     | 3185356163 | 4256743910 | 1191807211
 4256754605 | OOPT-FBK414.06-OGM2 | 1072584715 |      4202 | 2006-10-31 00:00:00 | SKU at Risk                                                     | 3185356163 | 4256743910 | 1191807211
 4256754605 | OOPT-FBK414.06-OGM2 | 1072584715 |      4202 | 2006-11-02 00:00:00 | SKU at Risk                                                     | 3185356163 | 4256743910 | 1191807211
 4256754605 | OOPT-FBK414.06-OGM2 | 1072584716 |      4202 | 2006-10-31 00:00:00 | SKU at Risk                                                     | 3185356163 | 4256743910 | 1191807211
 4256754605 | OOPT-FBK414.06-OGM2 | 1072584716 |      4202 | 2006-11-02 00:00:00 | SKU at Risk                                                     | 3185356163 | 4256743910 | 1191807211
 4257678126 |                     |            |      4029 | 2006-10-31 00:00:00 | Unable to calculate Order Totals for a UOM                      | 3185385954 | 4257667431 | 681273034
 4257678126 |                     |            |      4029 | 2006-11-01 00:00:00 | Unable to calculate Order Totals for a UOM                      | 3185385954 | 4257667431 | 681273034
 4257678126 |                     |            |      4029 | 2006-11-02 00:00:00 | Unable to calculate Order Totals for a UOM                      | 3185385954 | 4257667431 | 681273034
 4257678126 |                     |            |      4054 | 2006-10-31 00:00:00 | Failed Validity - UOM Mismatch                                  | 3185385954 | 4257667431 | 681273034
 4257678126 |                     |            |      4054 | 2006-11-01 00:00:00 | Failed Validity - UOM Mismatch                                  | 3185385954 | 4257667431 | 681273034
 4257678126 |                     |            |      4054 | 2006-11-02 00:00:00 | Failed Validity - UOM Mismatch                                  | 3185385954 | 4257667431 | 681273034
 4257678126 | OOPT-FBK414.07-OGM1 | 1072585672 |      4028 | 2006-10-31 00:00:00 | Unable to convert SuggestedOrderQuantity to Target Capacity UOM | 3185385954 | 4257667431 | 681273034
 4257678126 | OOPT-FBK414.07-OGM1 | 1072585672 |      4028 | 2006-11-01 00:00:00 | Unable to convert SuggestedOrderQuantity to Target Capacity UOM | 3185385954 | 4257667431 | 681273034
 4257678126 | OOPT-FBK414.07-OGM1 | 1072585672 |      4028 | 2006-11-02 00:00:00 | Unable to convert SuggestedOrderQuantity to Target Capacity UOM | 3185385954 | 4257667431 | 681273034
 4257678126 | OOPT-FBK414.07-OGM1 | 1072585673 |      4028 | 2006-10-31 00:00:00 | Unable to convert SuggestedOrderQuantity to Target Capacity UOM | 3185385954 | 4257667431 | 681273034
 4257678126 | OOPT-FBK414.07-OGM1 | 1072585673 |      4028 | 2006-11-01 00:00:00 | Unable to convert SuggestedOrderQuantity to Target Capacity UOM | 3185385954 | 4257667431 | 681273034
 4257678126 | OOPT-FBK414.07-OGM1 | 1072585673 |      4028 | 2006-11-02 00:00:00 | Unable to convert SuggestedOrderQuantity to Target Capacity UOM | 3185385954 | 4257667431 | 681273034
 4257678126 | OOPT-FBK414.07-OGM1 | 1072585674 |      4028 | 2006-10-31 00:00:00 | Unable to convert SuggestedOrderQuantity to Target Capacity UOM | 3185385954 | 4257667431 | 681273034
 4257678126 | OOPT-FBK414.07-OGM1 | 1072585674 |      4028 | 2006-11-01 00:00:00 | Unable to convert SuggestedOrderQuantity to Target Capacity UOM | 3185385954 | 4257667431 | 681273034
 4257678126 | OOPT-FBK414.07-OGM1 | 1072585674 |      4028 | 2006-11-02 00:00:00 | Unable to convert SuggestedOrderQuantity to Target Capacity UOM | 3185385954 | 4257667431 | 681273034
 4257678126 | OOPT-FBK414.07-OGM1 |            |      4029 | 2006-10-31 00:00:00 | Unable to calculate Order Totals for a UOM                      | 3185385954 | 4257667431 | 681273034
 4257678126 | OOPT-FBK414.07-OGM1 |            |      4029 | 2006-11-01 00:00:00 | Unable to calculate Order Totals for a UOM                      | 3185385954 | 4257667431 | 681273034
 4257678126 | OOPT-FBK414.07-OGM1 |            |      4029 | 2006-11-02 00:00:00 | Unable to calculate Order Totals for a UOM                      | 3185385954 | 4257667431 | 681273034
 4257678126 | OOPT-FBK414.07-OGM1 |            |      4051 | 2006-10-31 00:00:00 | Order Status is Due                                             | 3185385954 | 4257667431 | 681273034
 4257678126 | OOPT-FBK414.07-OGM1 |            |      4051 | 2006-11-01 00:00:00 | Order Status is Due                                             | 3185385954 | 4257667431 | 681273034
 4257678126 | OOPT-FBK414.07-OGM1 |            |      4051 | 2006-11-02 00:00:00 | Order Status is Due                                             | 3185385954 | 4257667431 | 681273034
 4257678126 | OOPT-FBK414.07-OGM1 | 1072585672 |      4202 | 2006-10-31 00:00:00 | SKU at Risk                                                     | 3185385954 | 4257667431 | 681273034
 4257678126 | OOPT-FBK414.07-OGM1 | 1072585672 |      4202 | 2006-11-01 00:00:00 | SKU at Risk                                                     | 3185385954 | 4257667431 | 681273034
 4257678126 | OOPT-FBK414.07-OGM1 | 1072585672 |      4202 | 2006-11-02 00:00:00 | SKU at Risk                                                     | 3185385954 | 4257667431 | 681273034
 4257678126 | OOPT-FBK414.07-OGM1 | 1072585673 |      4202 | 2006-10-31 00:00:00 | SKU at Risk                                                     | 3185385954 | 4257667431 | 681273034
 4257678126 | OOPT-FBK414.07-OGM1 | 1072585673 |      4202 | 2006-11-01 00:00:00 | SKU at Risk                                                     | 3185385954 | 4257667431 | 681273034
 4257678126 | OOPT-FBK414.07-OGM1 | 1072585673 |      4202 | 2006-11-02 00:00:00 | SKU at Risk                                                     | 3185385954 | 4257667431 | 681273034
 4257678126 | OOPT-FBK414.07-OGM1 | 1072585674 |      4202 | 2006-10-31 00:00:00 | SKU at Risk                                                     | 3185385954 | 4257667431 | 681273034
 4257678126 | OOPT-FBK414.07-OGM1 | 1072585674 |      4202 | 2006-11-01 00:00:00 | SKU at Risk                                                     | 3185385954 | 4257667431 | 681273034
 4257678126 | OOPT-FBK414.07-OGM1 | 1072585674 |      4202 | 2006-11-02 00:00:00 | SKU at Risk                                                     | 3185385954 | 4257667431 | 681273034
 4257678126 | OOPT-FBK414.07-OGM2 | 1072585675 |      4028 | 2006-10-31 00:00:00 | Unable to convert SuggestedOrderQuantity to Target Capacity UOM | 3185385954 | 4257667431 | 681273034
 4257678126 | OOPT-FBK414.07-OGM2 | 1072585675 |      4028 | 2006-11-01 00:00:00 | Unable to convert SuggestedOrderQuantity to Target Capacity UOM | 3185385954 | 4257667431 | 681273034
 4257678126 | OOPT-FBK414.07-OGM2 | 1072585675 |      4028 | 2006-11-02 00:00:00 | Unable to convert SuggestedOrderQuantity to Target Capacity UOM | 3185385954 | 4257667431 | 681273034
 4257678126 | OOPT-FBK414.07-OGM2 | 1072585676 |      4028 | 2006-10-31 00:00:00 | Unable to convert SuggestedOrderQuantity to Target Capacity UOM | 3185385954 | 4257667431 | 681273034
 4257678126 | OOPT-FBK414.07-OGM2 | 1072585676 |      4028 | 2006-11-01 00:00:00 | Unable to convert SuggestedOrderQuantity to Target Capacity UOM | 3185385954 | 4257667431 | 681273034
 4257678126 | OOPT-FBK414.07-OGM2 | 1072585676 |      4028 | 2006-11-02 00:00:00 | Unable to convert SuggestedOrderQuantity to Target Capacity UOM | 3185385954 | 4257667431 | 681273034
 4257678126 | OOPT-FBK414.07-OGM2 | 1072585677 |      4028 | 2006-10-31 00:00:00 | Unable to convert SuggestedOrderQuantity to Target Capacity UOM | 3185385954 | 4257667431 | 681273034
 4257678126 | OOPT-FBK414.07-OGM2 | 1072585677 |      4028 | 2006-11-01 00:00:00 | Unable to convert SuggestedOrderQuantity to Target Capacity UOM | 3185385954 | 4257667431 | 681273034
 4257678126 | OOPT-FBK414.07-OGM2 | 1072585677 |      4028 | 2006-11-02 00:00:00 | Unable to convert SuggestedOrderQuantity to Target Capacity UOM | 3185385954 | 4257667431 | 681273034
 4257678126 | OOPT-FBK414.07-OGM2 |            |      4029 | 2006-10-31 00:00:00 | Unable to calculate Order Totals for a UOM                      | 3185385954 | 4257667431 | 681273034
 4257678126 | OOPT-FBK414.07-OGM2 |            |      4029 | 2006-11-01 00:00:00 | Unable to calculate Order Totals for a UOM                      | 3185385954 | 4257667431 | 681273034
 4257678126 | OOPT-FBK414.07-OGM2 |            |      4029 | 2006-11-02 00:00:00 | Unable to calculate Order Totals for a UOM                      | 3185385954 | 4257667431 | 681273034
 4257678126 | OOPT-FBK414.07-OGM2 |            |      4051 | 2006-10-31 00:00:00 | Order Status is Due                                             | 3185385954 | 4257667431 | 681273034
 4257678126 | OOPT-FBK414.07-OGM2 |            |      4051 | 2006-11-01 00:00:00 | Order Status is Due                                             | 3185385954 | 4257667431 | 681273034
 4257678126 | OOPT-FBK414.07-OGM2 |            |      4051 | 2006-11-02 00:00:00 | Order Status is Due                                             | 3185385954 | 4257667431 | 681273034
 4257678126 | OOPT-FBK414.07-OGM2 | 1072585675 |      4202 | 2006-10-31 00:00:00 | SKU at Risk                                                     | 3185385954 | 4257667431 | 681273034
 4257678126 | OOPT-FBK414.07-OGM2 | 1072585675 |      4202 | 2006-11-01 00:00:00 | SKU at Risk                                                     | 3185385954 | 4257667431 | 681273034
 4257678126 | OOPT-FBK414.07-OGM2 | 1072585675 |      4202 | 2006-11-02 00:00:00 | SKU at Risk                                                     | 3185385954 | 4257667431 | 681273034
 4257678126 | OOPT-FBK414.07-OGM2 | 1072585676 |      4202 | 2006-10-31 00:00:00 | SKU at Risk                                                     | 3185385954 | 4257667431 | 681273034
 4257678126 | OOPT-FBK414.07-OGM2 | 1072585676 |      4202 | 2006-11-01 00:00:00 | SKU at Risk                                                     | 3185385954 | 4257667431 | 681273034
 4257678126 | OOPT-FBK414.07-OGM2 | 1072585676 |      4202 | 2006-11-02 00:00:00 | SKU at Risk                                                     | 3185385954 | 4257667431 | 681273034
 4257678126 | OOPT-FBK414.07-OGM2 | 1072585677 |      4202 | 2006-10-31 00:00:00 | SKU at Risk                                                     | 3185385954 | 4257667431 | 681273034
 4257678126 | OOPT-FBK414.07-OGM2 | 1072585677 |      4202 | 2006-11-01 00:00:00 | SKU at Risk                                                     | 3185385954 | 4257667431 | 681273034
 4257678126 | OOPT-FBK414.07-OGM2 | 1072585677 |      4202 | 2006-11-02 00:00:00 | SKU at Risk                                                     | 3185385954 | 4257667431 | 681273034
 4258601647 |                     |            |      4051 | 2006-11-01 00:00:00 | Order Status is Due                                             | 3185415745 | 4258590952 | 170738857
 4258601647 |                     |            |      4053 | 2006-11-02 00:00:00 | Order Status is Other                                           | 3185415745 | 4258590952 | 170738857
 4258601647 | OOPT-FBK414.08-OGM1 |            |      4051 | 2006-11-01 00:00:00 | Order Status is Due                                             | 3185415745 | 4258590952 | 170738857
 4258601647 | OOPT-FBK414.08-OGM1 |            |      4053 | 2006-11-02 00:00:00 | Order Status is Other                                           | 3185415745 | 4258590952 | 170738857
 4258601647 | OOPT-FBK414.08-OGM1 | 1072586633 |      4202 | 2006-11-01 00:00:00 | SKU at Risk                                                     | 3185415745 | 4258590952 | 170738857
 4258601647 | OOPT-FBK414.08-OGM1 | 1072586634 |      4202 | 2006-11-01 00:00:00 | SKU at Risk                                                     | 3185415745 | 4258590952 | 170738857
 4258601647 | OOPT-FBK414.08-OGM1 | 1072586635 |      4202 | 2006-11-01 00:00:00 | SKU at Risk                                                     | 3185415745 | 4258590952 | 170738857
 4258601647 | OOPT-FBK414.08-OGM1 | 1072586633 |      4204 | 2006-11-02 00:00:00 | SKU is overstocked for reasons other than rounding              | 3185415745 | 4258590952 | 170738857
 4258601647 | OOPT-FBK414.08-OGM1 | 1072586634 |      4204 | 2006-11-02 00:00:00 | SKU is overstocked for reasons other than rounding              | 3185415745 | 4258590952 | 170738857
 4258601647 | OOPT-FBK414.08-OGM1 | 1072586635 |      4204 | 2006-11-02 00:00:00 | SKU is overstocked for reasons other than rounding              | 3185415745 | 4258590952 | 170738857
 4258601647 | OOPT-FBK414.08-OGM1 | 1072586633 |      4205 | 2006-11-02 00:00:00 | SKU is overstocked                                              | 3185415745 | 4258590952 | 170738857
 4258601647 | OOPT-FBK414.08-OGM1 | 1072586634 |      4205 | 2006-11-02 00:00:00 | SKU is overstocked                                              | 3185415745 | 4258590952 | 170738857
 4258601647 | OOPT-FBK414.08-OGM1 | 1072586635 |      4205 | 2006-11-02 00:00:00 | SKU is overstocked                                              | 3185415745 | 4258590952 | 170738857
 4258601647 | OOPT-FBK414.08-OGM2 |            |      4051 | 2006-11-01 00:00:00 | Order Status is Due                                             | 3185415745 | 4258590952 | 170738857
 4258601647 | OOPT-FBK414.08-OGM2 |            |      4053 | 2006-11-02 00:00:00 | Order Status is Other                                           | 3185415745 | 4258590952 | 170738857
 4258601647 | OOPT-FBK414.08-OGM2 | 1072586636 |      4202 | 2006-11-01 00:00:00 | SKU at Risk                                                     | 3185415745 | 4258590952 | 170738857
 4258601647 | OOPT-FBK414.08-OGM2 | 1072586637 |      4202 | 2006-11-01 00:00:00 | SKU at Risk                                                     | 3185415745 | 4258590952 | 170738857
 4258601647 | OOPT-FBK414.08-OGM2 | 1072586638 |      4202 | 2006-11-01 00:00:00 | SKU at Risk                                                     | 3185415745 | 4258590952 | 170738857
 4258601647 | OOPT-FBK414.08-OGM2 | 1072586636 |      4204 | 2006-11-02 00:00:00 | SKU is overstocked for reasons other than rounding              | 3185415745 | 4258590952 | 170738857
 4258601647 | OOPT-FBK414.08-OGM2 | 1072586637 |      4204 | 2006-11-02 00:00:00 | SKU is overstocked for reasons other than rounding              | 3185415745 | 4258590952 | 170738857
 4258601647 | OOPT-FBK414.08-OGM2 | 1072586638 |      4204 | 2006-11-02 00:00:00 | SKU is overstocked for reasons other than rounding              | 3185415745 | 4258590952 | 170738857
 4258601647 | OOPT-FBK414.08-OGM2 | 1072586636 |      4205 | 2006-11-02 00:00:00 | SKU is overstocked                                              | 3185415745 | 4258590952 | 170738857
 4258601647 | OOPT-FBK414.08-OGM2 | 1072586637 |      4205 | 2006-11-02 00:00:00 | SKU is overstocked                                              | 3185415745 | 4258590952 | 170738857
 4258601647 | OOPT-FBK414.08-OGM2 | 1072586638 |      4205 | 2006-11-02 00:00:00 | SKU is overstocked                                              | 3185415745 | 4258590952 | 170738857
 4259525168 |                     |            |      4051 | 2006-10-31 00:00:00 | Order Status is Due                                             | 3185445536 | 4259514473 | 3955171974
 4259525168 |                     |            |      4051 | 2006-11-01 00:00:00 | Order Status is Due                                             | 3185445537 | 4259514473 | 3955171974
 4259525168 |                     |            |      4051 | 2006-11-02 00:00:00 | Order Status is Due                                             | 3185445537 | 4259514473 | 3955171974
 4259525168 | OOPT-FBK414.09-OGM1 |            |      4051 | 2006-10-31 00:00:00 | Order Status is Due                                             | 3185445536 | 4259514473 | 3955171974
 4259525168 | OOPT-FBK414.09-OGM1 | 1072587594 |      4202 | 2006-10-31 00:00:00 | SKU at Risk                                                     | 3185445536 | 4259514473 | 3955171974
 4259525168 | OOPT-FBK414.09-OGM1 | 1072587595 |      4202 | 2006-10-31 00:00:00 | SKU at Risk                                                     | 3185445536 | 4259514473 | 3955171974
 4259525168 | OOPT-FBK414.09-OGM1 | 1072587596 |      4202 | 2006-10-31 00:00:00 | SKU at Risk                                                     | 3185445536 | 4259514473 | 3955171974
 4259525168 | OOPT-FBK414.09-OGM2 |            |      4051 | 2006-11-01 00:00:00 | Order Status is Due                                             | 3185445537 | 4259514473 | 3955171974
 4259525168 | OOPT-FBK414.09-OGM2 |            |      4051 | 2006-11-02 00:00:00 | Order Status is Due                                             | 3185445537 | 4259514473 | 3955171974
 4259525168 | OOPT-FBK414.09-OGM2 | 1072587594 |      4202 | 2006-11-01 00:00:00 | SKU at Risk                                                     | 3185445537 | 4259514473 | 3955171974
 4259525168 | OOPT-FBK414.09-OGM2 | 1072587594 |      4202 | 2006-11-02 00:00:00 | SKU at Risk                                                     | 3185445537 | 4259514473 | 3955171974
 4259525168 | OOPT-FBK414.09-OGM2 | 1072587595 |      4202 | 2006-11-01 00:00:00 | SKU at Risk                                                     | 3185445537 | 4259514473 | 3955171974
 4259525168 | OOPT-FBK414.09-OGM2 | 1072587595 |      4202 | 2006-11-02 00:00:00 | SKU at Risk                                                     | 3185445537 | 4259514473 | 3955171974
 4259525168 | OOPT-FBK414.09-OGM2 | 1072587596 |      4202 | 2006-11-01 00:00:00 | SKU at Risk                                                     | 3185445537 | 4259514473 | 3955171974
 4259525168 | OOPT-FBK414.09-OGM2 | 1072587596 |      4202 | 2006-11-02 00:00:00 | SKU at Risk                                                     | 3185445537 | 4259514473 | 3955171974
 4279842630 |                     |            |      4051 | 2006-10-31 00:00:00 | Order Status is Due                                             | 3186100938 | 4279831935 | 1313354674
 4279842630 |                     |            |      4051 | 2006-11-01 00:00:00 | Order Status is Due                                             | 3186100938 | 4279831936 | 1313354674
 4279842630 |                     |            |      4051 | 2006-11-02 00:00:00 | Order Status is Due                                             | 3186100938 | 4279831936 | 1313354674
 4279842630 | OOPT-FBK414.10-OGM1 |            |      4051 | 2006-10-31 00:00:00 | Order Status is Due                                             | 3186100938 | 4279831935 | 1313354674
 4279842630 | OOPT-FBK414.10-OGM1 | 1072608736 |      4202 | 2006-10-31 00:00:00 | SKU at Risk                                                     | 3186100938 | 4279831935 | 1313354674
 4279842630 | OOPT-FBK414.10-OGM1 | 1072608737 |      4202 | 2006-10-31 00:00:00 | SKU at Risk                                                     | 3186100938 | 4279831935 | 1313354674
 4279842630 | OOPT-FBK414.10-OGM1 | 1072608738 |      4202 | 2006-10-31 00:00:00 | SKU at Risk                                                     | 3186100938 | 4279831935 | 1313354674
 4279842630 | OOPT-FBK414.10-OGM2 |            |      4051 | 2006-11-01 00:00:00 | Order Status is Due                                             | 3186100938 | 4279831936 | 1313354674
 4279842630 | OOPT-FBK414.10-OGM2 |            |      4051 | 2006-11-02 00:00:00 | Order Status is Due                                             | 3186100938 | 4279831936 | 1313354674
 4279842630 | OOPT-FBK414.10-OGM2 | 1072608736 |      4202 | 2006-11-01 00:00:00 | SKU at Risk                                                     | 3186100938 | 4279831936 | 1313354674
 4279842630 | OOPT-FBK414.10-OGM2 | 1072608736 |      4202 | 2006-11-02 00:00:00 | SKU at Risk                                                     | 3186100938 | 4279831936 | 1313354674
 4279842630 | OOPT-FBK414.10-OGM2 | 1072608737 |      4202 | 2006-11-01 00:00:00 | SKU at Risk                                                     | 3186100938 | 4279831936 | 1313354674
 4279842630 | OOPT-FBK414.10-OGM2 | 1072608737 |      4202 | 2006-11-02 00:00:00 | SKU at Risk                                                     | 3186100938 | 4279831936 | 1313354674
 4279842630 | OOPT-FBK414.10-OGM2 | 1072608738 |      4202 | 2006-11-01 00:00:00 | SKU at Risk                                                     | 3186100938 | 4279831936 | 1313354674
 4279842630 | OOPT-FBK414.10-OGM2 | 1072608738 |      4202 | 2006-11-02 00:00:00 | SKU at Risk                                                     | 3186100938 | 4279831936 | 1313354674
 4280766151 |                     |            |      4051 | 2006-11-01 00:00:00 | Order Status is Due                                             | 3186130729 | 4280755456 | 802820497
 4280766151 |                     |            |      4051 | 2006-11-02 00:00:00 | Order Status is Due                                             | 3186130729 | 4280755456 | 802820497
 4280766151 |                     |            |      4053 | 2006-10-31 00:00:00 | Order Status is Other                                           | 3186130729 | 4280755456 | 802820497
 4280766151 | OOPT-FBK414.11-OGM1 |            |      4051 | 2006-11-01 00:00:00 | Order Status is Due                                             | 3186130729 | 4280755456 | 802820497
 4280766151 | OOPT-FBK414.11-OGM1 |            |      4051 | 2006-11-02 00:00:00 | Order Status is Due                                             | 3186130729 | 4280755456 | 802820497
 4280766151 | OOPT-FBK414.11-OGM1 |            |      4053 | 2006-10-31 00:00:00 | Order Status is Other                                           | 3186130729 | 4280755456 | 802820497
 4280766151 | OOPT-FBK414.11-OGM1 | 1072609697 |      4202 | 2006-11-01 00:00:00 | SKU at Risk                                                     | 3186130729 | 4280755456 | 802820497
 4280766151 | OOPT-FBK414.11-OGM1 | 1072609697 |      4202 | 2006-11-02 00:00:00 | SKU at Risk                                                     | 3186130729 | 4280755456 | 802820497
 4280766151 | OOPT-FBK414.11-OGM1 | 1072609698 |      4202 | 2006-11-01 00:00:00 | SKU at Risk                                                     | 3186130729 | 4280755456 | 802820497
 4280766151 | OOPT-FBK414.11-OGM1 | 1072609698 |      4202 | 2006-11-02 00:00:00 | SKU at Risk                                                     | 3186130729 | 4280755456 | 802820497
 4280766151 | OOPT-FBK414.11-OGM1 | 1072609699 |      4202 | 2006-11-01 00:00:00 | SKU at Risk                                                     | 3186130729 | 4280755456 | 802820497
 4280766151 | OOPT-FBK414.11-OGM1 | 1072609699 |      4202 | 2006-11-02 00:00:00 | SKU at Risk                                                     | 3186130729 | 4280755456 | 802820497
 4280766151 | OOPT-FBK414.11-OGM2 |            |      4051 | 2006-11-01 00:00:00 | Order Status is Due                                             | 3186130729 | 4280755456 | 802820497
 4280766151 | OOPT-FBK414.11-OGM2 |            |      4051 | 2006-11-02 00:00:00 | Order Status is Due                                             | 3186130729 | 4280755456 | 802820497
 4280766151 | OOPT-FBK414.11-OGM2 |            |      4053 | 2006-10-31 00:00:00 | Order Status is Other                                           | 3186130729 | 4280755456 | 802820497
 4280766151 | OOPT-FBK414.11-OGM2 | 1072609700 |      4202 | 2006-11-01 00:00:00 | SKU at Risk                                                     | 3186130729 | 4280755456 | 802820497
 4280766151 | OOPT-FBK414.11-OGM2 | 1072609700 |      4202 | 2006-11-02 00:00:00 | SKU at Risk                                                     | 3186130729 | 4280755456 | 802820497
 4280766151 | OOPT-FBK414.11-OGM2 | 1072609701 |      4202 | 2006-11-01 00:00:00 | SKU at Risk                                                     | 3186130729 | 4280755456 | 802820497
 4280766151 | OOPT-FBK414.11-OGM2 | 1072609701 |      4202 | 2006-11-02 00:00:00 | SKU at Risk                                                     | 3186130729 | 4280755456 | 802820497
 4280766151 | OOPT-FBK414.11-OGM2 | 1072609702 |      4202 | 2006-11-01 00:00:00 | SKU at Risk                                                     | 3186130729 | 4280755456 | 802820497
 4280766151 | OOPT-FBK414.11-OGM2 | 1072609702 |      4202 | 2006-11-02 00:00:00 | SKU at Risk                                                     | 3186130729 | 4280755456 | 802820497
 4281689672 |                     |            |      4051 | 2006-10-31 00:00:00 | Order Status is Due                                             | 3186160520 | 4281678977 | 292286320
 4281689672 |                     |            |      4051 | 2006-11-01 00:00:00 | Order Status is Due                                             | 3186160520 | 4281678977 | 292286320
 4281689672 |                     |            |      4051 | 2006-11-02 00:00:00 | Order Status is Due                                             | 3186160520 | 4281678977 | 292286320
 4281689672 | OOPT-FBK414.12-OGM1 |            |      4051 | 2006-10-31 00:00:00 | Order Status is Due                                             | 3186160520 | 4281678977 | 292286320
 4281689672 | OOPT-FBK414.12-OGM1 |            |      4051 | 2006-11-01 00:00:00 | Order Status is Due                                             | 3186160520 | 4281678977 | 292286320
 4281689672 | OOPT-FBK414.12-OGM1 |            |      4051 | 2006-11-02 00:00:00 | Order Status is Due                                             | 3186160520 | 4281678977 | 292286320
 4281689672 | OOPT-FBK414.12-OGM1 | 1072610658 |      4202 | 2006-10-31 00:00:00 | SKU at Risk                                                     | 3186160520 | 4281678977 | 292286320
 4281689672 | OOPT-FBK414.12-OGM1 | 1072610658 |      4202 | 2006-11-01 00:00:00 | SKU at Risk                                                     | 3186160520 | 4281678977 | 292286320
 4281689672 | OOPT-FBK414.12-OGM1 | 1072610658 |      4202 | 2006-11-02 00:00:00 | SKU at Risk                                                     | 3186160520 | 4281678977 | 292286320
 4281689672 | OOPT-FBK414.12-OGM1 | 1072610659 |      4202 | 2006-10-31 00:00:00 | SKU at Risk                                                     | 3186160520 | 4281678977 | 292286320
 4281689672 | OOPT-FBK414.12-OGM1 | 1072610659 |      4202 | 2006-11-01 00:00:00 | SKU at Risk                                                     | 3186160520 | 4281678977 | 292286320
 4281689672 | OOPT-FBK414.12-OGM1 | 1072610659 |      4202 | 2006-11-02 00:00:00 | SKU at Risk                                                     | 3186160520 | 4281678977 | 292286320
 4281689672 | OOPT-FBK414.12-OGM1 | 1072610660 |      4202 | 2006-10-31 00:00:00 | SKU at Risk                                                     | 3186160520 | 4281678977 | 292286320
 4281689672 | OOPT-FBK414.12-OGM1 | 1072610660 |      4202 | 2006-11-01 00:00:00 | SKU at Risk                                                     | 3186160520 | 4281678977 | 292286320
 4281689672 | OOPT-FBK414.12-OGM1 | 1072610660 |      4202 | 2006-11-02 00:00:00 | SKU at Risk                                                     | 3186160520 | 4281678977 | 292286320
 4281689672 | OOPT-FBK414.12-OGM2 |            |      4051 | 2006-10-31 00:00:00 | Order Status is Due                                             | 3186160520 | 4281678977 | 292286320
 4281689672 | OOPT-FBK414.12-OGM2 |            |      4051 | 2006-11-01 00:00:00 | Order Status is Due                                             | 3186160520 | 4281678977 | 292286320
 4281689672 | OOPT-FBK414.12-OGM2 |            |      4051 | 2006-11-02 00:00:00 | Order Status is Due                                             | 3186160520 | 4281678977 | 292286320
 4281689672 | OOPT-FBK414.12-OGM2 | 1072610661 |      4202 | 2006-10-31 00:00:00 | SKU at Risk                                                     | 3186160520 | 4281678977 | 292286320
 4281689672 | OOPT-FBK414.12-OGM2 | 1072610661 |      4202 | 2006-11-01 00:00:00 | SKU at Risk                                                     | 3186160520 | 4281678977 | 292286320
 4281689672 | OOPT-FBK414.12-OGM2 | 1072610661 |      4202 | 2006-11-02 00:00:00 | SKU at Risk                                                     | 3186160520 | 4281678977 | 292286320
 4281689672 | OOPT-FBK414.12-OGM2 | 1072610662 |      4202 | 2006-10-31 00:00:00 | SKU at Risk                                                     | 3186160520 | 4281678977 | 292286320
 4281689672 | OOPT-FBK414.12-OGM2 | 1072610662 |      4202 | 2006-11-01 00:00:00 | SKU at Risk                                                     | 3186160520 | 4281678977 | 292286320
 4281689672 | OOPT-FBK414.12-OGM2 | 1072610662 |      4202 | 2006-11-02 00:00:00 | SKU at Risk                                                     | 3186160520 | 4281678977 | 292286320
 4281689672 | OOPT-FBK414.12-OGM2 | 1072610663 |      4202 | 2006-10-31 00:00:00 | SKU at Risk                                                     | 3186160520 | 4281678977 | 292286320
 4281689672 | OOPT-FBK414.12-OGM2 | 1072610663 |      4202 | 2006-11-01 00:00:00 | SKU at Risk                                                     | 3186160520 | 4281678977 | 292286320
 4281689672 | OOPT-FBK414.12-OGM2 | 1072610663 |      4202 | 2006-11-02 00:00:00 | SKU at Risk                                                     | 3186160520 | 4281678977 | 292286320
 4282613193 |                     |            |      4051 | 2006-11-01 00:00:00 | Order Status is Due                                             | 3186190311 | 4282602498 | 4076719437
 4282613193 |                     |            |      4051 | 2006-11-02 00:00:00 | Order Status is Due                                             | 3186190311 | 4282602498 | 4076719437
 4282613193 |                     |            |      4053 | 2006-10-31 00:00:00 | Order Status is Other                                           | 3186190311 | 4282602498 | 4076719437
 4282613193 | OOPT-FBK414.13-OGM1 |            |      4051 | 2006-11-01 00:00:00 | Order Status is Due                                             | 3186190311 | 4282602498 | 4076719437
 4282613193 | OOPT-FBK414.13-OGM1 |            |      4051 | 2006-11-02 00:00:00 | Order Status is Due                                             | 3186190311 | 4282602498 | 4076719437
 4282613193 | OOPT-FBK414.13-OGM1 |            |      4053 | 2006-10-31 00:00:00 | Order Status is Other                                           | 3186190311 | 4282602498 | 4076719437
 4282613193 | OOPT-FBK414.13-OGM1 | 1072611619 |      4202 | 2006-11-01 00:00:00 | SKU at Risk                                                     | 3186190311 | 4282602498 | 4076719437
 4282613193 | OOPT-FBK414.13-OGM1 | 1072611619 |      4202 | 2006-11-02 00:00:00 | SKU at Risk                                                     | 3186190311 | 4282602498 | 4076719437
 4282613193 | OOPT-FBK414.13-OGM1 | 1072611620 |      4202 | 2006-11-01 00:00:00 | SKU at Risk                                                     | 3186190311 | 4282602498 | 4076719437
 4282613193 | OOPT-FBK414.13-OGM1 | 1072611620 |      4202 | 2006-11-02 00:00:00 | SKU at Risk                                                     | 3186190311 | 4282602498 | 4076719437
 4282613193 | OOPT-FBK414.13-OGM1 | 1072611621 |      4202 | 2006-11-01 00:00:00 | SKU at Risk                                                     | 3186190311 | 4282602498 | 4076719437
 4282613193 | OOPT-FBK414.13-OGM1 | 1072611621 |      4202 | 2006-11-02 00:00:00 | SKU at Risk                                                     | 3186190311 | 4282602498 | 4076719437
 4282613193 | OOPT-FBK414.13-OGM2 |            |      4051 | 2006-11-01 00:00:00 | Order Status is Due                                             | 3186190311 | 4282602498 | 4076719437
 4282613193 | OOPT-FBK414.13-OGM2 |            |      4051 | 2006-11-02 00:00:00 | Order Status is Due                                             | 3186190311 | 4282602498 | 4076719437
 4282613193 | OOPT-FBK414.13-OGM2 |            |      4053 | 2006-10-31 00:00:00 | Order Status is Other                                           | 3186190311 | 4282602498 | 4076719437
 4282613193 | OOPT-FBK414.13-OGM2 | 1072611622 |      4202 | 2006-11-01 00:00:00 | SKU at Risk                                                     | 3186190311 | 4282602498 | 4076719437
 4282613193 | OOPT-FBK414.13-OGM2 | 1072611622 |      4202 | 2006-11-02 00:00:00 | SKU at Risk                                                     | 3186190311 | 4282602498 | 4076719437
 4282613193 | OOPT-FBK414.13-OGM2 | 1072611623 |      4202 | 2006-11-01 00:00:00 | SKU at Risk                                                     | 3186190311 | 4282602498 | 4076719437
 4282613193 | OOPT-FBK414.13-OGM2 | 1072611623 |      4202 | 2006-11-02 00:00:00 | SKU at Risk                                                     | 3186190311 | 4282602498 | 4076719437
 4282613193 | OOPT-FBK414.13-OGM2 | 1072611624 |      4202 | 2006-11-01 00:00:00 | SKU at Risk                                                     | 3186190311 | 4282602498 | 4076719437
 4282613193 | OOPT-FBK414.13-OGM2 | 1072611624 |      4202 | 2006-11-02 00:00:00 | SKU at Risk                                                     | 3186190311 | 4282602498 | 4076719437
 4283536714 |                     |            |      4051 | 2006-11-02 00:00:00 | Order Status is Due                                             | 3186220102 | 4283526019 | 3566185260
 4283536714 | OOPT-FBK414.14-OGM1 |            |      4051 | 2006-11-02 00:00:00 | Order Status is Due                                             | 3186220102 | 4283526019 | 3566185260
 4283536714 | OOPT-FBK414.14-OGM1 | 1072612580 |      4202 | 2006-11-02 00:00:00 | SKU at Risk                                                     | 3186220102 | 4283526019 | 3566185260
 4283536714 | OOPT-FBK414.14-OGM1 | 1072612581 |      4202 | 2006-11-02 00:00:00 | SKU at Risk                                                     | 3186220102 | 4283526019 | 3566185260
 4283536715 |                     |            |      4051 | 2006-10-31 00:00:00 | Order Status is Due                                             | 3186220103 | 4283526019 | 3566185261
 4283536715 | OOPT-FBK414.14-OGM1 |            |      4051 | 2006-10-31 00:00:00 | Order Status is Due                                             | 3186220103 | 4283526019 | 3566185261
 4283536715 | OOPT-FBK414.14-OGM1 | 1072612582 |      4202 | 2006-10-31 00:00:00 | SKU at Risk                                                     | 3186220103 | 4283526019 | 3566185261
 4283536715 | OOPT-FBK414.14-OGM1 | 1072612583 |      4202 | 2006-10-31 00:00:00 | SKU at Risk                                                     | 3186220103 | 4283526019 | 3566185261
 4283536716 |                     |            |      4051 | 2006-11-01 00:00:00 | Order Status is Due                                             | 3186220104 | 4283526019 | 3566185262
 4283536716 | OOPT-FBK414.14-OGM1 |            |      4051 | 2006-11-01 00:00:00 | Order Status is Due                                             | 3186220104 | 4283526019 | 3566185262
 4283536716 | OOPT-FBK414.14-OGM1 | 1072612584 |      4202 | 2006-11-01 00:00:00 | SKU at Risk                                                     | 3186220104 | 4283526019 | 3566185262
 4283536716 | OOPT-FBK414.14-OGM1 | 1072612585 |      4202 | 2006-11-01 00:00:00 | SKU at Risk                                                     | 3186220104 | 4283526019 | 3566185262
 4284460236 |                     |            |      4051 | 2006-10-31 00:00:00 | Order Status is Due                                             | 3186249893 | 4284449541 | 3055651084
 4284460236 | OOPT-FBK414.15-OGM1 |            |      4051 | 2006-10-31 00:00:00 | Order Status is Due                                             | 3186249893 | 4284449541 | 3055651084
 4284460236 | OOPT-FBK414.15-OGM1 | 1072613543 |      4202 | 2006-10-31 00:00:00 | SKU at Risk                                                     | 3186249893 | 4284449541 | 3055651084
 4284460236 | OOPT-FBK414.15-OGM1 | 1072613544 |      4202 | 2006-10-31 00:00:00 | SKU at Risk                                                     | 3186249893 | 4284449541 | 3055651084
 4284460237 |                     |            |      4051 | 2006-11-01 00:00:00 | Order Status is Due                                             | 3186249893 | 4284449542 | 3055651085
 4284460237 | OOPT-FBK414.15-OGM1 |            |      4051 | 2006-11-01 00:00:00 | Order Status is Due                                             | 3186249893 | 4284449542 | 3055651085
 4284460237 | OOPT-FBK414.15-OGM1 | 1072613545 |      4202 | 2006-11-01 00:00:00 | SKU at Risk                                                     | 3186249893 | 4284449542 | 3055651085
 4284460237 | OOPT-FBK414.15-OGM1 | 1072613546 |      4202 | 2006-11-01 00:00:00 | SKU at Risk                                                     | 3186249893 | 4284449542 | 3055651085
 4285383756 |                     |            |      4051 | 2006-11-02 00:00:00 | Order Status is Due                                             | 3186279684 | 4285373061 | 2545116906
 4285383756 | OOPT-FBK414.16-OGM1 |            |      4051 | 2006-11-02 00:00:00 | Order Status is Due                                             | 3186279684 | 4285373061 | 2545116906
 4285383756 | OOPT-FBK414.16-OGM1 | 1072614502 |      4202 | 2006-11-02 00:00:00 | SKU at Risk                                                     | 3186279684 | 4285373061 | 2545116906
 4285383756 | OOPT-FBK414.16-OGM1 | 1072614503 |      4202 | 2006-11-02 00:00:00 | SKU at Risk                                                     | 3186279684 | 4285373061 | 2545116906
 4285383756 | OOPT-FBK414.16-OGM1 | 1072614504 |      4202 | 2006-11-02 00:00:00 | SKU at Risk                                                     | 3186279684 | 4285373061 | 2545116906
 4285383756 | OOPT-FBK414.16-OGM2 |            |      4051 | 2006-11-02 00:00:00 | Order Status is Due                                             | 3186279684 | 4285373061 | 2545116906
 4285383756 | OOPT-FBK414.16-OGM2 | 1072614505 |      4202 | 2006-11-02 00:00:00 | SKU at Risk                                                     | 3186279684 | 4285373061 | 2545116906
 4285383756 | OOPT-FBK414.16-OGM2 | 1072614506 |      4202 | 2006-11-02 00:00:00 | SKU at Risk                                                     | 3186279684 | 4285373061 | 2545116906
 4285383756 | OOPT-FBK414.16-OGM2 | 1072614507 |      4202 | 2006-11-02 00:00:00 | SKU at Risk                                                     | 3186279684 | 4285373061 | 2545116906
 4286307277 |                     |            |      4051 | 2006-10-31 00:00:00 | Order Status is Due                                             | 3186309475 | 4286296582 | 2034582731
 4286307277 |                     |            |      4051 | 2006-11-01 00:00:00 | Order Status is Due                                             | 3186309475 | 4286296582 | 2034582731
 4286307277 |                     |            |      4051 | 2006-11-02 00:00:00 | Order Status is Due                                             | 3186309475 | 4286296582 | 2034582731
 4286307277 | OOPT-FBK414.17-OGM1 |            |      4051 | 2006-10-31 00:00:00 | Order Status is Due                                             | 3186309475 | 4286296582 | 2034582731
 4286307277 | OOPT-FBK414.17-OGM1 |            |      4051 | 2006-11-01 00:00:00 | Order Status is Due                                             | 3186309475 | 4286296582 | 2034582731
 4286307277 | OOPT-FBK414.17-OGM1 |            |      4051 | 2006-11-02 00:00:00 | Order Status is Due                                             | 3186309475 | 4286296582 | 2034582731
 4286307277 | OOPT-FBK414.17-OGM1 | 1072615463 |      4202 | 2006-10-31 00:00:00 | SKU at Risk                                                     | 3186309475 | 4286296582 | 2034582731
 4286307277 | OOPT-FBK414.17-OGM1 | 1072615464 |      4202 | 2006-10-31 00:00:00 | SKU at Risk                                                     | 3186309475 | 4286296582 | 2034582731
 4286307277 | OOPT-FBK414.17-OGM1 | 1072615465 |      4202 | 2006-11-01 00:00:00 | SKU at Risk                                                     | 3186309475 | 4286296582 | 2034582731
 4286307277 | OOPT-FBK414.17-OGM1 | 1072615465 |      4202 | 2006-11-02 00:00:00 | SKU at Risk                                                     | 3186309475 | 4286296582 | 2034582731
 4286307277 | OOPT-FBK414.17-OGM2 |            |      4051 | 2006-10-31 00:00:00 | Order Status is Due                                             | 3186309475 | 4286296582 | 2034582731
 4286307277 | OOPT-FBK414.17-OGM2 |            |      4051 | 2006-11-01 00:00:00 | Order Status is Due                                             | 3186309475 | 4286296582 | 2034582731
 4286307277 | OOPT-FBK414.17-OGM2 |            |      4051 | 2006-11-02 00:00:00 | Order Status is Due                                             | 3186309475 | 4286296582 | 2034582731
 4286307277 | OOPT-FBK414.17-OGM2 | 1072615466 |      4202 | 2006-10-31 00:00:00 | SKU at Risk                                                     | 3186309475 | 4286296582 | 2034582731
 4286307277 | OOPT-FBK414.17-OGM2 | 1072615467 |      4202 | 2006-11-01 00:00:00 | SKU at Risk                                                     | 3186309475 | 4286296582 | 2034582731
 4286307277 | OOPT-FBK414.17-OGM2 | 1072615467 |      4202 | 2006-11-02 00:00:00 | SKU at Risk                                                     | 3186309475 | 4286296582 | 2034582731
 4286307277 | OOPT-FBK414.17-OGM2 | 1072615468 |      4202 | 2006-11-01 00:00:00 | SKU at Risk                                                     | 3186309475 | 4286296582 | 2034582731
 4286307277 | OOPT-FBK414.17-OGM2 | 1072615468 |      4202 | 2006-11-02 00:00:00 | SKU at Risk                                                     | 3186309475 | 4286296582 | 2034582731
 4287230798 |                     |            |      4051 | 2006-10-31 00:00:00 | Order Status is Due                                             | 3186339266 | 4287220103 | 1524048554
 4287230798 |                     |            |      4051 | 2006-11-01 00:00:00 | Order Status is Due                                             | 3186339266 | 4287220103 | 1524048554
 4287230798 |                     |            |      4051 | 2006-11-02 00:00:00 | Order Status is Due                                             | 3186339266 | 4287220103 | 1524048554
 4287230798 | OOPT-FBK414.18-OGM1 |            |      4051 | 2006-10-31 00:00:00 | Order Status is Due                                             | 3186339266 | 4287220103 | 1524048554
 4287230798 | OOPT-FBK414.18-OGM1 |            |      4051 | 2006-11-01 00:00:00 | Order Status is Due                                             | 3186339266 | 4287220103 | 1524048554
 4287230798 | OOPT-FBK414.18-OGM1 |            |      4051 | 2006-11-02 00:00:00 | Order Status is Due                                             | 3186339266 | 4287220103 | 1524048554
 4287230798 | OOPT-FBK414.18-OGM1 | 1072616424 |      4202 | 2006-10-31 00:00:00 | SKU at Risk                                                     | 3186339266 | 4287220103 | 1524048554
 4287230798 | OOPT-FBK414.18-OGM1 | 1072616424 |      4202 | 2006-11-01 00:00:00 | SKU at Risk                                                     | 3186339266 | 4287220103 | 1524048554
 4287230798 | OOPT-FBK414.18-OGM1 | 1072616424 |      4202 | 2006-11-02 00:00:00 | SKU at Risk                                                     | 3186339266 | 4287220103 | 1524048554
 4287230798 | OOPT-FBK414.18-OGM1 | 1072616425 |      4202 | 2006-10-31 00:00:00 | SKU at Risk                                                     | 3186339266 | 4287220103 | 1524048554
 4287230798 | OOPT-FBK414.18-OGM1 | 1072616425 |      4202 | 2006-11-01 00:00:00 | SKU at Risk                                                     | 3186339266 | 4287220103 | 1524048554
 4287230798 | OOPT-FBK414.18-OGM1 | 1072616425 |      4202 | 2006-11-02 00:00:00 | SKU at Risk                                                     | 3186339266 | 4287220103 | 1524048554
 4287230798 | OOPT-FBK414.18-OGM1 | 1072616426 |      4202 | 2006-10-31 00:00:00 | SKU at Risk                                                     | 3186339266 | 4287220103 | 1524048554
 4287230798 | OOPT-FBK414.18-OGM1 | 1072616426 |      4202 | 2006-11-01 00:00:00 | SKU at Risk                                                     | 3186339266 | 4287220103 | 1524048554
 4287230798 | OOPT-FBK414.18-OGM1 | 1072616426 |      4202 | 2006-11-02 00:00:00 | SKU at Risk                                                     | 3186339266 | 4287220103 | 1524048554
 4287230798 | OOPT-FBK414.18-OGM2 |            |      4051 | 2006-10-31 00:00:00 | Order Status is Due                                             | 3186339266 | 4287220103 | 1524048554
 4287230798 | OOPT-FBK414.18-OGM2 |            |      4051 | 2006-11-01 00:00:00 | Order Status is Due                                             | 3186339266 | 4287220103 | 1524048554
 4287230798 | OOPT-FBK414.18-OGM2 |            |      4051 | 2006-11-02 00:00:00 | Order Status is Due                                             | 3186339266 | 4287220103 | 1524048554
 4287230798 | OOPT-FBK414.18-OGM2 | 1072616427 |      4202 | 2006-10-31 00:00:00 | SKU at Risk                                                     | 3186339266 | 4287220103 | 1524048554
 4287230798 | OOPT-FBK414.18-OGM2 | 1072616427 |      4202 | 2006-11-01 00:00:00 | SKU at Risk                                                     | 3186339266 | 4287220103 | 1524048554
 4287230798 | OOPT-FBK414.18-OGM2 | 1072616427 |      4202 | 2006-11-02 00:00:00 | SKU at Risk                                                     | 3186339266 | 4287220103 | 1524048554
 4287230798 | OOPT-FBK414.18-OGM2 | 1072616428 |      4202 | 2006-10-31 00:00:00 | SKU at Risk                                                     | 3186339266 | 4287220103 | 1524048554
 4287230798 | OOPT-FBK414.18-OGM2 | 1072616428 |      4202 | 2006-11-01 00:00:00 | SKU at Risk                                                     | 3186339266 | 4287220103 | 1524048554
 4287230798 | OOPT-FBK414.18-OGM2 | 1072616428 |      4202 | 2006-11-02 00:00:00 | SKU at Risk                                                     | 3186339266 | 4287220103 | 1524048554
 4287230798 | OOPT-FBK414.18-OGM2 | 1072616429 |      4202 | 2006-10-31 00:00:00 | SKU at Risk                                                     | 3186339266 | 4287220103 | 1524048554
 4287230798 | OOPT-FBK414.18-OGM2 | 1072616429 |      4202 | 2006-11-01 00:00:00 | SKU at Risk                                                     | 3186339266 | 4287220103 | 1524048554
 4287230798 | OOPT-FBK414.18-OGM2 | 1072616429 |      4202 | 2006-11-02 00:00:00 | SKU at Risk                                                     | 3186339266 | 4287220103 | 1524048554
 4288154319 |                     |            |      4051 | 2006-10-31 00:00:00 | Order Status is Due                                             | 3186369057 | 4288143624 | 1013514377
 4288154319 |                     |            |      4051 | 2006-11-01 00:00:00 | Order Status is Due                                             | 3186369057 | 4288143624 | 1013514377
 4288154319 |                     |            |      4051 | 2006-11-02 00:00:00 | Order Status is Due                                             | 3186369057 | 4288143624 | 1013514377
 4288154319 | OOPT-FBK414.19-OGM1 |            |      4051 | 2006-10-31 00:00:00 | Order Status is Due                                             | 3186369057 | 4288143624 | 1013514377
 4288154319 | OOPT-FBK414.19-OGM1 |            |      4051 | 2006-11-01 00:00:00 | Order Status is Due                                             | 3186369057 | 4288143624 | 1013514377
 4288154319 | OOPT-FBK414.19-OGM1 |            |      4051 | 2006-11-02 00:00:00 | Order Status is Due                                             | 3186369057 | 4288143624 | 1013514377
 4288154319 | OOPT-FBK414.19-OGM1 | 1072617385 |      4202 | 2006-10-31 00:00:00 | SKU at Risk                                                     | 3186369057 | 4288143624 | 1013514377
 4288154319 | OOPT-FBK414.19-OGM1 | 1072617385 |      4202 | 2006-11-01 00:00:00 | SKU at Risk                                                     | 3186369057 | 4288143624 | 1013514377
 4288154319 | OOPT-FBK414.19-OGM1 | 1072617385 |      4202 | 2006-11-02 00:00:00 | SKU at Risk                                                     | 3186369057 | 4288143624 | 1013514377
 4288154319 | OOPT-FBK414.19-OGM1 | 1072617386 |      4202 | 2006-10-31 00:00:00 | SKU at Risk                                                     | 3186369057 | 4288143624 | 1013514377
 4288154319 | OOPT-FBK414.19-OGM1 | 1072617386 |      4202 | 2006-11-01 00:00:00 | SKU at Risk                                                     | 3186369057 | 4288143624 | 1013514377
 4288154319 | OOPT-FBK414.19-OGM1 | 1072617386 |      4202 | 2006-11-02 00:00:00 | SKU at Risk                                                     | 3186369057 | 4288143624 | 1013514377
 4288154319 | OOPT-FBK414.19-OGM1 | 1072617387 |      4202 | 2006-10-31 00:00:00 | SKU at Risk                                                     | 3186369057 | 4288143624 | 1013514377
 4288154319 | OOPT-FBK414.19-OGM1 | 1072617387 |      4202 | 2006-11-01 00:00:00 | SKU at Risk                                                     | 3186369057 | 4288143624 | 1013514377
 4288154319 | OOPT-FBK414.19-OGM1 | 1072617387 |      4202 | 2006-11-02 00:00:00 | SKU at Risk                                                     | 3186369057 | 4288143624 | 1013514377
 4288154319 | OOPT-FBK414.19-OGM2 |            |      4051 | 2006-10-31 00:00:00 | Order Status is Due                                             | 3186369057 | 4288143624 | 1013514377
 4288154319 | OOPT-FBK414.19-OGM2 |            |      4051 | 2006-11-01 00:00:00 | Order Status is Due                                             | 3186369057 | 4288143624 | 1013514377
 4288154319 | OOPT-FBK414.19-OGM2 |            |      4051 | 2006-11-02 00:00:00 | Order Status is Due                                             | 3186369057 | 4288143624 | 1013514377
 4288154319 | OOPT-FBK414.19-OGM2 | 1072617388 |      4202 | 2006-10-31 00:00:00 | SKU at Risk                                                     | 3186369057 | 4288143624 | 1013514377
 4288154319 | OOPT-FBK414.19-OGM2 | 1072617388 |      4202 | 2006-11-01 00:00:00 | SKU at Risk                                                     | 3186369057 | 4288143624 | 1013514377
 4288154319 | OOPT-FBK414.19-OGM2 | 1072617388 |      4202 | 2006-11-02 00:00:00 | SKU at Risk                                                     | 3186369057 | 4288143624 | 1013514377
 4288154319 | OOPT-FBK414.19-OGM2 | 1072617389 |      4202 | 2006-10-31 00:00:00 | SKU at Risk                                                     | 3186369057 | 4288143624 | 1013514377
 4288154319 | OOPT-FBK414.19-OGM2 | 1072617389 |      4202 | 2006-11-01 00:00:00 | SKU at Risk                                                     | 3186369057 | 4288143624 | 1013514377
 4288154319 | OOPT-FBK414.19-OGM2 | 1072617389 |      4202 | 2006-11-02 00:00:00 | SKU at Risk                                                     | 3186369057 | 4288143624 | 1013514377
 4288154319 | OOPT-FBK414.19-OGM2 | 1072617390 |      4202 | 2006-10-31 00:00:00 | SKU at Risk                                                     | 3186369057 | 4288143624 | 1013514377
 4288154319 | OOPT-FBK414.19-OGM2 | 1072617390 |      4202 | 2006-11-01 00:00:00 | SKU at Risk                                                     | 3186369057 | 4288143624 | 1013514377
 4288154319 | OOPT-FBK414.19-OGM2 | 1072617390 |      4202 | 2006-11-02 00:00:00 | SKU at Risk                                                     | 3186369057 | 4288143624 | 1013514377
(440 rows)

