 ordergroup | ordergroupmember |   uom    |  qty  | unroundedqty | type |   source   |   dest    | currencysw 
------------+------------------+----------+-------+--------------+------+------------+-----------+------------
 700021748  |                  | 10001002 |   312 |          312 |    3 | 4179001502 | 700011053 |          0
 700945269  |                  | 10002002 |   236 |          236 |    3 | 4179031293 | 700934574 |          0
 701868790  |                  | 10003002 |   400 |          296 |    3 | 4179061084 | 701858095 |          0
 702792311  |                  | 10004002 |   313 |          313 |    3 | 4179090875 | 702781616 |          0
 703715832  |                  | 10005002 |   798 |          798 |    3 | 4179120666 | 703705137 |          0
 704639353  |                  | 10006002 |   236 |          236 |    3 | 4179150457 | 704628658 |          0
 705562874  |                  | 10007002 |   726 |          726 |    3 | 4179180248 | 705552179 |          0
 706486395  |                  | 10008002 |   323 |          323 |    3 | 4179210039 | 706475700 |          0
 707409916  |                  | 10009001 |    64 |           64 |    3 | 4179239830 | 707399221 |          0
 727727378  |                  | 10010002 | 204.5 |        204.5 |    3 | 4179895232 | 727716683 |          0
 728650899  |                  | 10011002 |   290 |          236 |    3 | 4179925023 | 728640204 |          0
 729574420  |                  | 10012002 |   236 |          236 |    3 | 4179954814 | 729563725 |          0
 730497941  |                  | 10013002 |   236 |          236 |    3 | 4179984605 | 730487246 |          0
 730497941  |                  | 10013003 |   236 |          236 |    3 | 4179984605 | 730487246 |          0
 731421462  |                  | 10014002 |   236 |          236 |    3 | 4180014396 | 731410767 |          0
 731421462  |                  | 10014003 |   236 |          236 |    3 | 4180014396 | 731410767 |          0
 732344983  |                  | 10015002 |   296 |          296 |    3 | 4180044187 | 732334288 |          0
 733268504  |                  | 10016002 |   296 |          296 |    3 | 4180073978 | 733257809 |          0
 735115546  |                  | 10018002 |   414 |          413 |    3 | 4180133560 | 735104851 |          0
 736039067  |                  | 10019002 |   416 |          416 |    3 | 4180163351 | 736028372 |          0
 757280050  |                  | 10021002 |   410 |          410 |    3 | 4180848544 | 757269355 |          0
 758203571  |                  | 10022002 |   228 |          228 |    3 | 4180878335 | 758192876 |          0
 759127092  |                  | 10023002 |   228 |          228 |    3 | 4180908126 | 759116397 |          0
 760050613  |                  | 10024002 |   250 |          250 |    3 | 4180937917 | 760039918 |          0
 760974134  |                  | 10025002 |   250 |          250 |    3 | 4180967708 | 760963439 |          0
 761897655  |                  | 10026002 |   510 |          510 |    3 | 4180997499 | 761886960 |          0
 762821176  |                  | 10027002 |   510 |          510 |    3 | 4181027290 | 762810481 |          0
 763744697  |                  | 10028002 |   534 |          534 |    3 | 4181057081 | 763734002 |          0
 764668218  |                  | 10029002 |   534 |          534 |    3 | 4181086872 | 764657523 |          0
 784985680  |                  | 10030002 |   462 |          462 |    3 | 4181742274 | 784974985 |          0
 785909201  |                  | 10031002 |   462 |          462 |    3 | 4181772065 | 785898506 |          0
 786832722  |                  | 10032002 |   534 |          534 |    3 | 4181801856 | 786822027 |          0
 787756243  |                  | 10033002 |   534 |          534 |    3 | 4181831647 | 787745548 |          0
 788679764  |                  | 10034002 |   414 |          414 |    3 | 4181861438 | 788669069 |          0
 789603285  |                  | 10035002 |   414 |          414 |    3 | 4181891229 | 789592590 |          0
 790526806  |                  | 10036002 |   318 |          318 |    3 | 4181921020 | 790516111 |          0
 791450327  |                  | 10037002 |   318 |          318 |    3 | 4181950811 | 791439632 |          0
(37 rows)

 ordergroup | ordergroupmember | uom | qty | unroundedqty | type | source | dest | currencysw 
------------+------------------+-----+-----+--------------+------+--------+------+------------
(0 rows)

 ordergroup | ordergroupmember |   uom   | qty | unroundedqty | type |   source   |    dest    | currencysw 
------------+------------------+---------+-----+--------------+------+------------+------------+------------
 3905159232 |                  | 1201002 | 228 |          228 |    3 | 2342730384 | 3905148537 |          0
 3907929795 |                  |  123456 | 228 |          228 |    3 | 2342819757 | 3907919100 |          0
 3907929795 |                  | 1204002 | 228 |          228 |    3 | 2342819757 | 3907919100 |          0
(3 rows)

 ordergroup | ordergroupmember |   uom   | qty | unroundedqty | type |   source   |    dest    | currencysw 
------------+------------------+---------+-----+--------------+------+------------+------------+------------
 1934182194 |                  | 1301002 | 153 |          153 |    3 | 2833339808 | 1934171499 |          0
 1935105715 |                  | 1302002 | 147 |          147 |    3 | 2833369599 | 1935095020 |          0
 1936029236 |                  | 1303002 | 145 |          145 |    3 | 2833399390 | 1936018541 |          0
 1936952757 |                  | 1304002 |  79 |           79 |    3 | 2833429181 | 1936942062 |          0
(4 rows)

 ordergroup | ordergroupmember |   uom    | qty | unroundedqty | type |  source   |   dest    | currencysw 
------------+------------------+----------+-----+--------------+------+-----------+-----------+------------
 644958974  |                  | 31901002 |  28 |           28 |    3 |           | 644948279 |          0
 644958974  |                  | 31901003 |  28 |           28 |    3 |           | 644948279 |          0
 646806016  |                  | 31903002 | 118 |          118 |    3 |           | 646795321 |          0
 646806016  |                  | 31903003 | 118 |          118 |    3 |           | 646795321 |          0
 648653058  |                  | 31905002 |  52 |           52 |    3 |           | 648642363 |          0
 648653058  |                  | 31905003 |  52 |           52 |    3 |           | 648642363 |          0
 649576579  |                  | 31906002 |  28 |           28 |    3 |           | 649565884 |          0
 649576579  |                  | 31906003 |  28 |           28 |    3 |           | 649565884 |          0
 652347142  |                  | 31909002 |  28 |           28 |    3 |           | 652336447 |          0
 652347142  |                  | 31909003 |  28 |           28 |    3 |           | 652336447 |          0
 673588125  |                  | 31911002 |  28 |           28 |    3 |           | 673577430 |          0
 673588125  |                  | 31911003 |  28 |           28 |    3 |           | 673577430 |          0
 677282209  |                  | 31915002 |  28 |           28 |    3 |           | 677271514 |          0
 677282209  |                  | 31915003 |  28 |           28 |    3 |           | 677271514 |          0
 680052772  |                  | 31918002 |  28 |           28 |    3 |           | 680042077 |          0
 680052772  |                  | 31918003 |  28 |           28 |    3 |           | 680042077 |          0
 703140797  |                  | 31922002 |  14 |           14 |    3 | 438324151 |           |          0
 703140797  |                  | 31922003 |  14 |           14 |    3 | 438324151 |           |          0
 703140798  |                  | 31922002 |  14 |           14 |    3 | 438324152 |           |          0
 703140798  |                  | 31922003 |  14 |           14 |    3 | 438324152 |           |          0
(20 rows)

 ordergroup | ordergroupmember |   uom    | qty | unroundedqty | type | source | dest | currencysw 
------------+------------------+----------+-----+--------------+------+--------+------+------------
 3337022838 |                  | 33401002 | 116 |  114.4827588 |    3 |        |      |          0
 3337022838 |                  | 33401003 | 116 |  114.4827588 |    3 |        |      |          0
 3337946359 |                  | 33402002 | 112 |  110.6896553 |    3 |        |      |          0
 3337946359 |                  | 33402003 | 112 |  110.6896553 |    3 |        |      |          0
 3338869880 |                  | 33403002 | 143 |  139.6551724 |    3 |        |      |          0
 3338869880 |                  | 33403003 | 143 |  139.6551724 |    3 |        |      |          0
 3339793401 |                  | 33404002 | 150 |  147.9310344 |    3 |        |      |          0
 3339793401 |                  | 33404003 | 150 |  147.9310344 |    3 |        |      |          0
 3340716922 |                  | 33405002 | 150 |  147.9310344 |    3 |        |      |          0
 3340716922 |                  | 33405003 | 150 |  147.9310344 |    3 |        |      |          0
 3344411006 |                  | 33409002 | 114 |  104.8275862 |    3 |        |      |          0
 3344411006 |                  | 33409003 | 114 |  104.8275862 |    3 |        |      |          0
 3365651989 |                  | 33411002 | 416 |  408.6206896 |    3 |        |      |          0
 3366575510 |                  | 33412002 | 116 |  114.4827588 |    3 |        |      |          0
 3366575510 |                  | 33412003 | 116 |  114.4827588 |    3 |        |      |          0
 3367499031 |                  | 33413002 | 104 |   98.2758622 |    3 |        |      |          0
 3367499031 |                  | 33413003 | 104 |   98.2758622 |    3 |        |      |          0
 3368422552 |                  | 33414002 |  92 |   90.0000001 |    3 |        |      |          0
 3368422552 |                  | 33414003 |  92 |   90.0000001 |    3 |        |      |          0
(19 rows)

 ordergroup | ordergroupmember |   uom    | qty | unroundedqty | type |   source   | dest | currencysw 
------------+------------------+----------+-----+--------------+------+------------+------+------------
 4171312755 |                  | 33501002 |  12 |           12 |    3 | 1797126655 |      |          0
 4172236276 |                  | 33502002 |  12 |           12 |    3 | 1797156446 |      |          0
 4174083318 |                  | 33504002 |  12 |           12 |    3 | 1797216028 |      |          0
 4175930360 |                  | 33506002 |  12 |           12 |    3 | 1797275610 |      |          0
 4176853881 |                  | 33507002 |  12 |           12 |    3 | 1797305401 |      |          0
 4177777402 |                  | 33508002 |  10 |           10 |    3 | 1797335192 |      |          0
 4204559511 |                  | 33516002 |  12 |           12 |    3 | 1798199131 |      |          0
 4205483032 |                  | 33517002 |  12 |           12 |    3 | 1798228922 |      |          0
 4206406553 |                  | 33518002 |  12 |           12 |    3 | 1798258713 |      |          0
 4227647536 |                  | 33520002 |  37 |           36 |    3 | 1798943906 |      |          0
(10 rows)

 ordergroup | ordergroupmember |   uom    | qty | unroundedqty | type |   source   |   dest    | currencysw 
------------+------------------+----------+-----+--------------+------+------------+-----------+------------
 118709548  |                  | 32701002 | 140 |          140 |    3 |            | 118698853 |          0
 118709548  |                  | 32701003 | 140 |          140 |    3 |            | 118698853 |          0
 119633069  |                  | 32702002 | 152 |          152 |    3 |            | 119622374 |          0
 119633069  |                  | 32702003 | 152 |          152 |    3 |            | 119622374 |          0
 120556590  |                  | 32703002 | 160 |          160 |    3 |            | 120545895 |          0
 120556590  |                  | 32703003 | 160 |          160 |    3 |            | 120545895 |          0
 121480111  |                  | 32704002 | 120 |          120 |    3 |            | 121469416 |          0
 121480111  |                  | 32704003 | 120 |          120 |    3 |            | 121469416 |          0
 122403632  |                  | 32705002 | 160 |          160 |    3 |            | 122392937 |          0
 122403632  |                  | 32705003 | 160 |          160 |    3 |            | 122392937 |          0
 124250674  |                  | 32707002 | 240 |          240 |    3 |            | 124239979 |          0
 124250674  |                  | 32707003 | 240 |          240 |    3 |            | 124239979 |          0
 147338699  |                  | 32711002 | 180 |          180 |    3 |            | 147328004 |          0
 147338699  |                  | 32711003 | 180 |          180 |    3 |            | 147328004 |          0
 149185741  |                  | 32713002 | 160 |          160 |    3 |            | 149175046 |          0
 149185741  |                  | 32713003 | 160 |          160 |    3 |            | 149175046 |          0
 150109262  |                  | 32714002 | 160 |          160 |    3 |            | 150098567 |          0
 150109262  |                  | 32714003 | 160 |          160 |    3 |            | 150098567 |          0
 151032783  |                  | 32715002 | 160 |          160 |    3 |            | 151022088 |          0
 151032783  |                  | 32715003 | 160 |          160 |    3 |            | 151022088 |          0
 151032783  |                  | 32715004 | 160 |          160 |    3 |            | 151022088 |          0
 151032783  |                  | 32715005 | 160 |          160 |    3 |            | 151022088 |          0
 151956304  |                  | 32716002 | 192 |          192 |    3 |            | 151945609 |          0
 151956304  |                  | 32716003 | 192 |          192 |    3 |            | 151945609 |          0
 152879825  |                  | 32717002 | 200 |          200 |    3 |            | 152869130 |          0
 152879825  |                  | 32717003 | 200 |          200 |    3 |            | 152869130 |          0
 175967850  |                  | 32721002 | 227 |          227 |    3 |            | 175957155 |          0
 175967850  |                  | 32721003 | 227 |          227 |    3 |            | 175957155 |          0
 178738413  |                  | 32724002 |  40 |           40 |    3 |            | 178727718 |          0
 178738413  |                  | 32724003 |  40 |           40 |    3 |            | 178727718 |          0
 181508976  |                  | 32727002 |  28 |           28 |    3 |            | 181498281 |          0
 181508976  |                  | 32727003 |  28 |           28 |    3 |            | 181498281 |          0
 205520522  |                  | 32732002 |  70 |           70 |    3 | 2500481864 | 205509827 |          0
 208291085  |                  | 32735002 | 160 |          160 |    3 |            | 208280390 |          0
 208291085  |                  | 32735003 | 160 |          160 |    3 |            | 208280390 |          0
 209214606  |                  | 32736002 |  70 |           70 |    3 | 2500601028 | 209203911 |          0
(36 rows)

 ordergroup | ordergroupmember |   uom    | qty | unroundedqty | type |   source   |    dest    | currencysw 
------------+------------------+----------+-----+--------------+------+------------+------------+------------
 4068372003 |                  | 50201002 |  52 |           52 |    3 |            |            |          0
 4068372003 |                  | 50201003 |  52 |           52 |    3 |            |            |          0
 4069295524 |                  | 50202002 |  52 |           52 |    3 |            |            |          0
 4069295524 |                  | 50202003 |  52 |           52 |    3 |            |            |          0
 4070219045 |                  | 50203002 |  52 |           52 |    3 |            |            |          0
 4070219045 |                  | 50203003 |  52 |           52 |    3 |            |            |          0
 4071142566 |                  | 50204002 |  52 |           52 |    3 |            |            |          0
 4071142566 |                  | 50204003 |  52 |           52 |    3 |            |            |          0
 4072066087 |                  | 50205002 |  50 |           40 |    3 |            |            |          0
 4072066087 |                  | 50205003 |  50 |           40 |    3 |            |            |          0
 4072989608 |                  | 50206002 |  57 |           44 |    3 |            |            |          0
 4072989608 |                  | 50206003 |  57 |           44 |    3 |            |            |          0
 4073913129 |                  | 50207002 | 100 |          100 |    3 |            |            |          0
 4073913129 |                  | 50207003 | 100 |          100 |    3 |            |            |          0
 4074836650 |                  | 50208002 |  50 |           50 |    3 |            |            |          0
 4074836650 |                  | 50208003 |  50 |           50 |    3 |            |            |          0
 4075760171 |                  | 50209002 |  52 |           52 |    3 |            |            |          0
 4075760171 |                  | 50209003 |  52 |           52 |    3 |            |            |          0
 4096077633 |                  | 50210002 |  52 |           52 |    3 | 3318720367 |            |          0
 4096077633 |                  | 50210003 |  52 |           52 |    3 | 3318720367 |            |          0
 4097001154 |                  | 50211002 |  52 |           52 |    3 |            |            |          0
 4097001154 |                  | 50211003 |  52 |           52 |    3 |            |            |          0
 4097924675 |                  | 50212002 |  52 |           52 |    3 |            |            |          0
 4097924675 |                  | 50212003 |  52 |           52 |    3 |            |            |          0
 4098848196 |                  | 50213002 |  52 |           52 |    3 |            |            |          0
 4098848196 |                  | 50213003 |  52 |           52 |    3 |            |            |          0
 4099771717 |                  | 50214002 |  50 |           50 |    3 | 3318839531 | 4099761022 |          0
 4099771717 |                  | 50214003 |  50 |           50 |    3 | 3318839531 | 4099761022 |          0
 4100695238 |                  | 50215002 |  50 |           50 |    3 |            |            |          0
 4100695238 |                  | 50215003 |  50 |           50 |    3 |            |            |          0
 4101618759 |                  | 50216002 |  52 |    49.361702 |    3 | 3318899113 |            |          0
 4101618759 |                  | 50216003 |  52 |    49.361702 |    3 | 3318899113 |            |          0
 4102542280 |                  | 50217002 | 100 |   99.3191488 |    3 |            |            |          0
 4102542280 |                  | 50217003 | 100 |   99.3191488 |    3 |            |            |          0
 4103465801 |                  | 50218002 |  81 |   80.8297872 |    3 |            |            |          0
 4103465801 |                  | 50218003 |  81 |   80.8297872 |    3 |            |            |          0
 4104389322 |                  | 50219002 |  52 |           52 |    3 |            |            |          0
 4104389322 |                  | 50219003 |  52 |           52 |    3 |            |            |          0
 4124706784 |                  | 50220002 |  52 |           52 |    3 |            |            |          0
 4124706784 |                  | 50220003 |  52 |           52 |    3 |            |            |          0
 4125630305 |                  | 50221002 |  50 |           50 |    3 | 3319673679 | 4125619610 |          0
 4125630305 |                  | 50221003 |  50 |           50 |    3 | 3319673679 | 4125619610 |          0
 4126553826 |                  | 50222002 |  50 |           50 |    3 | 3319703470 | 4126543131 |          0
 4126553826 |                  | 50222003 |  50 |           50 |    3 | 3319703470 | 4126543131 |          0
(44 rows)

 ordergroup | ordergroupmember |   uom    | qty | unroundedqty | type | source |    dest    | currencysw 
------------+------------------+----------+-----+--------------+------+--------+------------+------------
 3742427408 |                  | 50401002 |  28 |           28 |    3 |        | 3742416713 |          0
 3742427408 |                  | 50401003 |  28 |           28 |    3 |        | 3742416713 |          0
 3744274450 |                  | 50403002 |  52 |           52 |    3 |        | 3744263755 |          0
 3744274450 |                  | 50403003 |  52 |           52 |    3 |        | 3744263755 |          0
 3746121492 |                  | 50405002 |  50 |           50 |    3 |        | 3746110797 |          0
 3746121492 |                  | 50405003 |  50 |           50 |    3 |        | 3746110797 |          0
 3747968534 |                  | 50407002 |  52 |           52 |    3 |        | 3747957839 |          0
 3747968534 |                  | 50407003 |  52 |           52 |    3 |        | 3747957839 |          0
 3749815576 |                  | 50409002 |  28 |           28 |    3 |        | 3749804881 |          0
 3749815576 |                  | 50409003 |  28 |           28 |    3 |        | 3749804881 |          0
 3771056559 |                  | 50411002 |  52 |           52 |    3 |        | 3771045864 |          0
 3771056559 |                  | 50411003 |  52 |           52 |    3 |        | 3771045864 |          0
 3771980080 |                  | 50412002 |  52 |           52 |    3 |        | 3771969385 |          0
 3771980080 |                  | 50412003 |  52 |           52 |    3 |        | 3771969385 |          0
 3773827122 |                  | 50414002 |  52 |           52 |    3 |        | 3773816427 |          0
 3773827122 |                  | 50414003 |  52 |           52 |    3 |        | 3773816427 |          0
 3774750643 |                  | 50415002 |  52 |           52 |    3 |        | 3774739948 |          0
 3774750643 |                  | 50415003 |  52 |           52 |    3 |        | 3774739948 |          0
 3775674164 |                  | 50416002 |  52 |           52 |    3 |        | 3775663469 |          0
 3775674164 |                  | 50416003 |  52 |           52 |    3 |        | 3775663469 |          0
 3778444727 |                  | 50419002 |  52 |           52 |    3 |        | 3778434032 |          0
 3778444727 |                  | 50419003 |  52 |           52 |    3 |        | 3778434032 |          0
 3799685710 |                  | 50421002 |  60 |           60 |    3 |        | 3799675015 |          0
 3799685710 |                  | 50421003 |  60 |           60 |    3 |        | 3799675015 |          0
 3801532752 |                  | 50423002 |  60 |           60 |    3 |        | 3801522057 |          0
 3801532752 |                  | 50423003 |  60 |           60 |    3 |        | 3801522057 |          0
 3803379794 |                  | 50425002 |  28 |           28 |    3 |        | 3803369099 |          0
 3803379794 |                  | 50425003 |  28 |           28 |    3 |        | 3803369099 |          0
 3805226836 |                  | 50427002 |  28 |           28 |    3 |        | 3805216141 |          0
 3805226836 |                  | 50427003 |  28 |           28 |    3 |        | 3805216141 |          0
(30 rows)

 ordergroup | ordergroupmember |   uom    | qty | unroundedqty | type |   source   |    dest    | currencysw 
------------+------------------+----------+-----+--------------+------+------------+------------+------------
 13504487   |                  | 41420002 | 298 |  297.7142857 |    3 | 3187024459 | 13493792   |          0
 15351529   |                  | 41422002 |  66 |           66 |    3 | 3187084041 | 15340834   |          0
 4252137000 |                  | 41401002 |  92 |           92 |    3 | 3185207208 | 4252126305 |          0
 4253060521 |                  | 41402002 |  18 |           18 |    3 | 3185236999 | 4253049826 |          0
 4253984042 |                  | 41403002 |  21 |           21 |    3 | 3185266790 | 4253973347 |          0
 4254907563 |                  | 41404002 |  31 |           31 |    3 | 3185296581 | 4254896868 |          0
 4255831084 |                  | 41405002 |  23 |           21 |    3 | 3185326372 | 4255820389 |          0
 4256754605 |                  | 41406002 |  32 |           32 |    3 | 3185356163 | 4256743910 |          0
 4258601647 |                  | 41408002 | 124 |          124 |    3 | 3185415745 | 4258590952 |          0
 4259525168 |                  | 41409002 |  45 |           45 |    3 | 3185445536 | 4259514473 |          0
 4279842630 |                  | 41410002 |  51 |           51 |    3 | 3186100938 | 4279831935 |          0
 4280766151 |                  | 41411002 | 124 |          124 |    3 | 3186130729 | 4280755456 |          0
 4281689672 |                  | 41412002 |  92 |           92 |    3 | 3186160520 | 4281678977 |          0
 4283536714 |                  | 41414002 |  52 |           52 |    3 | 3186220102 | 4283526019 |          0
 4284460235 |                  | 41415002 |  32 |           32 |    3 | 3186249893 | 4284449540 |          0
 4286307277 |                  | 41417002 |  49 |           47 |    3 | 3186309475 | 4286296582 |          0
 4287230798 |                  | 41418002 |  92 |           92 |    3 | 3186339266 | 4287220103 |          0
 4288154319 |                  | 41419002 |  92 |           92 |    3 | 3186369057 | 4288143624 |          0
(18 rows)

 ordergroup | ordergroupmember |   uom    | qty | unroundedqty | type |  source   |    dest    | currencysw 
------------+------------------+----------+-----+--------------+------+-----------+------------+------------
 4174949901 |                  | 41501002 |  83 |           83 |    3 | 411770661 | 4174939206 |          0
 4175873422 |                  | 41502002 |  88 |         89.6 |    3 | 411800452 | 4175862727 |          0
 4176796943 |                  | 41503002 |  30 |         29.4 |    3 | 411830243 | 4176786248 |          0
 4176796944 |                  | 41503003 |  36 |           36 |    3 | 411830243 | 4176786249 |          0
 4177720464 |                  | 41504002 |  31 |           31 |    3 | 411860034 | 4177709769 |          0
 4178643985 |                  | 41505002 |  56 |         55.8 |    3 | 411889825 |            |          0
 4179567506 |                  | 41506002 |  48 |   49.7777778 |    3 | 411919616 | 4179556811 |          0
 4181414548 |                  | 41508002 |  32 |           32 |    3 | 411979198 | 4181403853 |          0
 4182338069 |                  | 41509002 |  32 |           32 |    3 | 412008989 | 4182327374 |          0
(9 rows)

 ordergroup | ordergroupmember |   uom    | qty | unroundedqty | type |   source   |  dest   | currencysw 
------------+------------------+----------+-----+--------------+------+------------+---------+------------
 6867260    |                  | 14620001 |  22 |           22 |    3 | 2216979030 | 6856565 |          0
(1 row)

 ordergroup | ordergroupmember |   uom    |    qty     | unroundedqty | type |   source   |    dest    | currencysw 
------------+------------------+----------+------------+--------------+------+------------+------------+------------
 3799391179 |                  | 13903001 |         40 |           40 |    3 | 4140433829 |            |          0
 3799391180 |                  | 13903001 |         60 |           60 |    3 | 4140433829 |            |          0
 3799391181 |                  | 13903001 |         80 |           80 |    3 | 4140433829 |            |          0
 3804008784 |                  | 13908001 |         36 |           36 |    3 | 4140582785 | 3803998090 |          0
 3804932305 |                  | 13909001 |          6 |            6 |    3 | 4140612575 | 3804921610 |          0
 3804932306 |                  | 13909001 |         12 |           12 |    3 | 4140612575 |            |          0
 3804932307 |                  | 13909001 |          6 |            6 |    3 | 4140612575 | 3804921613 |          0
 3804932308 |                  | 13909001 |         12 |           12 |    3 | 4140612575 |            |          0
 3804932309 |                  | 13909001 |         12 |           12 |    3 | 4140612575 |            |          0
 3825249767 |                  | 13910003 |        3.6 |          3.6 |    3 | 4141267978 | 3825239073 |          0
 3825249767 |                  | 13910002 |         10 |           10 |    3 | 4141267978 | 3825239073 |          0
 3826173288 |                  | 13911004 | 10.6666667 |   10.6666667 |    3 | 4141297769 | 3826162594 |          0
 3826173288 |                  | 13911002 |         16 |           16 |    3 | 4141297769 | 3826162594 |          0
 3826173289 |                  | 13911003 |         10 |           10 |    3 | 4141297769 | 3826162594 |          0
 3826173289 |                  | 13911002 |         18 |           18 |    3 | 4141297769 | 3826162594 |          0
 3855725960 |                  | 13922002 |         30 |           30 |    3 | 4142251080 | 3855715265 |          0
 3855725960 |                  | 13922003 |         30 |           30 |    3 | 4142251080 | 3855715265 |          0
 3855725961 |                  | 13922002 |         30 |           30 |    3 | 4142251080 | 3855715266 |          0
 3855725961 |                  | 13922003 |         30 |           30 |    3 | 4142251080 | 3855715266 |          0
(19 rows)

 ordergroup | ordergroupmember |   uom    | qty | unroundedqty | type |   source   |    dest    | currencysw 
------------+------------------+----------+-----+--------------+------+------------+------------+------------
 3721493043 |                  | 13808002 |  30 |           30 |    3 | 3168089661 | 3721482348 |          0
 3721493043 |                  | 13808003 |  30 |           30 |    3 | 3168089661 | 3721482348 |          0
 3742734026 |                  | 13810002 |  30 |           30 |    3 | 3168774854 | 3742723331 |          0
 3742734026 |                  | 13810003 |  30 |           30 |    3 | 3168774854 | 3742723331 |          0
 3742734027 |                  | 13810002 |  30 |           30 |    3 | 3168774854 | 3742723331 |          0
 3742734027 |                  | 13810003 |  30 |           30 |    3 | 3168774854 | 3742723331 |          0
 3744581068 |                  | 13812002 |  30 |           30 |    3 | 3168834436 | 3744570373 |          0
 3744581068 |                  | 13812003 |  30 |           30 |    3 | 3168834436 | 3744570373 |          0
 3744581069 |                  | 13812002 |  30 |           30 |    3 | 3168834436 | 3744570373 |          0
 3744581069 |                  | 13812003 |  30 |           30 |    3 | 3168834436 | 3744570373 |          0
 3746428110 |                  | 13814002 |  30 |           30 |    3 | 3168894018 | 3746417415 |          0
 3746428110 |                  | 13814003 |  30 |           30 |    3 | 3168894018 | 3746417415 |          0
 3746428111 |                  | 13814002 |  30 |           30 |    3 | 3168894019 | 3746417416 |          0
 3746428111 |                  | 13814003 |  30 |           30 |    3 | 3168894019 | 3746417416 |          0
 3747351631 |                  | 13815002 |  30 |           30 |    3 | 3168923809 | 3747340936 |          0
 3747351631 |                  | 13815003 |  30 |           30 |    3 | 3168923809 | 3747340936 |          0
 3747351632 |                  | 13815002 |  30 |           30 |    3 | 3168923810 | 3747340937 |          0
 3747351632 |                  | 13815003 |  30 |           30 |    3 | 3168923810 | 3747340937 |          0
 3748275152 |                  | 13816002 |  14 |           14 |    3 | 3168953600 | 3748264457 |          0
 3748275153 |                  | 13816002 |  28 |           28 |    3 | 3168953601 | 3748264458 |          0
 3772286698 |                  | 13821002 |  90 |           90 |    3 |            |            |          0
 3772286698 |                  | 13821003 |  90 |           90 |    3 |            |            |          0
(22 rows)

 ordergroup | ordergroupmember |   uom    | qty | unroundedqty | type |   source   |    dest    | currencysw 
------------+------------------+----------+-----+--------------+------+------------+------------+------------
 2408340402 |                  | 33902002 |  66 |           66 |    3 | 2710087902 | 2408329707 |          0
 2410187444 |                  | 33904002 |  66 |           66 |    3 | 2710147484 | 2410176749 |          0
 2412034486 |                  | 33906002 |  66 |           66 |    3 | 2710207066 | 2412023791 |          0
(3 rows)

 ordergroup | ordergroupmember |   uom    | qty  | unroundedqty | type |   source   | dest | currencysw 
------------+------------------+----------+------+--------------+------+------------+------+------------
 4144513848 |                  | 15864004 | 10.5 |         10.5 |    3 | 1657714842 |      |          0
 4144513848 |                  | 15864001 |   70 |           70 |    3 | 1657714842 |      |          0
(2 rows)

 ordergroup | ordergroupmember |   uom    | qty | unroundedqty | type |   source   | dest | currencysw 
------------+------------------+----------+-----+--------------+------+------------+------+------------
 2002493798 |                  | 15526001 | 150 |          150 |    3 | 2696996076 |      |          0
(1 row)

 ordergroup | ordergroupmember |   uom    |    qty     | unroundedqty | type | source | dest | currencysw 
------------+------------------+----------+------------+--------------+------+--------+------+------------
 3568149080 |                  | 16504001 |        252 |          252 |    3 |        |      |          0
 3569996122 |                  | 16506003 | 20.2666667 |   20.2666667 |    3 |        |      |          0
 3569996122 |                  | 16506002 |       28.5 |         28.5 |    3 |        |      |          0
 3569996122 |                  | 16506001 |         76 |           76 |    3 |        |      |          0
(4 rows)

 ordergroup | ordergroupmember |   uom    | qty | unroundedqty | type |   source   |    dest    | currencysw 
------------+------------------+----------+-----+--------------+------+------------+------------+------------
 1216887862 |                  | 13705002 | 120 |          120 |    3 |            | 1216877167 |          0
 1216887862 |                  | 13705003 | 120 |          120 |    3 |            | 1216877167 |          0
 1240899408 |                  | 13710002 |  24 |           24 |    3 | 1564049860 |            |          0
 1240899408 |                  | 13710003 |  24 |           24 |    3 | 1564049860 |            |          0
 1273222643 |                  | 13724002 |  26 |           26 |    3 | 1565092545 |            |          0
(5 rows)

 ordergroup | ordergroupmember |   uom    | qty | unroundedqty | type |   source   |    dest    | currencysw 
------------+------------------+----------+-----+--------------+------+------------+------------+------------
 3280751610 |                  | 50906002 |  16 |           16 |    3 | 1629851544 | 3280740915 |          0
 3280751610 |                  | 50906003 |  16 |           16 |    3 | 1629851544 | 3280740915 |          0
(2 rows)

 ordergroup | ordergroupmember |  uom   | qty | unroundedqty | type |   source   | dest | currencysw 
------------+------------------+--------+-----+--------------+------+------------+------+------------
 4056108989 |                  | 100002 | 327 |       326.25 |    3 | 2347599731 |      |          0
(1 row)

 ordergroup | ordergroupmember |   uom    | qty  | unroundedqty | type |  source   | dest | currencysw 
------------+------------------+----------+------+--------------+------+-----------+------+------------
 62074456   |                  | 16221004 |   30 |           30 |    3 | 833286588 |      |          0
 62074456   |                  | 16221001 |  300 |          300 |    3 | 833286588 |      |          0
 62997977   |                  | 16222004 |   30 |           30 |    3 | 833316379 |      |          0
 62997977   |                  | 16222001 |  300 |          300 |    3 | 833316379 |      |          0
 64845019   |                  | 16224004 |   30 |           30 |    3 | 833375961 |      |          0
 64845019   |                  | 16224001 |  300 |          300 |    3 | 833375961 |      |          0
 65768540   |                  | 16225004 |   30 |           30 |    3 | 833405752 |      |          0
 65768540   |                  | 16225001 |  300 |          300 |    3 | 833405752 |      |          0
 67615582   |                  | 16227004 |   16 |           16 |    3 | 833465334 |      |          0
 67615582   |                  | 16227001 |  160 |          160 |    3 | 833465334 |      |          0
 68539103   |                  | 16228004 |   30 |           30 |    3 | 833495125 |      |          0
 68539103   |                  | 16228001 |  300 |          300 |    3 | 833495125 |      |          0
 93474170   |                  | 16234004 | 22.5 |         22.5 |    3 | 834299482 |      |          0
 93474170   |                  | 16234001 |  150 |          150 |    3 | 834299482 |      |          0
 95321212   |                  | 16236004 | 22.5 |         22.5 |    3 | 834359064 |      |          0
 95321212   |                  | 16236001 |  150 |          150 |    3 | 834359064 |      |          0
(16 rows)

 ordergroup | ordergroupmember | uom | qty | unroundedqty | type | source | dest | currencysw 
------------+------------------+-----+-----+--------------+------+--------+------+------------
(0 rows)

 ordergroup | ordergroupmember |   uom    | qty | unroundedqty | type |  source   |   dest    | currencysw 
------------+------------------+----------+-----+--------------+------+-----------+-----------+------------
 129291400  |                  | 13518002 | 150 |          150 |    3 | 281265548 |           |          0
 156997030  |                  | 13527002 |  32 |           32 |    3 | 282159278 | 156986335 |          0
(2 rows)

 ordergroup | ordergroupmember | uom | qty | unroundedqty | type | source | dest | currencysw 
------------+------------------+-----+-----+--------------+------+--------+------+------------
(0 rows)

 ordergroup | ordergroupmember | uom | qty | unroundedqty | type | source | dest | currencysw 
------------+------------------+-----+-----+--------------+------+--------+------+------------
(0 rows)

 ordergroup | ordergroupmember |   uom    |  qty  | unroundedqty | type |  source   | dest | currencysw 
------------+------------------+----------+-------+--------------+------+-----------+------+------------
 160046984  |                  | 31801003 |   100 |          100 |    3 | 697899660 |      |          0
 160046984  |                  | 31801002 |   200 |          200 |    3 | 697899660 |      |          0
 162817547  |                  | 31804003 | 131.5 |        131.5 |    3 | 697989033 |      |          0
 162817547  |                  | 31804002 |   263 |          263 |    3 | 697989033 |      |          0
 163741068  |                  | 31805003 |   100 |          100 |    3 | 698018824 |      |          0
 163741068  |                  | 31805002 |   200 |          200 |    3 | 698018824 |      |          0
 164664589  |                  | 31806003 | 131.5 |        131.5 |    3 | 698048615 |      |          0
 164664589  |                  | 31806002 |   263 |          263 |    3 | 698048615 |      |          0
 165588110  |                  | 31807003 |   100 |          100 |    3 | 698078406 |      |          0
 165588110  |                  | 31807002 |   200 |          200 |    3 | 698078406 |      |          0
(10 rows)

 ordergroup | ordergroupmember |   uom    | qty | unroundedqty | type | source |    dest    | currencysw 
------------+------------------+----------+-----+--------------+------+--------+------------+------------
 1217218097 |                  | 32104001 | 112 |          112 |    3 |        |            |          0
 1219065139 |                  | 32106001 | 112 |          112 |    3 |        |            |          0
 1242153164 |                  | 32110001 | 145 |          144 |    3 |        | 1242142469 |          0
 1243076685 |                  | 32111001 | 144 |          144 |    3 |        | 1243065990 |          0
(4 rows)

 ordergroup | ordergroupmember |   uom    | qty | unroundedqty | type |   source   | dest | currencysw 
------------+------------------+----------+-----+--------------+------+------------+------+------------
 4175418347 |                  | 33205002 |  32 |           32 |    3 | 3459827077 |      |          0
 4175418347 |                  | 33205003 |  32 |           32 |    3 | 3459827077 |      |          0
 4178188910 |                  | 33208002 |  32 |           32 |    3 | 3459916450 |      |          0
 4178188910 |                  | 33208003 |  32 |           32 |    3 | 3459916450 |      |          0
(4 rows)

 ordergroup | ordergroupmember |   uom    | qty | unroundedqty | type | source |    dest    | currencysw 
------------+------------------+----------+-----+--------------+------+--------+------------+------------
 3580004336 |                  | 50701002 |  52 |           52 |    3 |        | 3579993641 |          0
 3580004336 |                  | 50701003 |  52 |           52 |    3 |        | 3579993641 |          0
 3581851378 |                  | 50703002 |  52 |           52 |    3 |        | 3581840683 |          0
 3581851378 |                  | 50703003 |  52 |           52 |    3 |        | 3581840683 |          0
 3584621941 |                  | 50706002 |  52 |           52 |    3 |        | 3584611246 |          0
 3584621941 |                  | 50706003 |  52 |           52 |    3 |        | 3584611246 |          0
 3587392504 |                  | 50709002 |  52 |           52 |    3 |        | 3587381809 |          0
 3587392504 |                  | 50709003 |  52 |           52 |    3 |        | 3587381809 |          0
 3607709966 |                  | 50710002 |  52 |           52 |    3 |        | 3607699271 |          0
 3607709966 |                  | 50710003 |  52 |           52 |    3 |        | 3607699271 |          0
(10 rows)

 ordergroup | ordergroupmember |   uom    | qty | unroundedqty | type |  source   | dest | currencysw 
------------+------------------+----------+-----+--------------+------+-----------+------+------------
 1877732742 |                  | 33301002 |  32 |           32 |    3 | 753308878 |      |          0
 1877732742 |                  | 33301003 |  32 |           32 |    3 | 753308878 |      |          0
 1879579784 |                  | 33303002 |  32 |           32 |    3 | 753368460 |      |          0
 1879579784 |                  | 33303003 |  32 |           32 |    3 | 753368460 |      |          0
 1881426826 |                  | 33305002 |  32 |           32 |    3 | 753428042 |      |          0
 1881426826 |                  | 33305003 |  32 |           32 |    3 | 753428042 |      |          0
 1883273868 |                  | 33307002 |  32 |           32 |    3 | 753487624 |      |          0
 1883273868 |                  | 33307003 |  32 |           32 |    3 | 753487624 |      |          0
 1885120910 |                  | 33309002 |  32 |           32 |    3 | 753547206 |      |          0
 1885120910 |                  | 33309003 |  32 |           32 |    3 | 753547206 |      |          0
 1907285414 |                  | 33312002 |  32 |           32 |    3 | 754262190 |      |          0
 1907285414 |                  | 33312003 |  32 |           32 |    3 | 754262190 |      |          0
 1908208935 |                  | 33313002 |  32 |           32 |    3 | 754291981 |      |          0
 1908208935 |                  | 33313003 |  32 |           32 |    3 | 754291981 |      |          0
 1911903019 |                  | 33317002 |  48 |           48 |    3 | 754411145 |      |          0
 1911903019 |                  | 33317003 |  48 |           48 |    3 | 754411145 |      |          0
 1912826540 |                  | 33318002 |  92 |           92 |    3 | 754440936 |      |          0
 1912826540 |                  | 33318003 |  92 |           92 |    3 | 754440936 |      |          0
(18 rows)

 ordergroup | ordergroupmember |   uom    | qty | unroundedqty | type | source |    dest    | currencysw 
------------+------------------+----------+-----+--------------+------+--------+------------+------------
 3674648251 |                  | 50601002 |  52 |           52 |    3 |        | 3674637556 |          0
 3674648251 |                  | 50601003 |  52 |           52 |    3 |        | 3674637556 |          0
 3675571772 |                  | 50602002 |  52 |           52 |    3 |        | 3675561077 |          0
 3675571772 |                  | 50602003 |  52 |           52 |    3 |        | 3675561077 |          0
 3679265856 |                  | 50606002 |  52 |           52 |    3 |        | 3679255161 |          0
 3679265856 |                  | 50606003 |  52 |           52 |    3 |        | 3679255161 |          0
 3682036419 |                  | 50609002 |  52 |           52 |    3 |        | 3682025724 |          0
 3682036419 |                  | 50609003 |  52 |           52 |    3 |        | 3682025724 |          0
 3702353881 |                  | 50610002 |  52 |           52 |    3 |        | 3702343186 |          0
 3702353881 |                  | 50610003 |  52 |           52 |    3 |        | 3702343186 |          0
(10 rows)

 ordergroup | ordergroupmember |   uom    | qty | unroundedqty | type | source | dest | currencysw 
------------+------------------+----------+-----+--------------+------+--------+------+------------
 3841134680 |                  | 32401002 | 360 |          360 |    3 |        |      |          0
 3841134680 |                  | 32401003 | 360 |          360 |    3 |        |      |          0
 3842058201 |                  | 32402002 | 360 |          360 |    3 |        |      |          0
 3842058201 |                  | 32402003 | 360 |          360 |    3 |        |      |          0
 3842981722 |                  | 32403002 | 360 |          360 |    3 |        |      |          0
 3842981722 |                  | 32403003 | 360 |          360 |    3 |        |      |          0
 3843905243 |                  | 32404002 | 360 |          360 |    3 |        |      |          0
 3843905243 |                  | 32404003 | 360 |          360 |    3 |        |      |          0
 3844828764 |                  | 32405001 | 800 |          800 |    3 |        |      |          0
 3844828764 |                  | 32405003 | 800 |          800 |    3 |        |      |          0
 3845752285 |                  | 32406002 | 360 |          360 |    3 |        |      |          0
 3845752285 |                  | 32406003 | 360 |          360 |    3 |        |      |          0
 3846675806 |                  | 32407002 | 360 |          360 |    3 |        |      |          0
 3846675806 |                  | 32407003 | 360 |          360 |    3 |        |      |          0
 3868840310 |                  | 32410002 | 360 |          360 |    3 |        |      |          0
 3868840310 |                  | 32410003 | 360 |          360 |    3 |        |      |          0
 3871610873 |                  | 32413002 |  52 |           52 |    3 |        |      |          0
 3871610873 |                  | 32413003 |  52 |           52 |    3 |        |      |          0
 3872534394 |                  | 32414002 |  52 |           52 |    3 |        |      |          0
 3872534394 |                  | 32414003 |  52 |           52 |    3 |        |      |          0
 3874381436 |                  | 32416002 | 360 |          360 |    3 |        |      |          0
 3874381436 |                  | 32416003 | 360 |          360 |    3 |        |      |          0
 3876228478 |                  | 32418002 | 360 |          360 |    3 |        |      |          0
 3876228478 |                  | 32418003 | 360 |          360 |    3 |        |      |          0
(24 rows)

 ordergroup | ordergroupmember |   uom    |  qty  | unroundedqty  | type |   source   |    dest    | currencysw 
------------+------------------+----------+-------+---------------+------+------------+------------+------------
 2786846135 |                  |     1356 |  9300 |          9300 |    3 | 3415034425 | 2786835440 |          1
 2787769656 |                  |     1978 |   198 |           198 |    3 | 3415064216 | 2787758961 |          1
 2787769656 |                  | 41602002 |   220 |           220 |    3 | 3415064216 | 2787758961 |          0
 2787769656 |                  |     1356 | 16500 |         16500 |    3 | 3415064216 | 2787758961 |          1
 2788693177 |                  |     1978 |   198 |           198 |    3 | 3415094007 | 2788682482 |          1
 2788693177 |                  |     1356 | 16500 |         16500 |    3 | 3415094007 | 2788682482 |          1
 2789616698 |                  |     1978 | 408.6 |   407.8285714 |    3 | 3415123798 | 2789606003 |          1
 2789616698 |                  |     1356 | 34050 | 33985.7142825 |    3 | 3415123798 | 2789606003 |          1
 2792387261 |                  |     1978 | 140.4 |         140.4 |    3 | 3415213171 | 2792376566 |          1
 2792387261 |                  | 41607001 |   156 |           156 |    3 | 3415213171 | 2792376566 |          0
 2792387261 |                  | 41607002 |   156 |           156 |    3 | 3415213171 | 2792376566 |          0
 2792387261 |                  |     1356 | 11700 |         11700 |    3 | 3415213171 | 2792376566 |          1
 2793310782 |                  |     1978 | 140.4 |         140.4 |    3 | 3415242962 | 2793300087 |          1
 2793310782 |                  | 41608002 |   156 |           156 |    3 | 3415242962 | 2793300087 |          0
 2793310782 |                  |     1356 | 11700 |         11700 |    3 | 3415242962 | 2793300087 |          1
 2816398807 |                  |     1840 |   124 |           124 |    3 | 3415987737 | 2816388112 |          1
 2818245849 |                  | 41614002 |    92 |            92 |    3 | 3416047319 | 2818235154 |          0
 2819169370 |                  | 41615002 | 111.6 |         111.6 |    3 | 3416077110 | 2819158675 |          1
 2819169370 |                  | 41615002 |   124 |           124 |    3 | 3416077110 | 2819158675 |          0
 2819169370 |                  | 41615001 |  9300 |          9300 |    3 | 3416077110 | 2819158675 |          1
 2821016412 |                  |     2122 |  27.2 |          27.2 |    3 | 3416136692 | 2821005717 |          1
 2821016412 |                  |     1978 |  28.8 |          28.8 |    3 | 3416136692 | 2821005717 |          1
 2821016412 |                  | 41617002 |    32 |            32 |    3 | 3416136692 | 2821005717 |          0
 2821016412 |                  |     2123 |    36 |            36 |    3 | 3416136692 | 2821005717 |          1
 2821016412 |                  |     2121 |  38.4 |          38.4 |    3 | 3416136692 | 2821005717 |          1
 2821016412 |                  | 41617003 |   146 |           146 |    3 | 3416136692 | 2821005717 |          0
 2821016412 |                  |     1356 |  2400 |          2400 |    3 | 3416136692 | 2821005717 |          1
 2821939933 |                  |     1978 |  28.8 |          28.8 |    3 | 3416166483 | 2821929238 |          1
 2821939933 |                  | 41618002 |    32 |            32 |    3 | 3416166483 | 2821929238 |          0
 2821939933 |                  |     1356 |  2400 |          2400 |    3 | 3416166483 | 2821929238 |          1
 2822863454 |                  |     1978 | 268.2 |   267.9428571 |    3 | 3416196274 | 2822852759 |          1
 2822863454 |                  |     1356 | 22350 | 22328.5714275 |    3 | 3416196274 | 2822852759 |          1
(32 rows)

 ordergroup | ordergroupmember |   uom    | qty | unroundedqty | type |   source   | dest | currencysw 
------------+------------------+----------+-----+--------------+------+------------+------+------------
 3252549782 |                  | 50801002 |  52 |           52 |    3 |            |      |          0
 3252549782 |                  | 50801003 |  52 |           52 |    3 |            |      |          0
 3254396824 |                  | 50803002 |  52 |           52 |    3 |            |      |          0
 3254396824 |                  | 50803003 |  52 |           52 |    3 |            |      |          0
 3255320345 |                  | 50804002 |  52 |           52 |    3 |            |      |          0
 3255320345 |                  | 50804003 |  52 |           52 |    3 |            |      |          0
 3259014429 |                  | 50808002 | 360 |          360 |    3 |            |      |          0
 3259014429 |                  | 50808003 | 360 |          360 |    3 |            |      |          0
 3280255412 |                  | 50810002 | 260 |          260 |    3 | 2045477535 |      |          0
 3280255412 |                  | 50810003 | 260 |          260 |    3 | 2045477535 |      |          0
 3280255413 |                  | 50810002 | 180 |          180 |    3 | 2045477534 |      |          0
 3280255413 |                  | 50810003 | 180 |          180 |    3 | 2045477534 |      |          0
 3282102454 |                  | 50812002 | 360 |          360 |    3 |            |      |          0
 3282102454 |                  | 50812003 | 360 |          360 |    3 |            |      |          0
 3283949496 |                  | 50814002 | 360 |          360 |    3 |            |      |          0
 3283949496 |                  | 50814003 | 360 |          360 |    3 |            |      |          0
 3285796538 |                  | 50816002 | 360 |          360 |    3 |            |      |          0
 3285796538 |                  | 50816003 | 360 |          360 |    3 |            |      |          0
 3287643580 |                  | 50818002 | 200 |          200 |    3 |            |      |          0
 3287643580 |                  | 50818003 | 200 |          200 |    3 |            |      |          0
 3288567101 |                  | 50819002 |  52 |           52 |    3 |            |      |          0
 3288567101 |                  | 50819003 |  52 |           52 |    3 |            |      |          0
 3309808084 |                  | 50821002 |  52 |           52 |    3 |            |      |          0
 3309808084 |                  | 50821003 |  52 |           52 |    3 |            |      |          0
 3310731605 |                  | 50822002 |  52 |           52 |    3 |            |      |          0
 3310731605 |                  | 50822003 |  52 |           52 |    3 |            |      |          0
 3311655126 |                  | 50823002 |  52 |           52 |    3 |            |      |          0
 3311655126 |                  | 50823003 |  52 |           52 |    3 |            |      |          0
 3312578647 |                  | 50824002 |  52 |           52 |    3 |            |      |          0
 3312578647 |                  | 50824003 |  52 |           52 |    3 |            |      |          0
 3313502168 |                  | 50825002 |  52 |           52 |    3 |            |      |          0
 3313502168 |                  | 50825003 |  52 |           52 |    3 |            |      |          0
 3342131319 |                  | 50835002 |  52 |           52 |    3 |            |      |          0
 3342131319 |                  | 50835003 |  52 |           52 |    3 |            |      |          0
 3343054840 |                  | 50836002 |  52 |           52 |    3 |            |      |          0
 3343054840 |                  | 50836003 |  52 |           52 |    3 |            |      |          0
(36 rows)

 ordergroup | ordergroupmember |   uom    | qty | unroundedqty | type | source | dest | currencysw 
------------+------------------+----------+-----+--------------+------+--------+------+------------
 499333315  |                  | 32501002 | 360 |          360 |    3 |        |      |          0
 499333315  |                  | 32501003 | 360 |          360 |    3 |        |      |          0
 501180357  |                  | 32503002 | 360 |          360 |    3 |        |      |          0
 501180357  |                  | 32503003 | 360 |          360 |    3 |        |      |          0
 502103878  |                  | 32504002 | 360 |          360 |    3 |        |      |          0
 502103878  |                  | 32504003 | 360 |          360 |    3 |        |      |          0
 503950920  |                  | 32506002 | 360 |          360 |    3 |        |      |          0
 503950920  |                  | 32506003 | 360 |          360 |    3 |        |      |          0
 504874441  |                  | 32507002 | 480 |          480 |    3 |        |      |          0
 504874441  |                  | 32507003 | 480 |          480 |    3 |        |      |          0
 506721483  |                  | 32509002 | 480 |          480 |    3 |        |      |          0
 506721483  |                  | 32509003 | 480 |          480 |    3 |        |      |          0
 527962466  |                  | 32511002 |  52 |           52 |    3 |        |      |          0
 527962466  |                  | 32511003 |  52 |           52 |    3 |        |      |          0
 530733029  |                  | 32514002 |  71 |           28 |    3 |        |      |          0
 530733029  |                  | 32514003 |  71 |           28 |    3 |        |      |          0
 531656550  |                  | 32515002 |  52 |           52 |    3 |        |      |          0
 531656550  |                  | 32515003 |  52 |           52 |    3 |        |      |          0
 533503592  |                  | 32517002 | 360 |          360 |    3 |        |      |          0
 533503592  |                  | 32517003 | 360 |          360 |    3 |        |      |          0
 535350634  |                  | 32519002 | 360 |          360 |    3 |        |      |          0
 535350634  |                  | 32519003 | 360 |          360 |    3 |        |      |          0
 556591617  |                  | 32521002 | 360 |          360 |    3 |        |      |          0
 556591617  |                  | 32521003 | 360 |          360 |    3 |        |      |          0
 557515138  |                  | 32522002 | 360 |          360 |    3 |        |      |          0
 557515138  |                  | 32522003 | 360 |          360 |    3 |        |      |          0
 558438659  |                  | 32523002 |  52 |           52 |    3 |        |      |          0
 558438659  |                  | 32523003 |  52 |           52 |    3 |        |      |          0
(28 rows)

 ordergroup | ordergroupmember | uom | qty | unroundedqty | type | source | dest | currencysw 
------------+------------------+-----+-----+--------------+------+--------+------+------------
(0 rows)

 ordergroup | ordergroupmember |   uom    | qty | unroundedqty | type | source |    dest    | currencysw 
------------+------------------+----------+-----+--------------+------+--------+------------+------------
 3752525331 |                  | 50510002 |  52 |           52 |    3 |        | 3752514636 |          0
 3752525331 |                  | 50510003 |  52 |           52 |    3 |        | 3752514636 |          0
 3756219415 |                  | 50514002 |  28 |           28 |    3 |        | 3756208720 |          0
 3756219415 |                  | 50514003 |  28 |           28 |    3 |        | 3756208720 |          0
(4 rows)

