    item    |   source   |    dest    | qty  | unroundedqty |   uom    | ordergroup |  ordergroupmember   
------------+------------+------------+------+--------------+----------+------------+---------------------
 3544253634 | 2497681510 | 118698853  |   35 |           35 | 32701002 | 118709548  | OOPT-MBG327.01-OGM1
 3544253634 | 2497681510 | 118698853  |   35 |           35 | 32701003 | 118709548  | OOPT-MBG327.01-OGM1
 3544253635 | 2497681510 | 118698853  |   35 |           35 | 32701002 | 118709548  | OOPT-MBG327.01-OGM1
 3544253635 | 2497681510 | 118698853  |   35 |           35 | 32701003 | 118709548  | OOPT-MBG327.01-OGM1
 3544253636 | 2497681511 | 118698853  |   35 |           35 | 32701002 | 118709548  | OOPT-MBG327.01-OGM2
 3544253636 | 2497681511 | 118698853  |   35 |           35 | 32701003 | 118709548  | OOPT-MBG327.01-OGM2
 3544253637 | 2497681511 | 118698853  |   35 |           35 | 32701002 | 118709548  | OOPT-MBG327.01-OGM2
 3544253637 | 2497681511 | 118698853  |   35 |           35 | 32701003 | 118709548  | OOPT-MBG327.01-OGM2
 3544254595 | 2497711301 | 119622374  |   38 |           38 | 32702002 | 119633069  | OOPT-MBG327.02-OGM1
 3544254595 | 2497711301 | 119622374  |   38 |           38 | 32702003 | 119633069  | OOPT-MBG327.02-OGM1
 3544254596 | 2497711301 | 119622374  |   38 |           38 | 32702002 | 119633069  | OOPT-MBG327.02-OGM1
 3544254596 | 2497711301 | 119622374  |   38 |           38 | 32702003 | 119633069  | OOPT-MBG327.02-OGM1
 3544254597 | 2497711302 | 119622374  |   38 |           38 | 32702002 | 119633069  | OOPT-MBG327.02-OGM2
 3544254597 | 2497711302 | 119622374  |   38 |           38 | 32702003 | 119633069  | OOPT-MBG327.02-OGM2
 3544254598 | 2497711302 | 119622374  |   38 |           38 | 32702002 | 119633069  | OOPT-MBG327.02-OGM2
 3544254598 | 2497711302 | 119622374  |   38 |           38 | 32702003 | 119633069  | OOPT-MBG327.02-OGM2
 3544255556 | 2497741092 | 120545895  |   40 |           40 | 32703002 | 120556590  | OOPT-MBG327.03-OGM1
 3544255556 | 2497741092 | 120545895  |   40 |           40 | 32703003 | 120556590  | OOPT-MBG327.03-OGM1
 3544255557 | 2497741092 | 120545895  |   40 |           40 | 32703002 | 120556590  | OOPT-MBG327.03-OGM1
 3544255557 | 2497741092 | 120545895  |   40 |           40 | 32703003 | 120556590  | OOPT-MBG327.03-OGM1
 3544255558 | 2497741093 | 120545895  |   40 |           40 | 32703002 | 120556590  | OOPT-MBG327.03-OGM2
 3544255558 | 2497741093 | 120545895  |   40 |           40 | 32703003 | 120556590  | OOPT-MBG327.03-OGM2
 3544255559 | 2497741093 | 120545895  |   40 |           40 | 32703002 | 120556590  | OOPT-MBG327.03-OGM2
 3544255559 | 2497741093 | 120545895  |   40 |           40 | 32703003 | 120556590  | OOPT-MBG327.03-OGM2
 3544256517 | 2497770883 | 121469416  |   30 |           30 | 32704002 | 121480111  | OOPT-MBG327.04-OGM1
 3544256517 | 2497770883 | 121469416  |   30 |           30 | 32704003 | 121480111  | OOPT-MBG327.04-OGM1
 3544256518 | 2497770883 | 121469416  |   30 |           30 | 32704002 | 121480111  | OOPT-MBG327.04-OGM1
 3544256518 | 2497770883 | 121469416  |   30 |           30 | 32704003 | 121480111  | OOPT-MBG327.04-OGM1
 3544256519 | 2497770884 | 121469416  |   30 |           30 | 32704002 | 121480111  | OOPT-MBG327.04-OGM2
 3544256519 | 2497770884 | 121469416  |   30 |           30 | 32704003 | 121480111  | OOPT-MBG327.04-OGM2
 3544256520 | 2497770884 | 121469416  |   30 |           30 | 32704002 | 121480111  | OOPT-MBG327.04-OGM2
 3544256520 | 2497770884 | 121469416  |   30 |           30 | 32704003 | 121480111  | OOPT-MBG327.04-OGM2
 3544257478 | 2497800674 | 122392937  |   40 |           40 | 32705002 | 122403632  | OOPT-MBG327.05-OGM1
 3544257478 | 2497800674 | 122392937  |   40 |           40 | 32705003 | 122403632  | OOPT-MBG327.05-OGM1
 3544257479 | 2497800674 | 122392937  |   40 |           40 | 32705002 | 122403632  | OOPT-MBG327.05-OGM1
 3544257479 | 2497800674 | 122392937  |   40 |           40 | 32705003 | 122403632  | OOPT-MBG327.05-OGM1
 3544257480 | 2497800675 | 122392937  |   40 |           40 | 32705002 | 122403632  | OOPT-MBG327.05-OGM2
 3544257480 | 2497800675 | 122392937  |   40 |           40 | 32705003 | 122403632  | OOPT-MBG327.05-OGM2
 3544257481 | 2497800675 | 122392937  |   40 |           40 | 32705002 | 122403632  | OOPT-MBG327.05-OGM2
 3544257481 | 2497800675 | 122392937  |   40 |           40 | 32705003 | 122403632  | OOPT-MBG327.05-OGM2
 3544258439 | 2497830465 | 123316458  |   50 |           50 | 32706002 | 123327153  | OOPT-MBG327.06-OGM1
 3544258439 | 2497830465 | 123316458  |   50 |           50 | 32706003 | 123327153  | OOPT-MBG327.06-OGM1
 3544258440 | 2497830465 | 123316458  |   50 |           50 | 32706002 | 123327153  | OOPT-MBG327.06-OGM1
 3544258440 | 2497830465 | 123316458  |   50 |           50 | 32706003 | 123327153  | OOPT-MBG327.06-OGM1
 3544258441 | 2497830466 | 123316458  |   50 |           50 | 32706002 | 123327153  | OOPT-MBG327.06-OGM2
 3544258441 | 2497830466 | 123316458  |   50 |           50 | 32706003 | 123327153  | OOPT-MBG327.06-OGM2
 3544258442 | 2497830466 | 123316458  |   50 |           50 | 32706002 | 123327153  | OOPT-MBG327.06-OGM2
 3544258442 | 2497830466 | 123316458  |   50 |           50 | 32706003 | 123327153  | OOPT-MBG327.06-OGM2
 3544259400 | 2497860256 | 124239979  |   60 |           60 | 32707002 | 124250674  | OOPT-MBG327.07-OGM1
 3544259400 | 2497860256 | 124239979  |   60 |           60 | 32707003 | 124250674  | OOPT-MBG327.07-OGM1
 3544259401 | 2497860256 | 124239979  |   60 |           60 | 32707002 | 124250674  | OOPT-MBG327.07-OGM1
 3544259401 | 2497860256 | 124239979  |   60 |           60 | 32707003 | 124250674  | OOPT-MBG327.07-OGM1
 3544259402 | 2497860257 | 124239979  |   60 |           60 | 32707002 | 124250674  | OOPT-MBG327.07-OGM2
 3544259402 | 2497860257 | 124239979  |   60 |           60 | 32707003 | 124250674  | OOPT-MBG327.07-OGM2
 3544259403 | 2497860257 | 124239979  |   60 |           60 | 32707002 | 124250674  | OOPT-MBG327.07-OGM2
 3544259403 | 2497860257 | 124239979  |   60 |           60 | 32707003 | 124250674  | OOPT-MBG327.07-OGM2
 3544260361 | 2497890047 | 125163500  |   55 |           55 | 32708002 | 125174195  | OOPT-MBG327.08-OGM1
 3544260361 | 2497890047 | 125163500  |   55 |           55 | 32708003 | 125174195  | OOPT-MBG327.08-OGM1
 3544260362 | 2497890047 | 125163500  |   55 |           55 | 32708002 | 125174195  | OOPT-MBG327.08-OGM1
 3544260362 | 2497890047 | 125163500  |   55 |           55 | 32708003 | 125174195  | OOPT-MBG327.08-OGM1
 3544260363 | 2497890048 | 125163500  |   55 |           55 | 32708002 | 125174195  | OOPT-MBG327.08-OGM2
 3544260363 | 2497890048 | 125163500  |   55 |           55 | 32708003 | 125174195  | OOPT-MBG327.08-OGM2
 3544260364 | 2497890048 | 125163500  |   55 |           55 | 32708002 | 125174195  | OOPT-MBG327.08-OGM2
 3544260364 | 2497890048 | 125163500  |   55 |           55 | 32708003 | 125174195  | OOPT-MBG327.08-OGM2
 3544261322 | 2497919838 | 126087021  |   55 |           55 | 32709002 | 126097716  | OOPT-MBG327.09-OGM1
 3544261322 | 2497919838 | 126087021  |   55 |           55 | 32709003 | 126097716  | OOPT-MBG327.09-OGM1
 3544261323 | 2497919838 | 126087021  |   55 |           55 | 32709002 | 126097716  | OOPT-MBG327.09-OGM1
 3544261323 | 2497919838 | 126087021  |   55 |           55 | 32709003 | 126097716  | OOPT-MBG327.09-OGM1
 3544261324 | 2497919839 | 126087021  |   55 |           55 | 32709002 | 126097716  | OOPT-MBG327.09-OGM2
 3544261324 | 2497919839 | 126087021  |   55 |           55 | 32709003 | 126097716  | OOPT-MBG327.09-OGM2
 3544261325 | 2497919839 | 126087021  |   55 |           55 | 32709002 | 126097716  | OOPT-MBG327.09-OGM2
 3544261325 | 2497919839 | 126087021  |   55 |           55 | 32709003 | 126097716  | OOPT-MBG327.09-OGM2
 3544282464 | 2498575240 | 146404483  |   55 |           55 | 32710002 | 146415178  | OOPT-MBG327.10-OGM1
 3544282464 | 2498575240 | 146404483  |   55 |           55 | 32710003 | 146415178  | OOPT-MBG327.10-OGM1
 3544282465 | 2498575240 | 146404483  |   55 |           55 | 32710002 | 146415178  | OOPT-MBG327.10-OGM1
 3544282465 | 2498575240 | 146404483  |   55 |           55 | 32710003 | 146415178  | OOPT-MBG327.10-OGM1
 3544282466 | 2498575241 | 146404483  |   55 |           55 | 32710002 | 146415178  | OOPT-MBG327.10-OGM2
 3544282466 | 2498575241 | 146404483  |   55 |           55 | 32710003 | 146415178  | OOPT-MBG327.10-OGM2
 3544282467 | 2498575241 | 146404483  |   55 |           55 | 32710002 | 146415178  | OOPT-MBG327.10-OGM2
 3544282467 | 2498575241 | 146404483  |   55 |           55 | 32710003 | 146415178  | OOPT-MBG327.10-OGM2
 3544283425 | 2498605031 | 147328004  |   45 |           45 | 32711002 | 147338699  | OOPT-MBG327.11-OGM1
 3544283425 | 2498605031 | 147328004  |   45 |           45 | 32711003 | 147338699  | OOPT-MBG327.11-OGM1
 3544283426 | 2498605031 | 147328004  |   45 |           45 | 32711002 | 147338699  | OOPT-MBG327.11-OGM1
 3544283426 | 2498605031 | 147328004  |   45 |           45 | 32711003 | 147338699  | OOPT-MBG327.11-OGM1
 3544283427 | 2498605032 | 147328004  |   45 |           45 | 32711002 | 147338699  | OOPT-MBG327.11-OGM2
 3544283427 | 2498605032 | 147328004  |   45 |           45 | 32711003 | 147338699  | OOPT-MBG327.11-OGM2
 3544283428 | 2498605032 | 147328004  |   45 |           45 | 32711002 | 147338699  | OOPT-MBG327.11-OGM2
 3544283428 | 2498605032 | 147328004  |   45 |           45 | 32711003 | 147338699  | OOPT-MBG327.11-OGM2
 3544284386 | 2498634822 | 148251525  |   50 |           50 | 32712002 | 148262220  | OOPT-MBG327.12-OGM1
 3544284386 | 2498634822 | 148251525  |   50 |           50 | 32712003 | 148262220  | OOPT-MBG327.12-OGM1
 3544284387 | 2498634822 | 148251525  |   50 |           50 | 32712002 | 148262220  | OOPT-MBG327.12-OGM1
 3544284387 | 2498634822 | 148251525  |   50 |           50 | 32712003 | 148262220  | OOPT-MBG327.12-OGM1
 3544284388 | 2498634823 | 148251525  |   50 |           50 | 32712002 | 148262220  | OOPT-MBG327.12-OGM2
 3544284388 | 2498634823 | 148251525  |   50 |           50 | 32712003 | 148262220  | OOPT-MBG327.12-OGM2
 3544284389 | 2498634823 | 148251525  |   50 |           50 | 32712002 | 148262220  | OOPT-MBG327.12-OGM2
 3544284389 | 2498634823 | 148251525  |   50 |           50 | 32712003 | 148262220  | OOPT-MBG327.12-OGM2
 3544285347 | 2498664613 | 149175046  |   40 |           40 | 32713002 | 149185741  | OOPT-MBG327.13-OGM1
 3544285347 | 2498664613 | 149175046  |   40 |           40 | 32713003 | 149185741  | OOPT-MBG327.13-OGM1
 3544285348 | 2498664613 | 149175046  |   40 |           40 | 32713002 | 149185741  | OOPT-MBG327.13-OGM1
 3544285348 | 2498664613 | 149175046  |   40 |           40 | 32713003 | 149185741  | OOPT-MBG327.13-OGM1
 3544285349 | 2498664614 | 149175046  |   40 |           40 | 32713002 | 149185741  | OOPT-MBG327.13-OGM2
 3544285349 | 2498664614 | 149175046  |   40 |           40 | 32713003 | 149185741  | OOPT-MBG327.13-OGM2
 3544285350 | 2498664614 | 149175046  |   40 |           40 | 32713002 | 149185741  | OOPT-MBG327.13-OGM2
 3544285350 | 2498664614 | 149175046  |   40 |           40 | 32713003 | 149185741  | OOPT-MBG327.13-OGM2
 3544286308 | 2498694404 | 150098567  |   40 |           40 | 32714002 | 150109262  | OOPT-MBG327.14-OGM1
 3544286308 | 2498694404 | 150098567  |   40 |           40 | 32714003 | 150109262  | OOPT-MBG327.14-OGM1
 3544286309 | 2498694404 | 150098567  |   40 |           40 | 32714002 | 150109262  | OOPT-MBG327.14-OGM1
 3544286309 | 2498694404 | 150098567  |   40 |           40 | 32714003 | 150109262  | OOPT-MBG327.14-OGM1
 3544286310 | 2498694405 | 150098567  |   40 |           40 | 32714002 | 150109262  | OOPT-MBG327.14-OGM2
 3544286310 | 2498694405 | 150098567  |   40 |           40 | 32714003 | 150109262  | OOPT-MBG327.14-OGM2
 3544286311 | 2498694405 | 150098567  |   40 |           40 | 32714002 | 150109262  | OOPT-MBG327.14-OGM2
 3544286311 | 2498694405 | 150098567  |   40 |           40 | 32714003 | 150109262  | OOPT-MBG327.14-OGM2
 3544287269 | 2498724195 | 151022088  |   40 |           40 | 32715002 | 151032783  | OOPT-MBG327.15-OGM1
 3544287269 | 2498724195 | 151022088  |   40 |           40 | 32715003 | 151032783  | OOPT-MBG327.15-OGM1
 3544287269 | 2498724195 | 151022088  |   40 |           40 | 32715004 | 151032783  | OOPT-MBG327.15-OGM1
 3544287269 | 2498724195 | 151022088  |   40 |           40 | 32715005 | 151032783  | OOPT-MBG327.15-OGM1
 3544287270 | 2498724195 | 151022088  |   40 |           40 | 32715002 | 151032783  | OOPT-MBG327.15-OGM1
 3544287270 | 2498724195 | 151022088  |   40 |           40 | 32715003 | 151032783  | OOPT-MBG327.15-OGM1
 3544287270 | 2498724195 | 151022088  |   40 |           40 | 32715004 | 151032783  | OOPT-MBG327.15-OGM1
 3544287270 | 2498724195 | 151022088  |   40 |           40 | 32715005 | 151032783  | OOPT-MBG327.15-OGM1
 3544287271 | 2498724196 | 151022088  |   40 |           40 | 32715002 | 151032783  | OOPT-MBG327.15-OGM2
 3544287271 | 2498724196 | 151022088  |   40 |           40 | 32715003 | 151032783  | OOPT-MBG327.15-OGM2
 3544287271 | 2498724196 | 151022088  |   40 |           40 | 32715004 | 151032783  | OOPT-MBG327.15-OGM2
 3544287271 | 2498724196 | 151022088  |   40 |           40 | 32715005 | 151032783  | OOPT-MBG327.15-OGM2
 3544287272 | 2498724196 | 151022088  |   40 |           40 | 32715002 | 151032783  | OOPT-MBG327.15-OGM2
 3544287272 | 2498724196 | 151022088  |   40 |           40 | 32715003 | 151032783  | OOPT-MBG327.15-OGM2
 3544287272 | 2498724196 | 151022088  |   40 |           40 | 32715004 | 151032783  | OOPT-MBG327.15-OGM2
 3544287272 | 2498724196 | 151022088  |   40 |           40 | 32715005 | 151032783  | OOPT-MBG327.15-OGM2
 3544288230 | 2498753986 | 151945609  |   48 |           48 | 32716002 | 151956304  | OOPT-MBG327.16-OGM1
 3544288230 | 2498753986 | 151945609  |   48 |           48 | 32716003 | 151956304  | OOPT-MBG327.16-OGM1
 3544288231 | 2498753986 | 151945609  |   48 |           48 | 32716002 | 151956304  | OOPT-MBG327.16-OGM1
 3544288231 | 2498753986 | 151945609  |   48 |           48 | 32716003 | 151956304  | OOPT-MBG327.16-OGM1
 3544288232 | 2498753987 | 151945609  |   48 |           48 | 32716002 | 151956304  | OOPT-MBG327.16-OGM2
 3544288232 | 2498753987 | 151945609  |   48 |           48 | 32716003 | 151956304  | OOPT-MBG327.16-OGM2
 3544288233 | 2498753987 | 151945609  |   48 |           48 | 32716002 | 151956304  | OOPT-MBG327.16-OGM2
 3544288233 | 2498753987 | 151945609  |   48 |           48 | 32716003 | 151956304  | OOPT-MBG327.16-OGM2
 3544289191 | 2498783777 | 152869130  |   50 |           50 | 32717002 | 152879825  | OOPT-MBG327.17-OGM1
 3544289191 | 2498783777 | 152869130  |   50 |           50 | 32717003 | 152879825  | OOPT-MBG327.17-OGM1
 3544289192 | 2498783777 | 152869130  |   50 |           50 | 32717002 | 152879825  | OOPT-MBG327.17-OGM1
 3544289192 | 2498783777 | 152869130  |   50 |           50 | 32717003 | 152879825  | OOPT-MBG327.17-OGM1
 3544289193 | 2498783778 | 152869130  |   50 |           50 | 32717002 | 152879825  | OOPT-MBG327.17-OGM2
 3544289193 | 2498783778 | 152869130  |   50 |           50 | 32717003 | 152879825  | OOPT-MBG327.17-OGM2
 3544289194 | 2498783778 | 152869130  |   50 |           50 | 32717002 | 152879825  | OOPT-MBG327.17-OGM2
 3544289194 | 2498783778 | 152869130  |   50 |           50 | 32717003 | 152879825  | OOPT-MBG327.17-OGM2
 3544290152 | 2498813568 | 153792651  |   17 |           17 | 32718002 | 153803346  | OOPT-MBG327.18-OGM1
 3544290152 | 2498813568 | 153792651  |   17 |           17 | 32718003 | 153803346  | OOPT-MBG327.18-OGM1
 3544290153 | 2498813568 | 153792651  |   17 |           17 | 32718002 | 153803346  | OOPT-MBG327.18-OGM1
 3544290153 | 2498813568 | 153792651  |   17 |           17 | 32718003 | 153803346  | OOPT-MBG327.18-OGM1
 3544290154 | 2498813569 | 153792651  |   17 |           17 | 32718002 | 153803346  | OOPT-MBG327.18-OGM2
 3544290154 | 2498813569 | 153792651  |   17 |           17 | 32718003 | 153803346  | OOPT-MBG327.18-OGM2
 3544290155 | 2498813569 | 153792651  |   17 |           17 | 32718002 | 153803346  | OOPT-MBG327.18-OGM2
 3544290155 | 2498813569 | 153792651  |   17 |           17 | 32718003 | 153803346  | OOPT-MBG327.18-OGM2
 3544291113 | 2498843359 | 154716172  |   17 |           17 | 32719002 | 154726867  | OOPT-MBG327.19-OGM1
 3544291113 | 2498843359 | 154716172  |   17 |           17 | 32719003 | 154726867  | OOPT-MBG327.19-OGM1
 3544291114 | 2498843359 | 154716172  |   17 |           17 | 32719002 | 154726867  | OOPT-MBG327.19-OGM1
 3544291114 | 2498843359 | 154716172  |   17 |           17 | 32719003 | 154726867  | OOPT-MBG327.19-OGM1
 3544291115 | 2498843360 | 154716172  |   17 |           17 | 32719002 | 154726867  | OOPT-MBG327.19-OGM2
 3544291115 | 2498843360 | 154716172  |   17 |           17 | 32719003 | 154726867  | OOPT-MBG327.19-OGM2
 3544291116 | 2498843360 | 154716172  |   17 |           17 | 32719002 | 154726867  | OOPT-MBG327.19-OGM2
 3544291116 | 2498843360 | 154716172  |   17 |           17 | 32719003 | 154726867  | OOPT-MBG327.19-OGM2
 3544312255 | 2499498761 | 175033634  |   17 |           17 | 32720002 | 175044329  | OOPT-MBG327.20-OGM1
 3544312255 | 2499498761 | 175033634  |   17 |           17 | 32720003 | 175044329  | OOPT-MBG327.20-OGM1
 3544312256 | 2499498761 | 175033634  |   17 |           17 | 32720002 | 175044329  | OOPT-MBG327.20-OGM1
 3544312256 | 2499498761 | 175033634  |   17 |           17 | 32720003 | 175044329  | OOPT-MBG327.20-OGM1
 3544312257 | 2499498762 | 175033634  |   17 |           17 | 32720002 | 175044329  | OOPT-MBG327.20-OGM2
 3544312257 | 2499498762 | 175033634  |   17 |           17 | 32720003 | 175044329  | OOPT-MBG327.20-OGM2
 3544312258 | 2499498762 | 175033634  |   17 |           17 | 32720002 | 175044329  | OOPT-MBG327.20-OGM2
 3544312258 | 2499498762 | 175033634  |   17 |           17 | 32720003 | 175044329  | OOPT-MBG327.20-OGM2
 3544313216 | 2499528552 | 175957155  |   68 |           68 | 32721002 | 175967850  | OOPT-MBG327.21-OGM1
 3544313216 | 2499528552 | 175957155  |   68 |           68 | 32721003 | 175967850  | OOPT-MBG327.21-OGM1
 3544313217 | 2499528552 | 175957155  |   68 |           68 | 32721002 | 175967850  | OOPT-MBG327.21-OGM1
 3544313217 | 2499528552 | 175957155  |   68 |           68 | 32721003 | 175967850  | OOPT-MBG327.21-OGM1
 3544313218 | 2499528553 | 175957155  |   33 |           33 | 32721002 | 175967850  | OOPT-MBG327.21-OGM2
 3544313218 | 2499528553 | 175957155  |   33 |           33 | 32721003 | 175967850  | OOPT-MBG327.21-OGM2
 3544313219 | 2499528553 | 175957155  |   68 |           68 | 32721002 | 175967850  | OOPT-MBG327.21-OGM2
 3544313219 | 2499528553 | 175957155  |   68 |           68 | 32721003 | 175967850  | OOPT-MBG327.21-OGM2
 991180816  | 661835420  | 3337012143 |   50 |   49.3103448 | 33401002 | 3337022838 | OOPT-GEX334.01-OGM1
 991180816  | 661835420  | 3337012143 |   50 |   49.3103448 | 33401003 | 3337022838 | OOPT-GEX334.01-OGM1
 991180817  | 661835420  | 3337012144 |   50 |   49.3103448 | 33401002 | 3337022838 | OOPT-GEX334.01-OGM1
 991180817  | 661835420  | 3337012144 |   50 |   49.3103448 | 33401003 | 3337022838 | OOPT-GEX334.01-OGM1
 991180818  | 661835421  | 3337012143 |   50 |   49.3103448 | 33401002 | 3337022838 | OOPT-GEX334.01-OGM2
 991180818  | 661835421  | 3337012143 |   50 |   49.3103448 | 33401003 | 3337022838 | OOPT-GEX334.01-OGM2
 991180819  | 661835421  | 3337012144 |   50 |   49.3103448 | 33401002 | 3337022838 | OOPT-GEX334.01-OGM2
 991180819  | 661835421  | 3337012144 |   50 |   49.3103448 | 33401003 | 3337022838 | OOPT-GEX334.01-OGM2
 991181777  | 661865211  | 3337935664 |   40 |   39.3103448 | 33402002 | 3337946359 | OOPT-GEX334.02-OGM1
 991181777  | 661865211  | 3337935664 |   40 |   39.3103448 | 33402003 | 3337946359 | OOPT-GEX334.02-OGM1
 991181778  | 661865211  | 3337935665 |   50 |   49.3103448 | 33402002 | 3337946359 | OOPT-GEX334.02-OGM1
 991181778  | 661865211  | 3337935665 |   50 |   49.3103448 | 33402003 | 3337946359 | OOPT-GEX334.02-OGM1
 991181779  | 661865212  | 3337935664 |   50 |   49.3103448 | 33402002 | 3337946359 | OOPT-GEX334.02-OGM2
 991181779  | 661865212  | 3337935664 |   50 |   49.3103448 | 33402003 | 3337946359 | OOPT-GEX334.02-OGM2
 991181780  | 661865212  | 3337935665 |   50 |   49.3103448 | 33402002 | 3337946359 | OOPT-GEX334.02-OGM2
 991181780  | 661865212  | 3337935665 |   50 |   49.3103448 | 33402003 | 3337946359 | OOPT-GEX334.02-OGM2
 991182738  | 661895002  | 3338859185 |   50 |   49.3103448 | 33403002 | 3338869880 | OOPT-GEX334.03-OGM1
 991182738  | 661895002  | 3338859185 |   50 |   49.3103448 | 33403003 | 3338869880 | OOPT-GEX334.03-OGM1
 991182739  | 661895002  | 3338859186 |   50 |   49.3103448 | 33403002 | 3338869880 | OOPT-GEX334.03-OGM1
 991182739  | 661895002  | 3338859186 |   50 |   49.3103448 | 33403003 | 3338869880 | OOPT-GEX334.03-OGM1
 991182740  | 661895003  | 3338859185 |   25 |   24.8275862 | 33403002 | 3338869880 | OOPT-GEX334.03-OGM2
 991182740  | 661895003  | 3338859185 |   25 |   24.8275862 | 33403003 | 3338869880 | OOPT-GEX334.03-OGM2
 991182741  | 661895003  | 3338859186 |   50 |   49.3103448 | 33403002 | 3338869880 | OOPT-GEX334.03-OGM2
 991182741  | 661895003  | 3338859186 |   50 |   49.3103448 | 33403003 | 3338869880 | OOPT-GEX334.03-OGM2
 991183699  | 661924793  | 3339782706 |   50 |   49.3103448 | 33404002 | 3339793401 | OOPT-GEX334.04-OGM1
 991183699  | 661924793  | 3339782706 |   50 |   49.3103448 | 33404003 | 3339793401 | OOPT-GEX334.04-OGM1
 991183701  | 661924794  | 3339782706 |   50 |   49.3103448 | 33404002 | 3339793401 | OOPT-GEX334.04-OGM2
 991183701  | 661924794  | 3339782706 |   50 |   49.3103448 | 33404003 | 3339793401 | OOPT-GEX334.04-OGM2
 991183702  | 661924794  | 3339782707 |   50 |   49.3103448 | 33404002 | 3339793401 | OOPT-GEX334.04-OGM2
 991183702  | 661924794  | 3339782707 |   50 |   49.3103448 | 33404003 | 3339793401 | OOPT-GEX334.04-OGM2
 991184660  | 661954584  | 3340706227 |   50 |   49.3103448 | 33405002 | 3340716922 | OOPT-GEX334.05-OGM1
 991184660  | 661954584  | 3340706227 |   50 |   49.3103448 | 33405003 | 3340716922 | OOPT-GEX334.05-OGM1
 991184661  | 661954584  | 3340706228 |   50 |   49.3103448 | 33405002 | 3340716922 | OOPT-GEX334.05-OGM1
 991184661  | 661954584  | 3340706228 |   50 |   49.3103448 | 33405003 | 3340716922 | OOPT-GEX334.05-OGM1
 991184662  | 661954585  | 3340706227 |   50 |   49.3103448 | 33405002 | 3340716922 | OOPT-GEX334.05-OGM2
 991184662  | 661954585  | 3340706227 |   50 |   49.3103448 | 33405003 | 3340716922 | OOPT-GEX334.05-OGM2
 991188504  | 662073748  | 3344400311 |   50 |   49.3103448 | 33409002 | 3344411006 | OOPT-GEX334.09-OGM1
 991188504  | 662073748  | 3344400311 |   50 |   49.3103448 | 33409003 | 3344411006 | OOPT-GEX334.09-OGM1
 991188505  | 662073748  | 3344400312 |   37 |   31.0344828 | 33409002 | 3344411006 | OOPT-GEX334.09-OGM1
 991188505  | 662073748  | 3344400312 |   37 |   31.0344828 | 33409003 | 3344411006 | OOPT-GEX334.09-OGM1
 991188506  | 662073749  | 3344400311 |   25 |   24.8275862 | 33409002 | 3344411006 | OOPT-GEX334.09-OGM2
 991188506  | 662073749  | 3344400311 |   25 |   24.8275862 | 33409003 | 3344411006 | OOPT-GEX334.09-OGM2
 991188507  | 662073749  | 3344400312 |   50 |   49.3103448 | 33409002 | 3344411006 | OOPT-GEX334.09-OGM2
 991188507  | 662073749  | 3344400312 |   50 |   49.3103448 | 33409003 | 3344411006 | OOPT-GEX334.09-OGM2
 991209646  | 662729150  | 3364717773 |   50 |   49.3103448 | 33410002 | 3364728468 | OOPT-GEX334.10-OGM1
 991209646  | 662729150  | 3364717773 |   50 |   49.3103448 | 33410003 | 3364728468 | OOPT-GEX334.10-OGM1
 991209647  | 662729150  | 3364717774 |   50 |   49.3103448 | 33410002 | 3364728468 | OOPT-GEX334.10-OGM1
 991209647  | 662729150  | 3364717774 |   50 |   49.3103448 | 33410003 | 3364728468 | OOPT-GEX334.10-OGM1
 991209648  | 662729151  | 3364717773 |   37 |   33.1034483 | 33410002 | 3364728468 | OOPT-GEX334.10-OGM2
 991209648  | 662729151  | 3364717773 |   37 |   33.1034483 | 33410003 | 3364728468 | OOPT-GEX334.10-OGM2
 991209649  | 662729151  | 3364717774 |   50 |   49.3103448 | 33410002 | 3364728468 | OOPT-GEX334.10-OGM2
 991209649  | 662729151  | 3364717774 |   50 |   49.3103448 | 33410003 | 3364728468 | OOPT-GEX334.10-OGM2
 57971789   | 1797126655 | 4171302060 |   16 |           16 | 33501002 | 4171312755 | OOPT-GSD335.01-OGM1
 57971789   | 1797126655 | 4171302061 |   16 |           16 | 33501002 | 4171312755 | OOPT-GSD335.01-OGM2
 57972750   | 1797156446 | 4172225581 |   18 |           18 | 33502002 | 4172236276 | OOPT-GSD335.02-OGM1
 57972750   | 1797156446 | 4172225582 |   18 |           18 | 33502002 | 4172236276 | OOPT-GSD335.02-OGM2
 57974672   | 1797216028 | 4174072623 |   16 |           16 | 33504002 | 4174083318 | OOPT-GSD335.04-OGM1
 57974672   | 1797216028 | 4174072624 |   16 |           16 | 33504002 | 4174083318 | OOPT-GSD335.04-OGM2
 57976594   | 1797275610 | 4175919665 |   16 |           16 | 33506002 | 4175930360 | OOPT-GSD335.06-OGM1
 57976594   | 1797275610 | 4175919666 |   16 |           16 | 33506002 | 4175930360 | OOPT-GSD335.06-OGM2
 57977555   | 1797305401 | 4176843186 |   16 |           16 | 33507002 | 4176853881 | OOPT-GSD335.07-OGM1
 57977555   | 1797305401 | 4176843187 |   16 |           16 | 33507002 | 4176853881 | OOPT-GSD335.07-OGM2
 57978516   | 1797335192 | 4177766707 |   17 |           17 | 33508002 | 4177777402 | OOPT-GSD335.08-OGM1
 57978516   | 1797335192 | 4177766708 |   17 |           17 | 33508002 | 4177777402 | OOPT-GSD335.08-OGM2
 58005424   | 1798169340 | 4203625295 |   30 |           30 | 33515002 | 4203635990 | OOPT-GSD335.15-OGM1
 58005424   | 1798169340 | 4203625295 |   30 |           30 | 33515003 | 4203635990 | OOPT-GSD335.15-OGM1
 58006385   | 1798199131 | 4204548816 |   16 |           16 | 33516002 | 4204559511 | OOPT-GSD335.16-OGM1
 58006385   | 1798199131 | 4204548817 |   16 |           16 | 33516002 | 4204559511 | OOPT-GSD335.16-OGM2
 58007346   | 1798228922 | 4205472337 |   16 |           16 | 33517002 | 4205483032 | OOPT-GSD335.17-OGM1
 58007346   | 1798228922 | 4205472338 |   16 |           16 | 33517002 | 4205483032 | OOPT-GSD335.17-OGM2
 58008307   | 1798258713 | 4206395858 |   16 |           16 | 33518002 | 4206406553 | OOPT-GSD335.18-OGM1
 58008307   | 1798258713 | 4206395859 |   16 |           16 | 33518002 | 4206406553 | OOPT-GSD335.18-OGM2
 3062122134 | 436506900  | 646795321  |   35 |           35 | 31903002 | 646806016  | OOPT-GAA319.03-OGM1
 3062122134 | 436506900  | 646795321  |   35 |           35 | 31903003 | 646806016  | OOPT-GAA319.03-OGM1
 3062122135 | 436506900  | 646795321  |   35 |           35 | 31903002 | 646806016  | OOPT-GAA319.03-OGM1
 3062122135 | 436506900  | 646795321  |   35 |           35 | 31903003 | 646806016  | OOPT-GAA319.03-OGM1
 3062122136 | 436506901  | 646795321  |   25 |           25 | 31903002 | 646806016  | OOPT-GAA319.03-OGM2
 3062122136 | 436506901  | 646795321  |   25 |           25 | 31903003 | 646806016  | OOPT-GAA319.03-OGM2
 3062122137 | 436506901  | 646795321  |   25 |           25 | 31903002 | 646806016  | OOPT-GAA319.03-OGM2
 3062122137 | 436506901  | 646795321  |   25 |           25 | 31903003 | 646806016  | OOPT-GAA319.03-OGM2
 3062125978 | 436626064  | 650489405  |    7 |            7 | 31907002 | 650500100  | OOPT-GAA319.07-OGM1
 3062125978 | 436626064  | 650489405  |    7 |            7 | 31907003 | 650500100  | OOPT-GAA319.07-OGM1
 3062125979 | 436626064  | 650489405  |    7 |            7 | 31907002 | 650500100  | OOPT-GAA319.07-OGM1
 3062125979 | 436626064  | 650489405  |    7 |            7 | 31907003 | 650500100  | OOPT-GAA319.07-OGM1
 3062125980 | 436626064  | 650489405  |    7 |            7 | 31907002 | 650500100  | OOPT-GAA319.07-OGM1
 3062125980 | 436626064  | 650489405  |    7 |            7 | 31907003 | 650500100  | OOPT-GAA319.07-OGM1
 3062125981 | 436626064  | 650489406  |    7 |            7 | 31907002 | 650500100  | OOPT-GAA319.07-OGM2
 3062125981 | 436626064  | 650489406  |    7 |            7 | 31907003 | 650500100  | OOPT-GAA319.07-OGM2
 3062125982 | 436626064  | 650489406  |    7 |            7 | 31907002 | 650500100  | OOPT-GAA319.07-OGM2
 3062125982 | 436626064  | 650489406  |    7 |            7 | 31907003 | 650500100  | OOPT-GAA319.07-OGM2
 3062125983 | 436626064  | 650489406  |    7 |            7 | 31907002 | 650500100  | OOPT-GAA319.07-OGM2
 3062125983 | 436626064  | 650489406  |    7 |            7 | 31907003 | 650500100  | OOPT-GAA319.07-OGM2
 3062127900 | 436685646  | 652336447  |   17 |           17 | 31909002 | 652347142  | OOPT-GAA319.09-OGM1
 3062127900 | 436685646  | 652336447  |   17 |           17 | 31909003 | 652347142  | OOPT-GAA319.09-OGM1
 3062127901 | 436685646  | 652336447  |   17 |           17 | 31909002 | 652347142  | OOPT-GAA319.09-OGM1
 3062127901 | 436685646  | 652336447  |   17 |           17 | 31909003 | 652347142  | OOPT-GAA319.09-OGM1
 3062127902 | 436685647  | 652336447  |   17 |           17 | 31909002 | 652347142  | OOPT-GAA319.09-OGM2
 3062127902 | 436685647  | 652336447  |   17 |           17 | 31909003 | 652347142  | OOPT-GAA319.09-OGM2
 3062127903 | 436685647  | 652336447  |   17 |           17 | 31909002 | 652347142  | OOPT-GAA319.09-OGM2
 3062127903 | 436685647  | 652336447  |   17 |           17 | 31909003 | 652347142  | OOPT-GAA319.09-OGM2
 3062150003 | 437370839  | 673577430  |   17 |           17 | 31911002 | 673588125  | OOPT-GAA319.11-OGM1
 3062150003 | 437370839  | 673577430  |   17 |           17 | 31911003 | 673588125  | OOPT-GAA319.11-OGM1
 3062150004 | 437370839  | 673577430  |   17 |           17 | 31911002 | 673588125  | OOPT-GAA319.11-OGM1
 3062150004 | 437370839  | 673577430  |   17 |           17 | 31911003 | 673588125  | OOPT-GAA319.11-OGM1
 3062150005 | 437370840  | 673577430  |   17 |           17 | 31911002 | 673588125  | OOPT-GAA319.11-OGM2
 3062150005 | 437370840  | 673577430  |   17 |           17 | 31911003 | 673588125  | OOPT-GAA319.11-OGM2
 3062150006 | 437370840  | 673577430  |   17 |           17 | 31911002 | 673588125  | OOPT-GAA319.11-OGM2
 3062150006 | 437370840  | 673577430  |   17 |           17 | 31911003 | 673588125  | OOPT-GAA319.11-OGM2
 3062152886 | 437460212  | 676347993  |   17 |           17 | 31914001 | 676358688  | OOPT-GAA319.14-OGM1
 3062152886 | 437460212  | 676347993  |   17 |           17 | 31914002 | 676358688  | OOPT-GAA319.14-OGM1
 3062152886 | 437460212  | 676347993  |   17 |           17 | 31914003 | 676358688  | OOPT-GAA319.14-OGM1
 3062152887 | 437460212  | 676347993  |   17 |           17 | 31914001 | 676358688  | OOPT-GAA319.14-OGM1
 3062152887 | 437460212  | 676347993  |   17 |           17 | 31914002 | 676358688  | OOPT-GAA319.14-OGM1
 3062152887 | 437460212  | 676347993  |   17 |           17 | 31914003 | 676358688  | OOPT-GAA319.14-OGM1
 3062152888 | 437460213  | 676347993  |   17 |           17 | 31914001 | 676358688  | OOPT-GAA319.14-OGM2
 3062152888 | 437460213  | 676347993  |   17 |           17 | 31914002 | 676358688  | OOPT-GAA319.14-OGM2
 3062152888 | 437460213  | 676347993  |   17 |           17 | 31914003 | 676358688  | OOPT-GAA319.14-OGM2
 3062152889 | 437460213  | 676347993  |   17 |           17 | 31914001 | 676358688  | OOPT-GAA319.14-OGM2
 3062152889 | 437460213  | 676347993  |   17 |           17 | 31914002 | 676358688  | OOPT-GAA319.14-OGM2
 3062152889 | 437460213  | 676347993  |   17 |           17 | 31914003 | 676358688  | OOPT-GAA319.14-OGM2
 3062153847 | 437490003  | 677271514  |   17 |           17 | 31915002 | 677282209  | OOPT-GAA319.15-OGM1
 3062153847 | 437490003  | 677271514  |   17 |           17 | 31915003 | 677282209  | OOPT-GAA319.15-OGM1
 3062153848 | 437490003  | 677271514  |   17 |           17 | 31915002 | 677282209  | OOPT-GAA319.15-OGM1
 3062153848 | 437490003  | 677271514  |   17 |           17 | 31915003 | 677282209  | OOPT-GAA319.15-OGM1
 3062153849 | 437490004  | 677271514  |   17 |           17 | 31915002 | 677282209  | OOPT-GAA319.15-OGM2
 3062153849 | 437490004  | 677271514  |   17 |           17 | 31915003 | 677282209  | OOPT-GAA319.15-OGM2
 3062153850 | 437490004  | 677271514  |   17 |           17 | 31915002 | 677282209  | OOPT-GAA319.15-OGM2
 3062153850 | 437490004  | 677271514  |   17 |           17 | 31915003 | 677282209  | OOPT-GAA319.15-OGM2
 2767205770 | 4179001502 | 700011053  |   94 |           94 | 10001002 | 700021748  | OOPT-DCR100.01-OGM1
 2767205771 | 4179001502 | 700011053  |   32 |           32 | 10001002 | 700021748  | OOPT-DCR100.01-OGM1
 2767205772 | 4179001502 | 700011053  |   69 |           69 | 10001002 | 700021748  | OOPT-DCR100.01-OGM1
 2767205773 | 4179001502 | 700011053  |   51 |           51 | 10001002 | 700021748  | OOPT-DCR100.01-OGM1
 2767205774 | 4179001502 | 700011053  |   22 |           22 | 10001002 | 700021748  | OOPT-DCR100.01-OGM1
 2767205775 | 4179001502 | 700011053  |   32 |           32 | 10001002 | 700021748  | OOPT-DCR100.01-OGM1
 2767206731 | 4179031293 | 700934574  |  130 |          130 | 10002002 | 700945269  | OOPT-DCR100.02-OGM1
 2767206732 | 4179031293 | 700934574  |   59 |           59 | 10002002 | 700945269  | OOPT-DCR100.02-OGM1
 2767206733 | 4179031293 | 700934574  |   78 |           78 | 10002002 | 700945269  | OOPT-DCR100.02-OGM1
 2767206734 | 4179031293 | 700934574  |   75 |           75 | 10002002 | 700945269  | OOPT-DCR100.02-OGM1
 2767206735 | 4179031293 | 700934574  |   34 |           34 | 10002002 | 700945269  | OOPT-DCR100.02-OGM1
 2767206736 | 4179031293 | 700934574  |   38 |           38 | 10002002 | 700945269  | OOPT-DCR100.02-OGM1
 2767207692 | 4179061084 | 701858095  |  104 |          104 | 10003002 | 701868790  | OOPT-DCR100.03-OGM1
 2767207693 | 4179061084 | 701858095  |   42 |           42 | 10003002 | 701868790  | OOPT-DCR100.03-OGM1
 2767207694 | 4179061084 | 701858095  |  100 |           79 | 10003002 | 701868790  | OOPT-DCR100.03-OGM1
 2767207695 | 4179061084 | 701858095  |  100 |           61 | 10003002 | 701868790  | OOPT-DCR100.03-OGM1
 2767207696 | 4179061084 | 701858095  |   32 |           32 | 10003002 | 701868790  | OOPT-DCR100.03-OGM1
 2767207697 | 4179061084 | 701858095  |   42 |           42 | 10003002 | 701868790  | OOPT-DCR100.03-OGM1
 2767208653 | 4179090875 | 702781616  |   56 |           56 | 10004002 | 702792311  | OOPT-DCR100.04-OGM1
 2767208654 | 4179090875 | 702781616  |   51 |           51 | 10004002 | 702792311  | OOPT-DCR100.04-OGM1
 2767208655 | 4179090875 | 702781616  |   52 |           52 | 10004002 | 702792311  | OOPT-DCR100.04-OGM1
 2767208656 | 4179090875 | 702781616  |   54 |           54 | 10004002 | 702792311  | OOPT-DCR100.04-OGM1
 2767208657 | 4179090875 | 702781616  |   51 |           51 | 10004002 | 702792311  | OOPT-DCR100.04-OGM1
 2767208658 | 4179090875 | 702781616  |   49 |           49 | 10004002 | 702792311  | OOPT-DCR100.04-OGM1
 2767209614 | 4179120666 | 703705137  |  204 |          204 | 10005002 | 703715832  | OOPT-DCR100.05-OGM1
 2767209615 | 4179120666 | 703705137  |  127 |          127 | 10005002 | 703715832  | OOPT-DCR100.05-OGM1
 2767209616 | 4179120666 | 703705137  |  134 |          134 | 10005002 | 703715832  | OOPT-DCR100.05-OGM1
 2767209617 | 4179120666 | 703705137  |  141 |          141 | 10005002 | 703715832  | OOPT-DCR100.05-OGM1
 2767209618 | 4179120666 | 703705137  |   92 |           92 | 10005002 | 703715832  | OOPT-DCR100.05-OGM1
 2767209619 | 4179120666 | 703705137  |   92 |           92 | 10005002 | 703715832  | OOPT-DCR100.05-OGM1
 2767210575 | 4179150457 | 704628658  |  130 |          130 | 10006002 | 704639353  | OOPT-DCR100.06-OGM1
 2767210576 | 4179150457 | 704628658  |   59 |           59 | 10006002 | 704639353  | OOPT-DCR100.06-OGM1
 2767210577 | 4179150457 | 704628658  |   78 |           78 | 10006002 | 704639353  | OOPT-DCR100.06-OGM1
 2767210578 | 4179150457 | 704628658  |   75 |           75 | 10006002 | 704639353  | OOPT-DCR100.06-OGM1
 2767210579 | 4179150457 | 704628658  |   34 |           34 | 10006002 | 704639353  | OOPT-DCR100.06-OGM1
 2767210580 | 4179150457 | 704628658  |   38 |           38 | 10006002 | 704639353  | OOPT-DCR100.06-OGM1
 2767211536 | 4179180248 | 705552179  |  180 |          180 | 10007002 | 705562874  | OOPT-DCR100.07-OGM1
 2767211537 | 4179180248 | 705552179  |  109 |          109 | 10007002 | 705562874  | OOPT-DCR100.07-OGM1
 2767211538 | 4179180248 | 705552179  |  128 |          128 | 10007002 | 705562874  | OOPT-DCR100.07-OGM1
 2767211539 | 4179180248 | 705552179  |  125 |          125 | 10007002 | 705562874  | OOPT-DCR100.07-OGM1
 2767211540 | 4179180248 | 705552179  |   84 |           84 | 10007002 | 705562874  | OOPT-DCR100.07-OGM1
 2767211541 | 4179180248 | 705552179  |   88 |           88 | 10007002 | 705562874  | OOPT-DCR100.07-OGM1
 2767212497 | 4179210039 | 706475700  |   66 |           66 | 10008002 | 706486395  | OOPT-DCR100.08-OGM1
 2767212498 | 4179210039 | 706475700  |   51 |           51 | 10008002 | 706486395  | OOPT-DCR100.08-OGM1
 2767212499 | 4179210039 | 706475700  |   52 |           52 | 10008002 | 706486395  | OOPT-DCR100.08-OGM1
 2767212500 | 4179210039 | 706475700  |   54 |           54 | 10008002 | 706486395  | OOPT-DCR100.08-OGM1
 2767212501 | 4179210039 | 706475700  |   51 |           51 | 10008002 | 706486395  | OOPT-DCR100.08-OGM1
 2767212502 | 4179210039 | 706475700  |   49 |           49 | 10008002 | 706486395  | OOPT-DCR100.08-OGM1
 2767213458 | 4179239830 | 707399221  |   40 |           40 | 10009001 | 707409916  | OOPT-DCR100.09-OGM1
 2767213459 | 4179239830 | 707399221  |    8 |            8 | 10009001 | 707409916  | OOPT-DCR100.09-OGM1
 2767213460 | 4179239830 | 707399221  |   36 |           36 | 10009001 | 707409916  | OOPT-DCR100.09-OGM1
 2767213461 | 4179239830 | 707399221  |   20 |           20 | 10009001 | 707409916  | OOPT-DCR100.09-OGM1
 2767213462 | 4179239830 | 707399221  |    8 |            8 | 10009001 | 707409916  | OOPT-DCR100.09-OGM1
 2767213463 | 4179239830 | 707399221  |   16 |           16 | 10009001 | 707409916  | OOPT-DCR100.09-OGM1
 2767234600 | 4179895232 | 727716683  |   52 |           52 | 10010002 | 727727378  | OOPT-DCR100.10-OGM1
 2767234601 | 4179895232 | 727716683  |   21 |           21 | 10010002 | 727727378  | OOPT-DCR100.10-OGM1
 2767234602 | 4179895232 | 727716683  | 39.5 |         39.5 | 10010002 | 727727378  | OOPT-DCR100.10-OGM1
 2767234603 | 4179895232 | 727716683  |   61 |           61 | 10010002 | 727727378  | OOPT-DCR100.10-OGM1
 2767234604 | 4179895232 | 727716683  |   32 |           32 | 10010002 | 727727378  | OOPT-DCR100.10-OGM1
 2767234605 | 4179895232 | 727716683  |   42 |           42 | 10010002 | 727727378  | OOPT-DCR100.10-OGM1
 2767235561 | 4179925023 | 728640204  |  108 |           94 | 10011002 | 728650899  | OOPT-DCR100.11-OGM1
 2767235562 | 4179925023 | 728640204  |   35 |           32 | 10011002 | 728650899  | OOPT-DCR100.11-OGM1
 2767235563 | 4179925023 | 728640204  |   72 |           69 | 10011002 | 728650899  | OOPT-DCR100.11-OGM1
 2767235564 | 4179925023 | 728640204  |   55 |           51 | 10011002 | 728650899  | OOPT-DCR100.11-OGM1
 2767235565 | 4179925023 | 728640204  |   30 |           22 | 10011002 | 728650899  | OOPT-DCR100.11-OGM1
 2767235566 | 4179925023 | 728640204  |   32 |           32 | 10011002 | 728650899  | OOPT-DCR100.11-OGM1
 2767236522 | 4179954814 | 729563725  |   92 |           92 | 10012002 | 729574420  | OOPT-DCR100.12-OGM1
 2767236523 | 4179954814 | 729563725  |   30 |           30 | 10012002 | 729574420  | OOPT-DCR100.12-OGM1
 2767236524 | 4179954814 | 729563725  |   67 |           67 | 10012002 | 729574420  | OOPT-DCR100.12-OGM1
 2767236525 | 4179954814 | 729563725  |   49 |           49 | 10012002 | 729574420  | OOPT-DCR100.12-OGM1
 2767236526 | 4179954814 | 729563725  |   20 |           20 | 10012002 | 729574420  | OOPT-DCR100.12-OGM1
 2767236527 | 4179954814 | 729563725  |   30 |           30 | 10012002 | 729574420  | OOPT-DCR100.12-OGM1
 2767237483 | 4179984605 | 730487246  |  140 |          140 | 10013002 | 730497941  | OOPT-DCR100.13-OGM1
 2767237483 | 4179984605 | 730487246  |  140 |          140 | 10013003 | 730497941  | OOPT-DCR100.13-OGM1
 2767237484 | 4179984605 | 730487246  |   66 |           66 | 10013002 | 730497941  | OOPT-DCR100.13-OGM1
 2767237484 | 4179984605 | 730487246  |   66 |           66 | 10013003 | 730497941  | OOPT-DCR100.13-OGM1
 2767237485 | 4179984605 | 730487246  |   79 |           79 | 10013002 | 730497941  | OOPT-DCR100.13-OGM1
 2767237485 | 4179984605 | 730487246  |   79 |           79 | 10013003 | 730497941  | OOPT-DCR100.13-OGM1
 2767237486 | 4179984605 | 730487246  |   81 |           81 | 10013002 | 730497941  | OOPT-DCR100.13-OGM1
 2767237486 | 4179984605 | 730487246  |   81 |           81 | 10013003 | 730497941  | OOPT-DCR100.13-OGM1
 2767237487 | 4179984605 | 730487246  |   36 |           36 | 10013002 | 730497941  | OOPT-DCR100.13-OGM1
 2767237487 | 4179984605 | 730487246  |   36 |           36 | 10013003 | 730497941  | OOPT-DCR100.13-OGM1
 2767237488 | 4179984605 | 730487246  |   38 |           38 | 10013002 | 730497941  | OOPT-DCR100.13-OGM1
 2767237488 | 4179984605 | 730487246  |   38 |           38 | 10013003 | 730497941  | OOPT-DCR100.13-OGM1
 2767238444 | 4180014396 | 731410767  |  128 |          128 | 10014002 | 731421462  | OOPT-DCR100.14-OGM1
 2767238444 | 4180014396 | 731410767  |  128 |          128 | 10014003 | 731421462  | OOPT-DCR100.14-OGM1
 2767238445 | 4180014396 | 731410767  |   57 |           57 | 10014002 | 731421462  | OOPT-DCR100.14-OGM1
 2767238445 | 4180014396 | 731410767  |   57 |           57 | 10014003 | 731421462  | OOPT-DCR100.14-OGM1
 2767238446 | 4180014396 | 731410767  |   76 |           76 | 10014002 | 731421462  | OOPT-DCR100.14-OGM1
 2767238446 | 4180014396 | 731410767  |   76 |           76 | 10014003 | 731421462  | OOPT-DCR100.14-OGM1
 2767238447 | 4180014396 | 731410767  |   73 |           73 | 10014002 | 731421462  | OOPT-DCR100.14-OGM1
 2767238447 | 4180014396 | 731410767  |   73 |           73 | 10014003 | 731421462  | OOPT-DCR100.14-OGM1
 2767238448 | 4180014396 | 731410767  |   32 |           32 | 10014002 | 731421462  | OOPT-DCR100.14-OGM1
 2767238448 | 4180014396 | 731410767  |   32 |           32 | 10014003 | 731421462  | OOPT-DCR100.14-OGM1
 2767238449 | 4180014396 | 731410767  |   36 |           36 | 10014002 | 731421462  | OOPT-DCR100.14-OGM1
 2767238449 | 4180014396 | 731410767  |   36 |           36 | 10014003 | 731421462  | OOPT-DCR100.14-OGM1
 2767239405 | 4180044187 | 732334288  |  102 |          102 | 10015002 | 732344983  | OOPT-DCR100.15-OGM1
 2767239406 | 4180044187 | 732334288  |   40 |           40 | 10015002 | 732344983  | OOPT-DCR100.15-OGM1
 2767239407 | 4180044187 | 732334288  |   77 |           77 | 10015002 | 732344983  | OOPT-DCR100.15-OGM1
 2767239408 | 4180044187 | 732334288  |   59 |           59 | 10015002 | 732344983  | OOPT-DCR100.15-OGM1
 2767239409 | 4180044187 | 732334288  |   30 |           30 | 10015002 | 732344983  | OOPT-DCR100.15-OGM1
 2767239410 | 4180044187 | 732334288  |   40 |           40 | 10015002 | 732344983  | OOPT-DCR100.15-OGM1
 2767240366 | 4180073978 | 733257809  |  102 |          102 | 10016002 | 733268504  | OOPT-DCR100.16-OGM1
 2767240367 | 4180073978 | 733257809  |   40 |           40 | 10016002 | 733268504  | OOPT-DCR100.16-OGM1
 2767240368 | 4180073978 | 733257809  |   77 |           77 | 10016002 | 733268504  | OOPT-DCR100.16-OGM1
 2767240369 | 4180073978 | 733257809  |   59 |           59 | 10016002 | 733268504  | OOPT-DCR100.16-OGM1
 2767240370 | 4180073978 | 733257809  |   30 |           30 | 10016002 | 733268504  | OOPT-DCR100.16-OGM1
 2767240371 | 4180073978 | 733257809  |   40 |           40 | 10016002 | 733268504  | OOPT-DCR100.16-OGM1
 2767241327 | 4180103769 | 734181330  |   28 |           28 | 10017002 | 734192025  | OOPT-DCR100.17-OGM1
 2767241328 | 4180103769 | 734181330  |    4 |            4 | 10017002 | 734192025  | OOPT-DCR100.17-OGM1
 2767241329 | 4180103769 | 734181330  |   25 |           25 | 10017002 | 734192025  | OOPT-DCR100.17-OGM1
 2767241330 | 4180103769 | 734181330  |   13 |           13 | 10017002 | 734192025  | OOPT-DCR100.17-OGM1
 2767241331 | 4180103769 | 734181330  |    4 |            4 | 10017002 | 734192025  | OOPT-DCR100.17-OGM1
 2767241332 | 4180103769 | 734181330  |   10 |           10 | 10017002 | 734192025  | OOPT-DCR100.17-OGM1
 2767242288 | 4180133560 | 735104851  |  120 |          120 | 10018002 | 735115546  | OOPT-DCR100.18-OGM1
 2767242289 | 4180133560 | 735104851  |   54 |         53.5 | 10018002 | 735115546  | OOPT-DCR100.18-OGM1
 2767242290 | 4180133560 | 735104851  |   82 |         81.5 | 10018002 | 735115546  | OOPT-DCR100.18-OGM1
 2767242291 | 4180133560 | 735104851  |   71 |           71 | 10018002 | 735115546  | OOPT-DCR100.18-OGM1
 2767242292 | 4180133560 | 735104851  |   36 |           36 | 10018002 | 735115546  | OOPT-DCR100.18-OGM1
 2767242293 | 4180133560 | 735104851  |   43 |           43 | 10018002 | 735115546  | OOPT-DCR100.18-OGM1
 2767243249 | 4180163351 | 736028372  |  126 |          126 | 10019002 | 736039067  | OOPT-DCR100.19-OGM1
 2767243250 | 4180163351 | 736028372  |   58 |           58 | 10019002 | 736039067  | OOPT-DCR100.19-OGM1
 2767243251 | 4180163351 | 736028372  |   83 |           83 | 10019002 | 736039067  | OOPT-DCR100.19-OGM1
 2767243252 | 4180163351 | 736028372  |   75 |           75 | 10019002 | 736039067  | OOPT-DCR100.19-OGM1
 2767243253 | 4180163351 | 736028372  |   38 |           38 | 10019002 | 736039067  | OOPT-DCR100.19-OGM1
 2767243254 | 4180163351 | 736028372  |   44 |           44 | 10019002 | 736039067  | OOPT-DCR100.19-OGM1
 2767264391 | 4180818753 | 756345834  |   18 |           18 | 10020002 | 756356529  | OOPT-DCR100.20-OGM1
 2767264392 | 4180818753 | 756345834  |   18 |           18 | 10020002 | 756356529  | OOPT-DCR100.20-OGM1
 2767264393 | 4180818753 | 756345834  |   18 |           18 | 10020002 | 756356529  | OOPT-DCR100.20-OGM1
 2767264394 | 4180818753 | 756345834  |    8 |            8 | 10020002 | 756356529  | OOPT-DCR100.20-OGM2
 2767264395 | 4180818753 | 756345834  |    8 |            8 | 10020002 | 756356529  | OOPT-DCR100.20-OGM2
 2767264396 | 4180818753 | 756345834  |    8 |            8 | 10020002 | 756356529  | OOPT-DCR100.20-OGM2
 2767265352 | 4180848544 | 757269355  |  126 |          126 | 10021002 | 757280050  | OOPT-DCR100.21-OGM1
 2767265353 | 4180848544 | 757269355  |   58 |           58 | 10021002 | 757280050  | OOPT-DCR100.21-OGM1
 2767265354 | 4180848544 | 757269355  |   83 |           83 | 10021002 | 757280050  | OOPT-DCR100.21-OGM1
 2767265355 | 4180848544 | 757269355  |   75 |           75 | 10021002 | 757280050  | OOPT-DCR100.21-OGM1
 2767265356 | 4180848544 | 757269355  |   38 |           38 | 10021002 | 757280050  | OOPT-DCR100.21-OGM1
 2767265357 | 4180848544 | 757269355  |   44 |           44 | 10021002 | 757280050  | OOPT-DCR100.21-OGM1
 2767266313 | 4180878335 | 758192876  |  104 |          104 | 10022002 | 758203571  | OOPT-DCR100.22-OGM1
 2767266314 | 4180878335 | 758192876  |  128 |          128 | 10022002 | 758203571  | OOPT-DCR100.22-OGM2
 2767267274 | 4180908126 | 759116397  |   52 |           52 | 10023002 | 759127092  | OOPT-DCR100.23-OGM1
 2767267275 | 4180908126 | 759116397  |   52 |           52 | 10023002 | 759127092  | OOPT-DCR100.23-OGM1
 2767267276 | 4180908126 | 759116397  |   64 |           64 | 10023002 | 759127092  | OOPT-DCR100.23-OGM2
 2767267277 | 4180908126 | 759116397  |   64 |           64 | 10023002 | 759127092  | OOPT-DCR100.23-OGM2
 2767268235 | 4180937917 | 760039918  |  116 |          116 | 10024002 | 760050613  | OOPT-DCR100.24-OGM1
 2767268236 | 4180937917 | 760039918  |  138 |          138 | 10024002 | 760050613  | OOPT-DCR100.24-OGM2
 2767269196 | 4180967708 | 760963439  |   58 |           58 | 10025002 | 760974134  | OOPT-DCR100.25-OGM1
 2767269197 | 4180967708 | 760963439  |   58 |           58 | 10025002 | 760974134  | OOPT-DCR100.25-OGM1
 2767269198 | 4180967708 | 760963439  |   69 |           69 | 10025002 | 760974134  | OOPT-DCR100.25-OGM2
 2767269199 | 4180967708 | 760963439  |   69 |           69 | 10025002 | 760974134  | OOPT-DCR100.25-OGM2
 2767270157 | 4180997499 | 761886960  |  262 |          262 | 10026002 | 761897655  | OOPT-DCR100.26-OGM1
 2767270158 | 4180997499 | 761886960  |  248 |          248 | 10026002 | 761897655  | OOPT-DCR100.26-OGM2
 2767271118 | 4181027290 | 762810481  |  131 |          131 | 10027002 | 762821176  | OOPT-DCR100.27-OGM1
 2767271119 | 4181027290 | 762810481  |  131 |          131 | 10027002 | 762821176  | OOPT-DCR100.27-OGM1
 2767271120 | 4181027290 | 762810481  |  124 |          124 | 10027002 | 762821176  | OOPT-DCR100.27-OGM2
 2767271121 | 4181027290 | 762810481  |  124 |          124 | 10027002 | 762821176  | OOPT-DCR100.27-OGM2
 2767272079 | 4181057081 | 763734002  |  272 |          272 | 10028002 | 763744697  | OOPT-DCR100.28-OGM1
 2767272080 | 4181057081 | 763734002  |  262 |          262 | 10028002 | 763744697  | OOPT-DCR100.28-OGM2
 2767273040 | 4181086872 | 764657523  |  136 |          136 | 10029002 | 764668218  | OOPT-DCR100.29-OGM1
 2767273041 | 4181086872 | 764657523  |  136 |          136 | 10029002 | 764668218  | OOPT-DCR100.29-OGM1
 2767273042 | 4181086872 | 764657523  |  131 |          131 | 10029002 | 764668218  | OOPT-DCR100.29-OGM2
 2767273043 | 4181086872 | 764657523  |  131 |          131 | 10029002 | 764668218  | OOPT-DCR100.29-OGM2
 2767294182 | 4181742274 | 784974985  |  248 |          248 | 10030002 | 784985680  | OOPT-DCR100.30-OGM1
 2767294183 | 4181742274 | 784974985  |  238 |          238 | 10030002 | 784985680  | OOPT-DCR100.30-OGM2
 2767295143 | 4181772065 | 785898506  |  124 |          124 | 10031002 | 785909201  | OOPT-DCR100.31-OGM1
 2767295144 | 4181772065 | 785898506  |  124 |          124 | 10031002 | 785909201  | OOPT-DCR100.31-OGM1
 2767295145 | 4181772065 | 785898506  |  119 |          119 | 10031002 | 785909201  | OOPT-DCR100.31-OGM2
 2767295146 | 4181772065 | 785898506  |  119 |          119 | 10031002 | 785909201  | OOPT-DCR100.31-OGM2
 2767296104 | 4181801856 | 786822027  |  272 |          272 | 10032002 | 786832722  | OOPT-DCR100.32-OGM1
 2767296105 | 4181801856 | 786822027  |  262 |          262 | 10032002 | 786832722  | OOPT-DCR100.32-OGM2
 2767297065 | 4181831647 | 787745548  |  136 |          136 | 10033002 | 787756243  | OOPT-DCR100.33-OGM1
 2767297066 | 4181831647 | 787745548  |  136 |          136 | 10033002 | 787756243  | OOPT-DCR100.33-OGM1
 2767297067 | 4181831647 | 787745548  |  131 |          131 | 10033002 | 787756243  | OOPT-DCR100.33-OGM2
 2767297068 | 4181831647 | 787745548  |  131 |          131 | 10033002 | 787756243  | OOPT-DCR100.33-OGM2
 2767298026 | 4181861438 | 788669069  |  206 |          206 | 10034002 | 788679764  | OOPT-DCR100.34-OGM1
 2767298027 | 4181861438 | 788669069  |  208 |          208 | 10034002 | 788679764  | OOPT-DCR100.34-OGM2
 2767298987 | 4181891229 | 789592590  |  103 |          103 | 10035002 | 789603285  | OOPT-DCR100.35-OGM1
 2767298988 | 4181891229 | 789592590  |  103 |          103 | 10035002 | 789603285  | OOPT-DCR100.35-OGM1
 2767298989 | 4181891229 | 789592590  |  104 |          104 | 10035002 | 789603285  | OOPT-DCR100.35-OGM2
 2767298990 | 4181891229 | 789592590  |  104 |          104 | 10035002 | 789603285  | OOPT-DCR100.35-OGM2
 2767299948 | 4181921020 | 790516111  |  152 |          152 | 10036002 | 790526806  | OOPT-DCR100.36-OGM1
 2767299949 | 4181921020 | 790516111  |  168 |          168 | 10036002 | 790526806  | OOPT-DCR100.36-OGM2
 2767300909 | 4181950811 | 791439632  |   76 |           76 | 10037002 | 791450327  | OOPT-DCR100.37-OGM1
 2767300910 | 4181950811 | 791439632  |   76 |           76 | 10037002 | 791450327  | OOPT-DCR100.37-OGM1
 2767300911 | 4181950811 | 791439632  |   84 |           84 | 10037002 | 791450327  | OOPT-DCR100.37-OGM2
 2767300912 | 4181950811 | 791439632  |   84 |           84 | 10037002 | 791450327  | OOPT-DCR100.37-OGM2
(490 rows)

